#
# There is insufficient memory for the Java Runtime Environment to continue.
# Native memory allocation (malloc) failed to allocate 1361456 bytes for Chunk::new
# Possible reasons:
#   The system is out of physical RAM or swap space
#   The process is running with CompressedOops enabled, and the Java Heap may be blocking the growth of the native heap
# Possible solutions:
#   Reduce memory load on the system
#   Increase physical memory or swap space
#   Check if swap backing store is full
#   Decrease Java heap size (-Xmx/-Xms)
#   Decrease number of Java threads
#   Decrease Java thread stack sizes (-Xss)
#   Set larger code cache with -XX:ReservedCodeCacheSize=
#   JVM is running with Unscaled Compressed Oops mode in which the Java heap is
#     placed in the first 4GB address space. The Java Heap base address is the
#     maximum limit for the native heap growth. Please use -XX:HeapBaseMinAddress
#     to set the Java Heap base and to place the Java Heap above 4GB virtual address.
# This output file may be truncated or incomplete.
#
#  Out of Memory Error (allocation.cpp:389), pid=2468, tid=0x00000000000014a4
#
# JRE version: OpenJDK Runtime Environment (8.0_212-b04) (build 1.8.0_212-release-1586-b04)
# Java VM: OpenJDK 64-Bit Server VM (25.212-b04 mixed mode windows-amd64 compressed oops)
# Failed to write core dump. Minidumps are not enabled by default on client versions of Windows
#

---------------  T H R E A D  ---------------

Current thread (0x0000000018f37000):  JavaThread "C2 CompilerThread1" daemon [_thread_in_native, id=5284, stack(0x0000000019940000,0x0000000019a40000)]

Stack: [0x0000000019940000,0x0000000019a40000]
[error occurred during error reporting (printing stack bounds), id 0xc0000005]

Native frames: (J=compiled Java code, j=interpreted, Vv=VM code, C=native code)


Current CompileTask:
C2: 158799 11022       4       org.gradle.internal.graph.CachingDirectedGraphWalker::doSearch (659 bytes)


---------------  P R O C E S S  ---------------

Java Threads: ( => current thread )
  0x0000000022c6a800 JavaThread "Cache worker for execution history cache (C:\Users\affe5\OneDrive\Desktop\Schule\Syp\Breaknotifier\.gradle\5.6.1\executionHistory)" [_thread_blocked, id=4580, stack(0x0000000027580000,0x0000000027680000)]
  0x0000000022c67800 JavaThread "Execution worker for ':' Thread 7" [_thread_in_Java, id=10660, stack(0x0000000027480000,0x0000000027580000)]
  0x0000000022c6a000 JavaThread "Execution worker for ':' Thread 6" [_thread_blocked, id=12208, stack(0x0000000027380000,0x0000000027480000)]
  0x0000000022c60000 JavaThread "Execution worker for ':' Thread 5" [_thread_blocked, id=9840, stack(0x0000000026e80000,0x0000000026f80000)]
  0x0000000022c63000 JavaThread "Execution worker for ':' Thread 4" [_thread_blocked, id=2556, stack(0x0000000026b80000,0x0000000026c80000)]
  0x0000000022c61800 JavaThread "Execution worker for ':' Thread 3" [_thread_blocked, id=12144, stack(0x0000000026a80000,0x0000000026b80000)]
  0x0000000022c61000 JavaThread "Execution worker for ':' Thread 2" [_thread_blocked, id=2060, stack(0x0000000026980000,0x0000000026a80000)]
  0x0000000022c62800 JavaThread "Execution worker for ':'" [_thread_blocked, id=4044, stack(0x0000000026080000,0x0000000026180000)]
  0x0000000022c67000 JavaThread "Cache worker for file content cache (C:\Users\affe5\OneDrive\Desktop\Schule\Syp\Breaknotifier\.gradle\5.6.1\fileContent)" [_thread_blocked, id=12392, stack(0x0000000024d80000,0x0000000024e80000)]
  0x0000000022c5f800 JavaThread "Cache worker for Build Output Cleanup Cache (C:\Users\affe5\OneDrive\Desktop\Schule\Syp\Breaknotifier\.gradle\buildOutputCleanup)" [_thread_blocked, id=4932, stack(0x0000000024c80000,0x0000000024d80000)]
  0x000000001c1c0800 JavaThread "Build operations Thread 8" [_thread_blocked, id=6544, stack(0x0000000023b30000,0x0000000023c30000)]
  0x000000001c1bf800 JavaThread "Build operations Thread 7" [_thread_blocked, id=13736, stack(0x0000000023a30000,0x0000000023b30000)]
  0x000000001c1bf000 JavaThread "Build operations Thread 6" [_thread_blocked, id=12132, stack(0x0000000023930000,0x0000000023a30000)]
  0x000000001c1bb000 JavaThread "Build operations Thread 5" [_thread_blocked, id=6828, stack(0x0000000023830000,0x0000000023930000)]
  0x000000001c1be000 JavaThread "Build operations Thread 4" [_thread_blocked, id=6400, stack(0x0000000023730000,0x0000000023830000)]
  0x000000001c1b8000 JavaThread "Build operations Thread 3" [_thread_blocked, id=7692, stack(0x00000000233c0000,0x00000000234c0000)]
  0x000000001c1bc000 JavaThread "Build operations Thread 2" [_thread_blocked, id=10244, stack(0x00000000232c0000,0x00000000233c0000)]
  0x000000001c1bd800 JavaThread "Build operations" [_thread_blocked, id=11432, stack(0x0000000022fc0000,0x00000000230c0000)]
  0x000000001c1bc800 JavaThread "Cache worker for cache directory md-rule (C:\Users\affe5\.gradle\caches\5.6.1\md-rule)" [_thread_blocked, id=2344, stack(0x0000000020730000,0x0000000020830000)]
  0x000000001c1b2000 JavaThread "Cache worker for cache directory md-supplier (C:\Users\affe5\.gradle\caches\5.6.1\md-supplier)" [_thread_blocked, id=4616, stack(0x0000000020030000,0x0000000020130000)]
  0x000000001c1b6000 JavaThread "Cache worker for file hash cache (C:\Users\affe5\OneDrive\Desktop\Schule\Syp\Breaknotifier\.gradle\5.6.1\fileHashes)" [_thread_blocked, id=8720, stack(0x000000001d590000,0x000000001d690000)]
  0x000000001c1b9000 JavaThread "Thread-67" [_thread_blocked, id=6120, stack(0x000000001d490000,0x000000001d590000)]
  0x000000001c1b7800 JavaThread "Stdin handler" [_thread_blocked, id=13052, stack(0x000000001d390000,0x000000001d490000)]
  0x000000001c1b5000 JavaThread "Asynchronous log dispatcher for DefaultDaemonConnection: socket connection from /127.0.0.1:57756 to /127.0.0.1:57811" [_thread_blocked, id=7956, stack(0x000000001d090000,0x000000001d190000)]
  0x000000001c1b3800 JavaThread "Cancel handler" [_thread_blocked, id=14272, stack(0x0000000001760000,0x0000000001860000)]
  0x000000001c1b4800 JavaThread "Handler for socket connection from /127.0.0.1:57756 to /127.0.0.1:57811" [_thread_in_native, id=2960, stack(0x0000000001660000,0x0000000001760000)]
  0x0000000022c64800 JavaThread "Daemon worker Thread 2" [_thread_blocked, id=1868, stack(0x000000001cf90000,0x000000001d090000)]
  0x0000000022c66000 JavaThread "Daemon Thread 2" [_thread_blocked, id=14276, stack(0x0000000001560000,0x0000000001660000)]
  0x000000001c1c1000 JavaThread "Cache worker for file content cache (C:\Users\affe5\.gradle\caches\5.6.1\fileContent)" [_thread_blocked, id=9768, stack(0x0000000025f80000,0x0000000026080000)]
  0x000000001c1b3000 JavaThread "Memory manager" [_thread_blocked, id=5296, stack(0x0000000025e80000,0x0000000025f80000)]
  0x000000001b3ec000 JavaThread "Cache worker for execution history cache (C:\Users\affe5\.gradle\caches\5.6.1\executionHistory)" [_thread_blocked, id=5260, stack(0x0000000021a50000,0x0000000021b50000)]
  0x000000001b3ea800 JavaThread "Cache worker for journal cache (C:\Users\affe5\.gradle\caches\journal-1)" [_thread_blocked, id=12644, stack(0x000000001dd90000,0x000000001de90000)]
  0x000000001b536800 JavaThread "File lock request listener" [_thread_in_native, id=9812, stack(0x000000001dc90000,0x000000001dd90000)]
  0x000000001a89f800 JavaThread "Cache worker for file hash cache (C:\Users\affe5\.gradle\caches\5.6.1\fileHashes)" [_thread_blocked, id=7980, stack(0x000000001db90000,0x000000001dc90000)]
  0x000000001a70d800 JavaThread "Daemon periodic checks" [_thread_blocked, id=5932, stack(0x000000001ce90000,0x000000001cf90000)]
  0x000000001904a800 JavaThread "Incoming local TCP Connector on port 57756" [_thread_in_native, id=568, stack(0x000000001cc20000,0x000000001cd20000)]
  0x00000000191e6000 JavaThread "Daemon health stats" [_thread_blocked, id=13896, stack(0x000000001c5e0000,0x000000001c6e0000)]
  0x0000000018fd1000 JavaThread "Service Thread" daemon [_thread_blocked, id=9312, stack(0x0000000019c40000,0x0000000019d40000)]
  0x0000000018f49000 JavaThread "C1 CompilerThread3" daemon [_thread_blocked, id=8204, stack(0x0000000019b40000,0x0000000019c40000)]
  0x0000000018f3d800 JavaThread "C2 CompilerThread2" daemon [_thread_in_native, id=6736, stack(0x0000000019a40000,0x0000000019b40000)]
=>0x0000000018f37000 JavaThread "C2 CompilerThread1" daemon [_thread_in_native, id=5284, stack(0x0000000019940000,0x0000000019a40000)]
  0x0000000018f35000 JavaThread "C2 CompilerThread0" daemon [_thread_in_native, id=1372, stack(0x0000000019840000,0x0000000019940000)]
  0x0000000018f45800 JavaThread "Attach Listener" daemon [_thread_blocked, id=4116, stack(0x0000000019740000,0x0000000019840000)]
  0x0000000018f44000 JavaThread "Signal Dispatcher" daemon [_thread_blocked, id=8972, stack(0x0000000019640000,0x0000000019740000)]
  0x0000000018f31000 JavaThread "Finalizer" daemon [_thread_blocked, id=10456, stack(0x0000000019410000,0x0000000019510000)]
  0x0000000018f30800 JavaThread "Reference Handler" daemon [_thread_blocked, id=6620, stack(0x0000000019310000,0x0000000019410000)]
  0x000000000326e000 JavaThread "main" [_thread_blocked, id=12416, stack(0x0000000003160000,0x0000000003260000)]

Other Threads:
  0x0000000017128000 VMThread [stack: 0x0000000018e10000,0x0000000018f10000] [id=8732]
  0x0000000018fd2000 WatcherThread [stack: 0x0000000019d40000,0x0000000019e40000] [id=13480]

VM state:not at safepoint (normal execution)

VM Mutex/Monitor currently owned by a thread: None

heap address: 0x00000000a0000000, size: 1536 MB, Compressed Oops mode: 32-bit
Narrow klass base: 0x0000000000000000, Narrow klass shift: 3
Compressed class space size: 1073741824 Address: 0x0000000100000000

Heap:
 PSYoungGen      total 209408K, used 78898K [0x00000000e0000000, 0x00000000f0000000, 0x0000000100000000)
  eden space 185344K, 34% used [0x00000000e0000000,0x00000000e3e9b120,0x00000000eb500000)
  from space 24064K, 61% used [0x00000000eb500000,0x00000000ec371ad8,0x00000000ecc80000)
  to   space 24064K, 0% used [0x00000000ee880000,0x00000000ee880000,0x00000000f0000000)
 ParOldGen       total 138752K, used 46315K [0x00000000a0000000, 0x00000000a8780000, 0x00000000e0000000)
  object space 138752K, 33% used [0x00000000a0000000,0x00000000a2d3ad80,0x00000000a8780000)
 Metaspace       used 72272K, capacity 75514K, committed 75648K, reserved 1114112K
  class space    used 9648K, capacity 10262K, committed 10368K, reserved 1048576K

Card table byte_map: [0x0000000012730000,0x0000000012a40000] byte_map_base: 0x0000000012230000

Marking Bits: (ParMarkBitMap*) 0x0000000056fb9f30
 Begin Bits: [0x0000000013440000, 0x0000000014c40000)
 End Bits:   [0x0000000014c40000, 0x0000000016440000)

Polling page: 0x0000000001430000

CodeCache: size=245760Kb used=29397Kb max_used=29729Kb free=216362Kb
 bounds [0x0000000003370000, 0x00000000050c0000, 0x0000000012370000]
 total_blobs=10399 nmethods=9589 adapters=722
 compilation: enabled

Compilation events (10 events):
Event: 158.700 Thread 0x0000000018f49000 11218       3       org.gradle.api.internal.tasks.properties.DefaultParameterValidationContext::<init> (10 bytes)
Event: 158.701 Thread 0x0000000018f49000 nmethod 11218 0x000000000455bd90 code [0x000000000455bee0, 0x000000000455c0b0]
Event: 158.702 Thread 0x0000000018f49000 11219       1       org.gradle.api.internal.artifacts.ivyservice.ResolvedFilesCollectingVisitor::getFailures (5 bytes)
Event: 158.703 Thread 0x0000000018f49000 nmethod 11219 0x0000000004665590 code [0x00000000046656e0, 0x00000000046657f0]
Event: 158.703 Thread 0x0000000018f49000 11220       1       org.gradle.api.internal.artifacts.ivyservice.ResolvedFilesCollectingVisitor::getFiles (5 bytes)
Event: 158.703 Thread 0x0000000018f49000 nmethod 11220 0x0000000004737290 code [0x00000000047373e0, 0x00000000047374f0]
Event: 158.724 Thread 0x0000000018f49000 11222   !   3       org.gradle.api.tasks.util.internal.CachingPatternSpecFactory$CachingSpec::isSatisfiedBy (40 bytes)
Event: 158.726 Thread 0x0000000018f49000 nmethod 11222 0x00000000046c1c10 code [0x00000000046c1e60, 0x00000000046c2cc8]
Event: 158.749 Thread 0x0000000018f49000 11223       1       org.gradle.internal.execution.history.changes.IncrementalInputProperties$1::incrementalChanges (4 bytes)
Event: 158.749 Thread 0x0000000018f49000 nmethod 11223 0x000000000497bd10 code [0x000000000497be60, 0x000000000497bf70]

GC Heap History (10 events):
Event: 14.334 GC heap before
{Heap before GC invocations=14 (full 2):
 PSYoungGen      total 150528K, used 67489K [0x00000000e0000000, 0x00000000ebf80000, 0x0000000100000000)
  eden space 136704K, 39% used [0x00000000e0000000,0x00000000e3469198,0x00000000e8580000)
  from space 13824K, 99% used [0x00000000e8580000,0x00000000e92ff320,0x00000000e9300000)
  to   space 17920K, 0% used [0x00000000eae00000,0x00000000eae00000,0x00000000ebf80000)
 ParOldGen       total 91648K, used 23362K [0x00000000a0000000, 0x00000000a5980000, 0x00000000e0000000)
  object space 91648K, 25% used [0x00000000a0000000,0x00000000a16d0be8,0x00000000a5980000)
 Metaspace       used 57125K, capacity 59070K, committed 59096K, reserved 1099776K
  class space    used 7856K, capacity 8296K, committed 8320K, reserved 1048576K
Event: 14.366 GC heap after
Heap after GC invocations=14 (full 2):
 PSYoungGen      total 177664K, used 12305K [0x00000000e0000000, 0x00000000ed300000, 0x0000000100000000)
  eden space 159744K, 0% used [0x00000000e0000000,0x00000000e0000000,0x00000000e9c00000)
  from space 17920K, 68% used [0x00000000eae00000,0x00000000eba044d8,0x00000000ebf80000)
  to   space 18432K, 0% used [0x00000000e9c00000,0x00000000e9c00000,0x00000000eae00000)
 ParOldGen       total 91648K, used 29437K [0x00000000a0000000, 0x00000000a5980000, 0x00000000e0000000)
  object space 91648K, 32% used [0x00000000a0000000,0x00000000a1cbf4a8,0x00000000a5980000)
 Metaspace       used 57125K, capacity 59070K, committed 59096K, reserved 1099776K
  class space    used 7856K, capacity 8296K, committed 8320K, reserved 1048576K
}
Event: 14.366 GC heap before
{Heap before GC invocations=15 (full 3):
 PSYoungGen      total 177664K, used 12305K [0x00000000e0000000, 0x00000000ed300000, 0x0000000100000000)
  eden space 159744K, 0% used [0x00000000e0000000,0x00000000e0000000,0x00000000e9c00000)
  from space 17920K, 68% used [0x00000000eae00000,0x00000000eba044d8,0x00000000ebf80000)
  to   space 18432K, 0% used [0x00000000e9c00000,0x00000000e9c00000,0x00000000eae00000)
 ParOldGen       total 91648K, used 29437K [0x00000000a0000000, 0x00000000a5980000, 0x00000000e0000000)
  object space 91648K, 32% used [0x00000000a0000000,0x00000000a1cbf4a8,0x00000000a5980000)
 Metaspace       used 57125K, capacity 59070K, committed 59096K, reserved 1099776K
  class space    used 7856K, capacity 8296K, committed 8320K, reserved 1048576K
Event: 14.748 GC heap after
Heap after GC invocations=15 (full 3):
 PSYoungGen      total 177664K, used 0K [0x00000000e0000000, 0x00000000ed300000, 0x0000000100000000)
  eden space 159744K, 0% used [0x00000000e0000000,0x00000000e0000000,0x00000000e9c00000)
  from space 17920K, 0% used [0x00000000eae00000,0x00000000eae00000,0x00000000ebf80000)
  to   space 18432K, 0% used [0x00000000e9c00000,0x00000000e9c00000,0x00000000eae00000)
 ParOldGen       total 138752K, used 31693K [0x00000000a0000000, 0x00000000a8780000, 0x00000000e0000000)
  object space 138752K, 22% used [0x00000000a0000000,0x00000000a1ef3700,0x00000000a8780000)
 Metaspace       used 57125K, capacity 59070K, committed 59096K, reserved 1099776K
  class space    used 7856K, capacity 8296K, committed 8320K, reserved 1048576K
}
Event: 17.373 GC heap before
{Heap before GC invocations=16 (full 3):
 PSYoungGen      total 177664K, used 159744K [0x00000000e0000000, 0x00000000ed300000, 0x0000000100000000)
  eden space 159744K, 100% used [0x00000000e0000000,0x00000000e9c00000,0x00000000e9c00000)
  from space 17920K, 0% used [0x00000000eae00000,0x00000000eae00000,0x00000000ebf80000)
  to   space 18432K, 0% used [0x00000000e9c00000,0x00000000e9c00000,0x00000000eae00000)
 ParOldGen       total 138752K, used 31693K [0x00000000a0000000, 0x00000000a8780000, 0x00000000e0000000)
  object space 138752K, 22% used [0x00000000a0000000,0x00000000a1ef3700,0x00000000a8780000)
 Metaspace       used 62295K, capacity 64996K, committed 65280K, reserved 1105920K
  class space    used 8616K, capacity 9145K, committed 9216K, reserved 1048576K
Event: 17.389 GC heap after
Heap after GC invocations=16 (full 3):
 PSYoungGen      total 178176K, used 14969K [0x00000000e0000000, 0x00000000edf80000, 0x0000000100000000)
  eden space 159744K, 0% used [0x00000000e0000000,0x00000000e0000000,0x00000000e9c00000)
  from space 18432K, 81% used [0x00000000e9c00000,0x00000000eaa9e628,0x00000000eae00000)
  to   space 19456K, 0% used [0x00000000ecc80000,0x00000000ecc80000,0x00000000edf80000)
 ParOldGen       total 138752K, used 31701K [0x00000000a0000000, 0x00000000a8780000, 0x00000000e0000000)
  object space 138752K, 22% used [0x00000000a0000000,0x00000000a1ef5700,0x00000000a8780000)
 Metaspace       used 62295K, capacity 64996K, committed 65280K, reserved 1105920K
  class space    used 8616K, capacity 9145K, committed 9216K, reserved 1048576K
}
Event: 19.819 GC heap before
{Heap before GC invocations=17 (full 3):
 PSYoungGen      total 178176K, used 174713K [0x00000000e0000000, 0x00000000edf80000, 0x0000000100000000)
  eden space 159744K, 100% used [0x00000000e0000000,0x00000000e9c00000,0x00000000e9c00000)
  from space 18432K, 81% used [0x00000000e9c00000,0x00000000eaa9e628,0x00000000eae00000)
  to   space 19456K, 0% used [0x00000000ecc80000,0x00000000ecc80000,0x00000000edf80000)
 ParOldGen       total 138752K, used 31701K [0x00000000a0000000, 0x00000000a8780000, 0x00000000e0000000)
  object space 138752K, 22% used [0x00000000a0000000,0x00000000a1ef5700,0x00000000a8780000)
 Metaspace       used 69587K, capacity 72636K, committed 72832K, reserved 1112064K
  class space    used 9516K, capacity 10091K, committed 10112K, reserved 1048576K
Event: 19.855 GC heap after
Heap after GC invocations=17 (full 3):
 PSYoungGen      total 204800K, used 19453K [0x00000000e0000000, 0x00000000ee880000, 0x0000000100000000)
  eden space 185344K, 0% used [0x00000000e0000000,0x00000000e0000000,0x00000000eb500000)
  from space 19456K, 99% used [0x00000000ecc80000,0x00000000edf7f698,0x00000000edf80000)
  to   space 24064K, 0% used [0x00000000eb500000,0x00000000eb500000,0x00000000ecc80000)
 ParOldGen       total 138752K, used 36606K [0x00000000a0000000, 0x00000000a8780000, 0x00000000e0000000)
  object space 138752K, 26% used [0x00000000a0000000,0x00000000a23bf8d0,0x00000000a8780000)
 Metaspace       used 69587K, capacity 72636K, committed 72832K, reserved 1112064K
  class space    used 9516K, capacity 10091K, committed 10112K, reserved 1048576K
}
Event: 157.699 GC heap before
{Heap before GC invocations=18 (full 3):
 PSYoungGen      total 204800K, used 204797K [0x00000000e0000000, 0x00000000ee880000, 0x0000000100000000)
  eden space 185344K, 100% used [0x00000000e0000000,0x00000000eb500000,0x00000000eb500000)
  from space 19456K, 99% used [0x00000000ecc80000,0x00000000edf7f698,0x00000000edf80000)
  to   space 24064K, 0% used [0x00000000eb500000,0x00000000eb500000,0x00000000ecc80000)
 ParOldGen       total 138752K, used 36606K [0x00000000a0000000, 0x00000000a8780000, 0x00000000e0000000)
  object space 138752K, 26% used [0x00000000a0000000,0x00000000a23bf8d0,0x00000000a8780000)
 Metaspace       used 72158K, capacity 75280K, committed 75392K, reserved 1114112K
  class space    used 9645K, capacity 10257K, committed 10368K, reserved 1048576K
Event: 157.726 GC heap after
Heap after GC invocations=18 (full 3):
 PSYoungGen      total 209408K, used 14790K [0x00000000e0000000, 0x00000000f0000000, 0x0000000100000000)
  eden space 185344K, 0% used [0x00000000e0000000,0x00000000e0000000,0x00000000eb500000)
  from space 24064K, 61% used [0x00000000eb500000,0x00000000ec371ad8,0x00000000ecc80000)
  to   space 24064K, 0% used [0x00000000ee880000,0x00000000ee880000,0x00000000f0000000)
 ParOldGen       total 138752K, used 46315K [0x00000000a0000000, 0x00000000a8780000, 0x00000000e0000000)
  object space 138752K, 33% used [0x00000000a0000000,0x00000000a2d3ad80,0x00000000a8780000)
 Metaspace       used 72158K, capacity 75280K, committed 75392K, reserved 1114112K
  class space    used 9645K, capacity 10257K, committed 10368K, reserved 1048576K
}

Deoptimization events (10 events):
Event: 151.919 Thread 0x000000001c1b5000 Uncommon trap: reason=unstable_if action=reinterpret pc=0x0000000004665618 method=java.util.concurrent.ConcurrentLinkedQueue.updateHead(Ljava/util/concurrent/ConcurrentLinkedQueue$Node;Ljava/util/concurrent/ConcurrentLinkedQueue$Node;)V @ 11
Event: 151.947 Thread 0x000000001c1b4800 Uncommon trap: reason=unstable_if action=reinterpret pc=0x0000000004771290 method=java.util.concurrent.ConcurrentLinkedQueue.offer(Ljava/lang/Object;)Z @ 40
Event: 152.617 Thread 0x000000001c1b5000 Uncommon trap: reason=unstable_if action=reinterpret pc=0x00000000047c28ac method=java.util.concurrent.ConcurrentLinkedQueue.offer(Ljava/lang/Object;)Z @ 91
Event: 153.011 Thread 0x0000000022c64800 Uncommon trap: reason=bimorphic action=maybe_recompile pc=0x000000000379e184 method=java.util.HashMap.removeNode(ILjava/lang/Object;Ljava/lang/Object;ZZ)Ljava/util/HashMap$Node; @ 143
Event: 153.025 Thread 0x0000000022c64800 Uncommon trap: reason=bimorphic action=maybe_recompile pc=0x000000000379e184 method=java.util.HashMap.removeNode(ILjava/lang/Object;Ljava/lang/Object;ZZ)Ljava/util/HashMap$Node; @ 143
Event: 153.110 Thread 0x0000000022c64000 Uncommon trap: reason=unstable_if action=reinterpret pc=0x0000000003671114 method=com.esotericsoftware.kryo.io.Input.require(I)I @ 180
Event: 158.166 Thread 0x0000000022c62800 Uncommon trap: reason=class_check action=maybe_recompile pc=0x0000000005068b7c method=java.util.stream.AbstractPipeline.wrapAndCopyInto(Ljava/util/stream/Sink;Ljava/util/Spliterator;)Ljava/util/stream/Sink; @ 6
Event: 158.183 Thread 0x0000000022c61800 Uncommon trap: reason=class_check action=maybe_recompile pc=0x0000000005068b7c method=java.util.stream.AbstractPipeline.wrapAndCopyInto(Ljava/util/stream/Sink;Ljava/util/Spliterator;)Ljava/util/stream/Sink; @ 6
Event: 158.295 Thread 0x0000000022c61000 Uncommon trap: reason=class_check action=maybe_recompile pc=0x0000000005068b7c method=java.util.stream.AbstractPipeline.wrapAndCopyInto(Ljava/util/stream/Sink;Ljava/util/Spliterator;)Ljava/util/stream/Sink; @ 6
Event: 158.295 Thread 0x0000000022c61000 Uncommon trap: reason=class_check action=maybe_recompile pc=0x0000000005068b7c method=java.util.stream.AbstractPipeline.wrapAndCopyInto(Ljava/util/stream/Sink;Ljava/util/Spliterator;)Ljava/util/stream/Sink; @ 6

Classes redefined (0 events):
No events

Internal exceptions (10 events):
Event: 19.811 Thread 0x0000000019eb4000 Exception <a 'java/lang/NoSuchMethodError': <clinit>> (0x00000000e9ac9c10) thrown at [D:\src\AOSP-openjdk-cygwin\jdk8u\hotspot\src\share\vm\prims\jni.cpp, line 1614]
Event: 19.812 Thread 0x0000000019eb4000 Exception <a 'java/lang/NoSuchMethodError': <clinit>> (0x00000000e9ad4458) thrown at [D:\src\AOSP-openjdk-cygwin\jdk8u\hotspot\src\share\vm\prims\jni.cpp, line 1614]
Event: 19.814 Thread 0x0000000019eb4000 Exception <a 'java/lang/NoSuchMethodError': <clinit>> (0x00000000e9aee468) thrown at [D:\src\AOSP-openjdk-cygwin\jdk8u\hotspot\src\share\vm\prims\jni.cpp, line 1614]
Event: 19.815 Thread 0x0000000019eb4000 Exception <a 'java/lang/NoSuchMethodError': <clinit>> (0x00000000e9aff188) thrown at [D:\src\AOSP-openjdk-cygwin\jdk8u\hotspot\src\share\vm\prims\jni.cpp, line 1614]
Event: 150.354 Thread 0x0000000022c64800 Implicit null exception at 0x0000000004a8fa81 to 0x0000000004a916fd
Event: 150.370 Thread 0x0000000022c64800 Implicit null exception at 0x00000000044e49b4 to 0x00000000044e4c41
Event: 150.371 Thread 0x0000000022c64800 Implicit null exception at 0x00000000044f2cb5 to 0x00000000044f3265
Event: 150.371 Thread 0x0000000022c64800 Implicit null exception at 0x0000000003cccad4 to 0x0000000003ccccc9
Event: 151.555 Thread 0x0000000022c64800 Implicit null exception at 0x00000000047b3444 to 0x00000000047b4941
Event: 152.988 Thread 0x0000000022c64800 Exception <a 'sun/nio/fs/WindowsException'> (0x00000000e8c99260) thrown at [D:\src\AOSP-openjdk-cygwin\jdk8u\hotspot\src\share\vm\prims\jni.cpp, line 710]

Events (10 events):
Event: 158.532 Thread 0x0000000018f49000 flushing nmethod 0x0000000004bfccd0
Event: 158.540 Thread 0x0000000018f35000 flushing nmethod 0x0000000004d87210
Event: 158.582 Executing VM operation: RevokeBias
Event: 158.583 Executing VM operation: RevokeBias done
Event: 158.713 Executing VM operation: RevokeBias
Event: 158.713 Executing VM operation: RevokeBias done
Event: 158.716 Executing VM operation: RevokeBias
Event: 158.716 Executing VM operation: RevokeBias done
Event: 158.716 Executing VM operation: RevokeBias
Event: 158.717 Executing VM operation: RevokeBias done


Dynamic libraries:
0x00007ff7426a0000 - 0x00007ff7426d1000 	C:\Users\affe5\AppData\Local\JetBrains\Toolbox\apps\AndroidStudio\ch-0\192.5916306\jre\bin\java.exe
0x00007ffcc8740000 - 0x00007ffcc8930000 	C:\WINDOWS\SYSTEM32\ntdll.dll
0x00007ffcc8640000 - 0x00007ffcc86f2000 	C:\WINDOWS\System32\KERNEL32.DLL
0x00007ffcc64a0000 - 0x00007ffcc6743000 	C:\WINDOWS\System32\KERNELBASE.dll
0x00007ffcc8500000 - 0x00007ffcc85a3000 	C:\WINDOWS\System32\ADVAPI32.dll
0x00007ffcc8460000 - 0x00007ffcc84fe000 	C:\WINDOWS\System32\msvcrt.dll
0x00007ffcc7c60000 - 0x00007ffcc7cf7000 	C:\WINDOWS\System32\sechost.dll
0x00007ffcc68f0000 - 0x00007ffcc6a10000 	C:\WINDOWS\System32\RPCRT4.dll
0x00007ffcc82c0000 - 0x00007ffcc8454000 	C:\WINDOWS\System32\USER32.dll
0x00007ffcc6340000 - 0x00007ffcc6361000 	C:\WINDOWS\System32\win32u.dll
0x00007ffcc7da0000 - 0x00007ffcc7dc6000 	C:\WINDOWS\System32\GDI32.dll
0x00007ffcc5820000 - 0x00007ffcc59b4000 	C:\WINDOWS\System32\gdi32full.dll
0x00007ffcc6750000 - 0x00007ffcc67ee000 	C:\WINDOWS\System32\msvcp_win.dll
0x00007ffcc5a70000 - 0x00007ffcc5b6a000 	C:\WINDOWS\System32\ucrtbase.dll
0x00007ffcaf690000 - 0x00007ffcaf915000 	C:\WINDOWS\WinSxS\amd64_microsoft.windows.common-controls_6595b64144ccf1df_6.0.18362.418_none_e6c6b287130d565d\COMCTL32.dll
0x00007ffcc71c0000 - 0x00007ffcc74f6000 	C:\WINDOWS\System32\combase.dll
0x00007ffcc6420000 - 0x00007ffcc64a0000 	C:\WINDOWS\System32\bcryptPrimitives.dll
0x00007ffcc7d70000 - 0x00007ffcc7d9e000 	C:\WINDOWS\System32\IMM32.DLL
0x0000000057d00000 - 0x0000000057dd2000 	C:\Users\affe5\AppData\Local\JetBrains\Toolbox\apps\AndroidStudio\ch-0\192.5916306\jre\jre\bin\msvcr100.dll
0x00000000567f0000 - 0x0000000057036000 	C:\Users\affe5\AppData\Local\JetBrains\Toolbox\apps\AndroidStudio\ch-0\192.5916306\jre\jre\bin\server\jvm.dll
0x00007ffcc8630000 - 0x00007ffcc8638000 	C:\WINDOWS\System32\PSAPI.DLL
0x00007ffcc17f0000 - 0x00007ffcc1814000 	C:\WINDOWS\SYSTEM32\WINMM.dll
0x00007ffca9ed0000 - 0x00007ffca9ed9000 	C:\WINDOWS\SYSTEM32\WSOCK32.dll
0x00007ffcc7d00000 - 0x00007ffcc7d6f000 	C:\WINDOWS\System32\WS2_32.dll
0x00007ffcb68e0000 - 0x00007ffcb68ea000 	C:\WINDOWS\SYSTEM32\VERSION.dll
0x00007ffcc1450000 - 0x00007ffcc147d000 	C:\WINDOWS\SYSTEM32\WINMMBASE.dll
0x00007ffcc5b70000 - 0x00007ffcc5bba000 	C:\WINDOWS\System32\cfgmgr32.dll
0x00007ffcc0df0000 - 0x00007ffcc0dff000 	C:\Users\affe5\AppData\Local\JetBrains\Toolbox\apps\AndroidStudio\ch-0\192.5916306\jre\jre\bin\verify.dll
0x00007ffcbf400000 - 0x00007ffcbf429000 	C:\Users\affe5\AppData\Local\JetBrains\Toolbox\apps\AndroidStudio\ch-0\192.5916306\jre\jre\bin\java.dll
0x00007ffcbf3e0000 - 0x00007ffcbf3f6000 	C:\Users\affe5\AppData\Local\JetBrains\Toolbox\apps\AndroidStudio\ch-0\192.5916306\jre\jre\bin\zip.dll
0x00007ffcc7570000 - 0x00007ffcc7c55000 	C:\WINDOWS\System32\SHELL32.dll
0x00007ffcc8140000 - 0x00007ffcc81e9000 	C:\WINDOWS\System32\shcore.dll
0x00007ffcc5bc0000 - 0x00007ffcc633f000 	C:\WINDOWS\System32\windows.storage.dll
0x00007ffcc5660000 - 0x00007ffcc567f000 	C:\WINDOWS\System32\profapi.dll
0x00007ffcc5680000 - 0x00007ffcc56ca000 	C:\WINDOWS\System32\powrprof.dll
0x00007ffcc5610000 - 0x00007ffcc5620000 	C:\WINDOWS\System32\UMPDC.dll
0x00007ffcc7100000 - 0x00007ffcc7152000 	C:\WINDOWS\System32\shlwapi.dll
0x00007ffcc5620000 - 0x00007ffcc5631000 	C:\WINDOWS\System32\kernel.appcore.dll
0x00007ffcc59f0000 - 0x00007ffcc5a07000 	C:\WINDOWS\System32\cryptsp.dll
0x00007ffcbf3c0000 - 0x00007ffcbf3da000 	C:\Users\affe5\AppData\Local\JetBrains\Toolbox\apps\AndroidStudio\ch-0\192.5916306\jre\jre\bin\net.dll
0x00007ffcb7530000 - 0x00007ffcb7706000 	C:\WINDOWS\SYSTEM32\urlmon.dll
0x00007ffcb7280000 - 0x00007ffcb7526000 	C:\WINDOWS\SYSTEM32\iertutil.dll
0x00007ffcc4fb0000 - 0x00007ffcc4fbc000 	C:\WINDOWS\SYSTEM32\CRYPTBASE.DLL
0x00007ffcc4e30000 - 0x00007ffcc4e97000 	C:\WINDOWS\system32\mswsock.dll
0x00007ffcbf3a0000 - 0x00007ffcbf3b3000 	C:\Users\affe5\AppData\Local\JetBrains\Toolbox\apps\AndroidStudio\ch-0\192.5916306\jre\jre\bin\nio.dll
0x00007ffcab400000 - 0x00007ffcab426000 	C:\Users\affe5\.gradle\native\30\windows-amd64\native-platform.dll
0x00007ffcbf390000 - 0x00007ffcbf39d000 	C:\Users\affe5\AppData\Local\JetBrains\Toolbox\apps\AndroidStudio\ch-0\192.5916306\jre\jre\bin\management.dll
0x00007ffcc49b0000 - 0x00007ffcc49e3000 	C:\WINDOWS\system32\rsaenh.dll
0x00007ffcc59c0000 - 0x00007ffcc59e6000 	C:\WINDOWS\System32\bcrypt.dll
0x00007ffcc5530000 - 0x00007ffcc5555000 	C:\WINDOWS\SYSTEM32\USERENV.dll
0x00007ffcc4b50000 - 0x00007ffcc4b8a000 	C:\WINDOWS\SYSTEM32\IPHLPAPI.DLL
0x00007ffcc67f0000 - 0x00007ffcc67f8000 	C:\WINDOWS\System32\NSI.dll
0x00007ffcbbe50000 - 0x00007ffcbbe66000 	C:\WINDOWS\SYSTEM32\dhcpcsvc6.DLL
0x00007ffcbbe30000 - 0x00007ffcbbe4c000 	C:\WINDOWS\SYSTEM32\dhcpcsvc.DLL
0x00007ffcc4b90000 - 0x00007ffcc4c5a000 	C:\WINDOWS\SYSTEM32\DNSAPI.dll

VM Arguments:
jvm_args: -Xmx1536m -Dfile.encoding=windows-1252 -Duser.country=AT -Duser.language=de -Duser.variant 
java_command: org.gradle.launcher.daemon.bootstrap.GradleDaemon 5.6.1
java_class_path (initial): C:\Users\affe5\.gradle\wrapper\dists\gradle-5.6.1-all\805usxkvhgx6e1wbo8o64g0tx\gradle-5.6.1\lib\gradle-launcher-5.6.1.jar
Launcher Type: SUN_STANDARD

Environment Variables:
JAVA_HOME=C:\Program Files\Java\jdk1.8.0_221
PATH=C:\ProgramData\DockerDesktop\version-bin;C:\Program Files\Docker\Docker\Resources\bin;D:\Program Files\AdoptOpenJDK\jdk-11.0.4.11-openj9\bin;D:\oraclexe\app\oracle\product\11.2.0\server\bin;C:\WINDOWS\system32;C:\WINDOWS;C:\WINDOWS\System32\Wbem;C:\WINDOWS\System32\WindowsPowerShell\v1.0\;C:\WINDOWS\System32\OpenSSH\;C:\Program Files\Intel\WiFi\bin\;C:\Program Files\Common Files\Intel\WirelessCommon\;D:\Program Files\nodejs\;D:\Program Files (x86)\Yarn\bin\;C:\Program Files\dotnet\;C:\Program Files\Microsoft SQL Server\130\Tools\Binn\;C:\OPT\apache-maven-3.6.2\bin;C:\Program Files\Microsoft SQL Server\Client SDK\ODBC\170\Tools\Binn\;D:\Program Files\Git\cmd;C:\Program Files\Git\cmd;C:\Users\affe5\AppData\Local\Microsoft\WindowsApps;C:\Users\affe5\AppData\Roaming\npm;C:\Users\affe5\AppData\Local\Yarn\bin;D:\Users\affe5\AppData\Local\Programs\Microsoft VS Code\bin;C:\Users\affe5\.dotnet\tools
USERNAME=affe5
OS=Windows_NT
PROCESSOR_IDENTIFIER=Intel64 Family 6 Model 142 Stepping 11, GenuineIntel



---------------  S Y S T E M  ---------------

OS: Windows 10.0 , 64 bit Build 18362 (10.0.18362.329)

CPU:total 8 (initial active 8) (4 cores per cpu, 2 threads per core) family 6 model 142 stepping 11, cmov, cx8, fxsr, mmx, sse, sse2, sse3, ssse3, sse4.1, sse4.2, popcnt, avx, avx2, aes, clmul, erms, 3dnowpref, lzcnt, ht, tsc, tscinvbit, bmi1, bmi2, adx

Memory: 4k page, physical 8230708k(1016684k free), swap 8230708k(5656k free)

vm_info: OpenJDK 64-Bit Server VM (25.212-b04) for windows-amd64 JRE (1.8.0_212-release-1586-b04), built by "builder" with MS VC++ 10.0 (VS2010)

time: Thu Oct 17 13:24:34 2019
timezone: Mitteleuropäische Sommerzeit
elapsed time: 158 seconds (0d 0h 2m 38s)

