#
# There is insufficient memory for the Java Runtime Environment to continue.
# Native memory allocation (malloc) failed to allocate 984176 bytes for Chunk::new
# Possible reasons:
#   The system is out of physical RAM or swap space
#   The process is running with CompressedOops enabled, and the Java Heap may be blocking the growth of the native heap
# Possible solutions:
#   Reduce memory load on the system
#   Increase physical memory or swap space
#   Check if swap backing store is full
#   Decrease Java heap size (-Xmx/-Xms)
#   Decrease number of Java threads
#   Decrease Java thread stack sizes (-Xss)
#   Set larger code cache with -XX:ReservedCodeCacheSize=
#   JVM is running with Unscaled Compressed Oops mode in which the Java heap is
#     placed in the first 4GB address space. The Java Heap base address is the
#     maximum limit for the native heap growth. Please use -XX:HeapBaseMinAddress
#     to set the Java Heap base and to place the Java Heap above 4GB virtual address.
# This output file may be truncated or incomplete.
#
#  Out of Memory Error (allocation.cpp:389), pid=6292, tid=0x0000000000001dc8
#
# JRE version: OpenJDK Runtime Environment (8.0_212-b04) (build 1.8.0_212-release-1586-b04)
# Java VM: OpenJDK 64-Bit Server VM (25.212-b04 mixed mode windows-amd64 compressed oops)
# Failed to write core dump. Minidumps are not enabled by default on client versions of Windows
#

---------------  T H R E A D  ---------------

Current thread (0x000000001972e000):  JavaThread "C2 CompilerThread0" daemon [_thread_in_native, id=7624, stack(0x000000001a030000,0x000000001a130000)]

Stack: [0x000000001a030000,0x000000001a130000]
[error occurred during error reporting (printing stack bounds), id 0xc0000005]

Native frames: (J=compiled Java code, j=interpreted, Vv=VM code, C=native code)


Current CompileTask:
C2:   9658 3328   !   4       org.jetbrains.kotlin.metadata.ProtoBuf$Function::<init> (1112 bytes)


---------------  P R O C E S S  ---------------

Java Threads: ( => current thread )
  0x00000000197ac800 JavaThread "Service Thread" daemon [_thread_blocked, id=11816, stack(0x000000001a430000,0x000000001a530000)]
  0x000000001973f800 JavaThread "C1 CompilerThread3" daemon [_thread_blocked, id=9568, stack(0x000000001a330000,0x000000001a430000)]
  0x0000000019742000 JavaThread "C2 CompilerThread2" daemon [_thread_blocked, id=7312, stack(0x000000001a230000,0x000000001a330000)]
  0x0000000019731000 JavaThread "C2 CompilerThread1" daemon [_thread_blocked, id=7380, stack(0x000000001a130000,0x000000001a230000)]
=>0x000000001972e000 JavaThread "C2 CompilerThread0" daemon [_thread_in_native, id=7624, stack(0x000000001a030000,0x000000001a130000)]
  0x000000001972d000 JavaThread "Attach Listener" daemon [_thread_blocked, id=700, stack(0x0000000019f30000,0x000000001a030000)]
  0x000000001972c000 JavaThread "Signal Dispatcher" daemon [_thread_blocked, id=5560, stack(0x0000000019e30000,0x0000000019f30000)]
  0x0000000019720800 JavaThread "Finalizer" daemon [_thread_blocked, id=3132, stack(0x0000000019c00000,0x0000000019d00000)]
  0x000000001792c800 JavaThread "Reference Handler" daemon [_thread_blocked, id=10168, stack(0x0000000019b00000,0x0000000019c00000)]
  0x0000000002936000 JavaThread "main" [_thread_in_vm, id=2868, stack(0x00000000027e0000,0x00000000028e0000)]

Other Threads:
  0x0000000017927000 VMThread [stack: 0x0000000019600000,0x0000000019700000] [id=12376]
  0x00000000197ad000 WatcherThread [stack: 0x000000001a530000,0x000000001a630000] [id=12404]

VM state:not at safepoint (normal execution)

VM Mutex/Monitor currently owned by a thread: None

heap address: 0x0000000082600000, size: 2010 MB, Compressed Oops mode: 32-bit
Narrow klass base: 0x0000000000000000, Narrow klass shift: 3
Compressed class space size: 1073741824 Address: 0x0000000100000000

Heap:
 PSYoungGen      total 85504K, used 13325K [0x00000000d6200000, 0x00000000dde00000, 0x0000000100000000)
  eden space 69120K, 19% used [0x00000000d6200000,0x00000000d6f03630,0x00000000da580000)
  from space 16384K, 0% used [0x00000000db580000,0x00000000db580000,0x00000000dc580000)
  to   space 16384K, 0% used [0x00000000da580000,0x00000000da580000,0x00000000db580000)
 ParOldGen       total 112640K, used 20111K [0x0000000082600000, 0x0000000089400000, 0x00000000d6200000)
  object space 112640K, 17% used [0x0000000082600000,0x00000000839a3f80,0x0000000089400000)
 Metaspace       used 35889K, capacity 36372K, committed 36696K, reserved 1081344K
  class space    used 4545K, capacity 4701K, committed 4736K, reserved 1048576K

Card table byte_map: [0x0000000011df0000,0x00000000121e0000] byte_map_base: 0x00000000119dd000

Marking Bits: (ParMarkBitMap*) 0x0000000060a59f30
 Begin Bits: [0x0000000012c80000, 0x0000000014be8000)
 End Bits:   [0x0000000014be8000, 0x0000000016b50000)

Polling page: 0x0000000000e10000

CodeCache: size=245760Kb used=10629Kb max_used=10636Kb free=235130Kb
 bounds [0x0000000002a30000, 0x00000000034a0000, 0x0000000011a30000]
 total_blobs=3752 nmethods=3325 adapters=340
 compilation: enabled

Compilation events (10 events):
Event: 9.426 Thread 0x000000001973f800 nmethod 3335 0x000000000348efd0 code [0x000000000348f140, 0x000000000348f3f0]
Event: 9.426 Thread 0x000000001973f800 3336       1       org.jetbrains.kotlin.cli.jvm.index.JvmDependenciesIndexImpl$FindClassRequest::getClassId (5 bytes)
Event: 9.426 Thread 0x000000001973f800 nmethod 3336 0x000000000348ed10 code [0x000000000348ee60, 0x000000000348ef70]
Event: 9.427 Thread 0x0000000019742000 nmethod 3317 0x0000000003497ed0 code [0x00000000034982a0, 0x0000000003499ea8]
Event: 9.442 Thread 0x000000001973f800 3337       3       java.lang.invoke.MethodHandleNatives::refKindIsMethod (19 bytes)
Event: 9.442 Thread 0x000000001973f800 nmethod 3337 0x000000000348e850 code [0x000000000348e9c0, 0x000000000348ec50]
Event: 9.442 Thread 0x000000001973f800 3338       3       java.lang.invoke.MethodHandleNatives::findMethodHandleType (7 bytes)
Event: 9.442 Thread 0x000000001973f800 nmethod 3338 0x000000000348e4d0 code [0x000000000348e640, 0x000000000348e7a8]
Event: 9.442 Thread 0x000000001973f800 3339       3       jdk.internal.org.objectweb.asm.MethodWriter::visitCode (1 bytes)
Event: 9.442 Thread 0x000000001973f800 nmethod 3339 0x0000000003491b90 code [0x0000000003491ce0, 0x0000000003491e30]

GC Heap History (10 events):
Event: 3.623 GC heap before
{Heap before GC invocations=4 (full 1):
 PSYoungGen      total 37888K, used 5093K [0x00000000d6200000, 0x00000000dac00000, 0x0000000100000000)
  eden space 32768K, 0% used [0x00000000d6200000,0x00000000d6200000,0x00000000d8200000)
  from space 5120K, 99% used [0x00000000d8200000,0x00000000d86f96b0,0x00000000d8700000)
  to   space 5120K, 0% used [0x00000000da700000,0x00000000da700000,0x00000000dac00000)
 ParOldGen       total 86016K, used 11602K [0x0000000082600000, 0x0000000087a00000, 0x00000000d6200000)
  object space 86016K, 13% used [0x0000000082600000,0x00000000831548d8,0x0000000087a00000)
 Metaspace       used 20697K, capacity 21088K, committed 21248K, reserved 1067008K
  class space    used 2635K, capacity 2786K, committed 2816K, reserved 1048576K
Event: 3.698 GC heap after
Heap after GC invocations=4 (full 1):
 PSYoungGen      total 37888K, used 0K [0x00000000d6200000, 0x00000000dac00000, 0x0000000100000000)
  eden space 32768K, 0% used [0x00000000d6200000,0x00000000d6200000,0x00000000d8200000)
  from space 5120K, 0% used [0x00000000d8200000,0x00000000d8200000,0x00000000d8700000)
  to   space 5120K, 0% used [0x00000000da700000,0x00000000da700000,0x00000000dac00000)
 ParOldGen       total 63488K, used 8907K [0x0000000082600000, 0x0000000086400000, 0x00000000d6200000)
  object space 63488K, 14% used [0x0000000082600000,0x0000000082eb2cb0,0x0000000086400000)
 Metaspace       used 20697K, capacity 21088K, committed 21248K, reserved 1067008K
  class space    used 2635K, capacity 2786K, committed 2816K, reserved 1048576K
}
Event: 5.528 GC heap before
{Heap before GC invocations=5 (full 1):
 PSYoungGen      total 37888K, used 32768K [0x00000000d6200000, 0x00000000dac00000, 0x0000000100000000)
  eden space 32768K, 100% used [0x00000000d6200000,0x00000000d8200000,0x00000000d8200000)
  from space 5120K, 0% used [0x00000000d8200000,0x00000000d8200000,0x00000000d8700000)
  to   space 5120K, 0% used [0x00000000da700000,0x00000000da700000,0x00000000dac00000)
 ParOldGen       total 63488K, used 8907K [0x0000000082600000, 0x0000000086400000, 0x00000000d6200000)
  object space 63488K, 14% used [0x0000000082600000,0x0000000082eb2cb0,0x0000000086400000)
 Metaspace       used 23015K, capacity 23433K, committed 23680K, reserved 1069056K
  class space    used 2952K, capacity 3087K, committed 3200K, reserved 1048576K
Event: 5.537 GC heap after
Heap after GC invocations=5 (full 1):
 PSYoungGen      total 53248K, used 5096K [0x00000000d6200000, 0x00000000dac00000, 0x0000000100000000)
  eden space 48128K, 0% used [0x00000000d6200000,0x00000000d6200000,0x00000000d9100000)
  from space 5120K, 99% used [0x00000000da700000,0x00000000dabfa058,0x00000000dac00000)
  to   space 5120K, 0% used [0x00000000da200000,0x00000000da200000,0x00000000da700000)
 ParOldGen       total 63488K, used 10361K [0x0000000082600000, 0x0000000086400000, 0x00000000d6200000)
  object space 63488K, 16% used [0x0000000082600000,0x000000008301e778,0x0000000086400000)
 Metaspace       used 23015K, capacity 23433K, committed 23680K, reserved 1069056K
  class space    used 2952K, capacity 3087K, committed 3200K, reserved 1048576K
}
Event: 7.509 GC heap before
{Heap before GC invocations=6 (full 1):
 PSYoungGen      total 53248K, used 53224K [0x00000000d6200000, 0x00000000dac00000, 0x0000000100000000)
  eden space 48128K, 100% used [0x00000000d6200000,0x00000000d9100000,0x00000000d9100000)
  from space 5120K, 99% used [0x00000000da700000,0x00000000dabfa058,0x00000000dac00000)
  to   space 5120K, 0% used [0x00000000da200000,0x00000000da200000,0x00000000da700000)
 ParOldGen       total 63488K, used 10361K [0x0000000082600000, 0x0000000086400000, 0x00000000d6200000)
  object space 63488K, 16% used [0x0000000082600000,0x000000008301e778,0x0000000086400000)
 Metaspace       used 31026K, capacity 31451K, committed 32000K, reserved 1077248K
  class space    used 3886K, capacity 3996K, committed 4096K, reserved 1048576K
Event: 7.530 GC heap after
Heap after GC invocations=6 (full 1):
 PSYoungGen      total 70656K, used 5099K [0x00000000d6200000, 0x00000000dc580000, 0x0000000100000000)
  eden space 65536K, 0% used [0x00000000d6200000,0x00000000d6200000,0x00000000da200000)
  from space 5120K, 99% used [0x00000000da200000,0x00000000da6fadd8,0x00000000da700000)
  to   space 16384K, 0% used [0x00000000db580000,0x00000000db580000,0x00000000dc580000)
 ParOldGen       total 63488K, used 22307K [0x0000000082600000, 0x0000000086400000, 0x00000000d6200000)
  object space 63488K, 35% used [0x0000000082600000,0x0000000083bc8e18,0x0000000086400000)
 Metaspace       used 31026K, capacity 31451K, committed 32000K, reserved 1077248K
  class space    used 3886K, capacity 3996K, committed 4096K, reserved 1048576K
}
Event: 8.996 GC heap before
{Heap before GC invocations=7 (full 1):
 PSYoungGen      total 70656K, used 44091K [0x00000000d6200000, 0x00000000dc580000, 0x0000000100000000)
  eden space 65536K, 59% used [0x00000000d6200000,0x00000000d8813f30,0x00000000da200000)
  from space 5120K, 99% used [0x00000000da200000,0x00000000da6fadd8,0x00000000da700000)
  to   space 16384K, 0% used [0x00000000db580000,0x00000000db580000,0x00000000dc580000)
 ParOldGen       total 63488K, used 22307K [0x0000000082600000, 0x0000000086400000, 0x00000000d6200000)
  object space 63488K, 35% used [0x0000000082600000,0x0000000083bc8e18,0x0000000086400000)
 Metaspace       used 34701K, capacity 35186K, committed 35416K, reserved 1081344K
  class space    used 4314K, capacity 4476K, committed 4480K, reserved 1048576K
Event: 9.022 GC heap after
Heap after GC invocations=7 (full 1):
 PSYoungGen      total 85504K, used 11455K [0x00000000d6200000, 0x00000000dde00000, 0x0000000100000000)
  eden space 69120K, 0% used [0x00000000d6200000,0x00000000d6200000,0x00000000da580000)
  from space 16384K, 69% used [0x00000000db580000,0x00000000dc0aff10,0x00000000dc580000)
  to   space 16384K, 0% used [0x00000000da580000,0x00000000da580000,0x00000000db580000)
 ParOldGen       total 63488K, used 22315K [0x0000000082600000, 0x0000000086400000, 0x00000000d6200000)
  object space 63488K, 35% used [0x0000000082600000,0x0000000083bcae18,0x0000000086400000)
 Metaspace       used 34701K, capacity 35186K, committed 35416K, reserved 1081344K
  class space    used 4314K, capacity 4476K, committed 4480K, reserved 1048576K
}
Event: 9.022 GC heap before
{Heap before GC invocations=8 (full 2):
 PSYoungGen      total 85504K, used 11455K [0x00000000d6200000, 0x00000000dde00000, 0x0000000100000000)
  eden space 69120K, 0% used [0x00000000d6200000,0x00000000d6200000,0x00000000da580000)
  from space 16384K, 69% used [0x00000000db580000,0x00000000dc0aff10,0x00000000dc580000)
  to   space 16384K, 0% used [0x00000000da580000,0x00000000da580000,0x00000000db580000)
 ParOldGen       total 63488K, used 22315K [0x0000000082600000, 0x0000000086400000, 0x00000000d6200000)
  object space 63488K, 35% used [0x0000000082600000,0x0000000083bcae18,0x0000000086400000)
 Metaspace       used 34701K, capacity 35186K, committed 35416K, reserved 1081344K
  class space    used 4314K, capacity 4476K, committed 4480K, reserved 1048576K
Event: 9.221 GC heap after
Heap after GC invocations=8 (full 2):
 PSYoungGen      total 85504K, used 0K [0x00000000d6200000, 0x00000000dde00000, 0x0000000100000000)
  eden space 69120K, 0% used [0x00000000d6200000,0x00000000d6200000,0x00000000da580000)
  from space 16384K, 0% used [0x00000000db580000,0x00000000db580000,0x00000000dc580000)
  to   space 16384K, 0% used [0x00000000da580000,0x00000000da580000,0x00000000db580000)
 ParOldGen       total 112640K, used 20111K [0x0000000082600000, 0x0000000089400000, 0x00000000d6200000)
  object space 112640K, 17% used [0x0000000082600000,0x00000000839a3f80,0x0000000089400000)
 Metaspace       used 34701K, capacity 35186K, committed 35416K, reserved 1081344K
  class space    used 4314K, capacity 4476K, committed 4480K, reserved 1048576K
}

Deoptimization events (10 events):
Event: 8.028 Thread 0x0000000002936000 Uncommon trap: reason=bimorphic action=maybe_recompile pc=0x0000000003020a38 method=org.jetbrains.kotlin.protobuf.CodedInputStream.tryRefillBuffer(I)Z @ 177
Event: 8.034 Thread 0x0000000002936000 Uncommon trap: reason=bimorphic action=maybe_recompile pc=0x0000000003020a38 method=org.jetbrains.kotlin.protobuf.CodedInputStream.tryRefillBuffer(I)Z @ 177
Event: 8.039 Thread 0x0000000002936000 Uncommon trap: reason=bimorphic action=maybe_recompile pc=0x0000000003020a38 method=org.jetbrains.kotlin.protobuf.CodedInputStream.tryRefillBuffer(I)Z @ 177
Event: 8.065 Thread 0x0000000002936000 Uncommon trap: reason=bimorphic action=maybe_recompile pc=0x0000000003020a38 method=org.jetbrains.kotlin.protobuf.CodedInputStream.tryRefillBuffer(I)Z @ 177
Event: 8.078 Thread 0x0000000002936000 Uncommon trap: reason=bimorphic action=maybe_recompile pc=0x000000000301e2ac method=org.jetbrains.kotlin.protobuf.CodedInputStream.tryRefillBuffer(I)Z @ 177
Event: 8.849 Thread 0x0000000002936000 Uncommon trap: reason=unstable_if action=reinterpret pc=0x00000000033737e0 method=java.text.StringCharacterIterator.current()C @ 19
Event: 8.904 Thread 0x0000000002936000 Uncommon trap: reason=unstable_if action=reinterpret pc=0x000000000314af28 method=java.lang.AbstractStringBuilder.append(Ljava/lang/CharSequence;)Ljava/lang/AbstractStringBuilder; @ 29
Event: 9.222 Thread 0x0000000019720800 Uncommon trap: reason=unstable_if action=reinterpret pc=0x000000000323d8bc method=java.lang.ref.Finalizer.remove()V @ 10
Event: 9.397 Thread 0x0000000002936000 Uncommon trap: reason=unstable_if action=reinterpret pc=0x0000000002febcd4 method=org.jetbrains.kotlin.protobuf.CodedInputStream.readRawVarint32()I @ 69
Event: 9.397 Thread 0x0000000002936000 Uncommon trap: reason=unstable_if action=reinterpret pc=0x000000000341f2e4 method=org.jetbrains.kotlin.protobuf.CodedOutputStream.computeRawVarint32Size(I)I @ 14

Classes redefined (0 events):
No events

Internal exceptions (10 events):
Event: 3.326 Thread 0x0000000002936000 Exception <a 'java/lang/NoSuchMethodError': java.lang.Object.lambda$static$0(I)[Lorg/jetbrains/kotlin/com/intellij/openapi/editor/event/DocumentListener;> (0x00000000d6a56388) thrown at [D:\src\AOSP-openjdk-cygwin\jdk8u\hotspot\src\share\vm\interpreter\li
Event: 3.384 Thread 0x0000000002936000 Exception <a 'java/lang/NoSuchMethodError': java.lang.Object.lambda$static$0(I)[Lorg/jetbrains/kotlin/com/intellij/psi/PsiAnnotation;> (0x00000000d6c23e28) thrown at [D:\src\AOSP-openjdk-cygwin\jdk8u\hotspot\src\share\vm\interpreter\linkResolver.cpp, line
Event: 7.496 Thread 0x0000000002936000 Exception <a 'java/lang/NoSuchMethodError': java.lang.Object.lambda$static$0(I)[Lorg/jetbrains/kotlin/psi/KtExpression;> (0x00000000d90b8140) thrown at [D:\src\AOSP-openjdk-cygwin\jdk8u\hotspot\src\share\vm\interpreter\linkResolver.cpp, line 620]
Event: 7.593 Thread 0x0000000002936000 Implicit null exception at 0x00000000031ca3bd to 0x00000000031ca57d
Event: 7.622 Thread 0x0000000002936000 Implicit null exception at 0x0000000003204450 to 0x0000000003204519
Event: 7.870 Thread 0x0000000002936000 Exception <a 'java/lang/NoSuchMethodError': java.lang.Object.lambda$static$0(I)[Lorg/jetbrains/kotlin/psi/KtDeclaration;> (0x00000000d66b68e8) thrown at [D:\src\AOSP-openjdk-cygwin\jdk8u\hotspot\src\share\vm\interpreter\linkResolver.cpp, line 620]
Event: 7.876 Thread 0x0000000002936000 Exception <a 'java/lang/NoSuchMethodError': java.lang.Object.lambda$static$0(I)[Lorg/jetbrains/kotlin/com/intellij/psi/PsiElement;> (0x00000000d66c0b98) thrown at [D:\src\AOSP-openjdk-cygwin\jdk8u\hotspot\src\share\vm\interpreter\linkResolver.cpp, line 62
Event: 7.976 Thread 0x0000000002936000 Implicit null exception at 0x000000000325c594 to 0x000000000325c76c
Event: 8.282 Thread 0x0000000002936000 Exception <a 'java/lang/NoSuchMethodError': java.lang.Object.lambda$static$0(I)[Lorg/jetbrains/kotlin/psi/KtTypeElement;> (0x00000000d7011620) thrown at [D:\src\AOSP-openjdk-cygwin\jdk8u\hotspot\src\share\vm\interpreter\linkResolver.cpp, line 620]
Event: 8.929 Thread 0x0000000002936000 Exception <a 'java/lang/NoSuchMethodError': java.lang.Object.lambda$static$0(I)[Lorg/jetbrains/kotlin/com/intellij/psi/PsiClass;> (0x00000000d864aed8) thrown at [D:\src\AOSP-openjdk-cygwin\jdk8u\hotspot\src\share\vm\interpreter\linkResolver.cpp, line 620]

Events (10 events):
Event: 9.636 loading class org/jetbrains/kotlin/com/intellij/psi/impl/source/tree/java/PsiResourceListImpl
Event: 9.636 loading class org/jetbrains/kotlin/com/intellij/psi/impl/source/tree/java/PsiResourceListImpl done
Event: 9.637 loading class org/jetbrains/kotlin/com/intellij/psi/PsiResourceList
Event: 9.637 loading class org/jetbrains/kotlin/com/intellij/psi/PsiResourceList done
Event: 9.640 loading class org/jetbrains/kotlin/com/intellij/psi/impl/source/tree/java/PsiResourceVariableImpl
Event: 9.640 loading class org/jetbrains/kotlin/com/intellij/psi/impl/source/tree/java/PsiResourceVariableImpl done
Event: 9.640 loading class org/jetbrains/kotlin/com/intellij/psi/PsiResourceVariable
Event: 9.640 loading class org/jetbrains/kotlin/com/intellij/psi/PsiResourceVariable done
Event: 9.641 loading class org/jetbrains/kotlin/com/intellij/psi/PsiResourceListElement
Event: 9.641 loading class org/jetbrains/kotlin/com/intellij/psi/PsiResourceListElement done


Dynamic libraries:
0x00007ff7fa370000 - 0x00007ff7fa3a1000 	C:\Users\affe5\AppData\Local\JetBrains\Toolbox\apps\AndroidStudio\ch-0\192.5916306\jre\jre\bin\java.exe
0x00007ffd58740000 - 0x00007ffd58930000 	C:\WINDOWS\SYSTEM32\ntdll.dll
0x00007ffd58640000 - 0x00007ffd586f2000 	C:\WINDOWS\System32\KERNEL32.DLL
0x00007ffd55730000 - 0x00007ffd559d3000 	C:\WINDOWS\System32\KERNELBASE.dll
0x00007ffd568f0000 - 0x00007ffd56993000 	C:\WINDOWS\System32\ADVAPI32.dll
0x00007ffd57490000 - 0x00007ffd5752e000 	C:\WINDOWS\System32\msvcrt.dll
0x00007ffd567f0000 - 0x00007ffd56887000 	C:\WINDOWS\System32\sechost.dll
0x00007ffd579a0000 - 0x00007ffd57ac0000 	C:\WINDOWS\System32\RPCRT4.dll
0x00007ffd581f0000 - 0x00007ffd58384000 	C:\WINDOWS\System32\USER32.dll
0x00007ffd55c00000 - 0x00007ffd55c21000 	C:\WINDOWS\System32\win32u.dll
0x00007ffd57f80000 - 0x00007ffd57fa6000 	C:\WINDOWS\System32\GDI32.dll
0x00007ffd56600000 - 0x00007ffd56794000 	C:\WINDOWS\System32\gdi32full.dll
0x00007ffd559e0000 - 0x00007ffd55a7e000 	C:\WINDOWS\System32\msvcp_win.dll
0x00007ffd55a80000 - 0x00007ffd55b7a000 	C:\WINDOWS\System32\ucrtbase.dll
0x00007ffd44520000 - 0x00007ffd447a5000 	C:\WINDOWS\WinSxS\amd64_microsoft.windows.common-controls_6595b64144ccf1df_6.0.18362.418_none_e6c6b287130d565d\COMCTL32.dll
0x00007ffd57c40000 - 0x00007ffd57f76000 	C:\WINDOWS\System32\combase.dll
0x00007ffd55b80000 - 0x00007ffd55c00000 	C:\WINDOWS\System32\bcryptPrimitives.dll
0x00007ffd58610000 - 0x00007ffd5863e000 	C:\WINDOWS\System32\IMM32.DLL
0x00000000600d0000 - 0x00000000601a2000 	C:\Users\affe5\AppData\Local\JetBrains\Toolbox\apps\AndroidStudio\ch-0\192.5916306\jre\jre\bin\msvcr100.dll
0x0000000060290000 - 0x0000000060ad6000 	C:\Users\affe5\AppData\Local\JetBrains\Toolbox\apps\AndroidStudio\ch-0\192.5916306\jre\jre\bin\server\jvm.dll
0x00007ffd58550000 - 0x00007ffd58558000 	C:\WINDOWS\System32\PSAPI.DLL
0x00007ffd3dd00000 - 0x00007ffd3dd09000 	C:\WINDOWS\SYSTEM32\WSOCK32.dll
0x00007ffd51490000 - 0x00007ffd514b4000 	C:\WINDOWS\SYSTEM32\WINMM.dll
0x00007ffd58020000 - 0x00007ffd5808f000 	C:\WINDOWS\System32\WS2_32.dll
0x00007ffd51170000 - 0x00007ffd5119d000 	C:\WINDOWS\SYSTEM32\WINMMBASE.dll
0x00007ffd567a0000 - 0x00007ffd567ea000 	C:\WINDOWS\System32\cfgmgr32.dll
0x00007ffd4e690000 - 0x00007ffd4e69a000 	C:\WINDOWS\SYSTEM32\VERSION.dll
0x00007ffd50aa0000 - 0x00007ffd50aaf000 	C:\Users\affe5\AppData\Local\JetBrains\Toolbox\apps\AndroidStudio\ch-0\192.5916306\jre\jre\bin\verify.dll
0x00007ffd4dcb0000 - 0x00007ffd4dcd9000 	C:\Users\affe5\AppData\Local\JetBrains\Toolbox\apps\AndroidStudio\ch-0\192.5916306\jre\jre\bin\java.dll
0x00007ffd4e930000 - 0x00007ffd4e946000 	C:\Users\affe5\AppData\Local\JetBrains\Toolbox\apps\AndroidStudio\ch-0\192.5916306\jre\jre\bin\zip.dll
0x00007ffd56b20000 - 0x00007ffd57205000 	C:\WINDOWS\System32\SHELL32.dll
0x00007ffd58560000 - 0x00007ffd58609000 	C:\WINDOWS\System32\shcore.dll
0x00007ffd55ce0000 - 0x00007ffd5645f000 	C:\WINDOWS\System32\windows.storage.dll
0x00007ffd556b0000 - 0x00007ffd556cf000 	C:\WINDOWS\System32\profapi.dll
0x00007ffd55660000 - 0x00007ffd556aa000 	C:\WINDOWS\System32\powrprof.dll
0x00007ffd55610000 - 0x00007ffd55620000 	C:\WINDOWS\System32\UMPDC.dll
0x00007ffd57430000 - 0x00007ffd57482000 	C:\WINDOWS\System32\shlwapi.dll
0x00007ffd55620000 - 0x00007ffd55631000 	C:\WINDOWS\System32\kernel.appcore.dll
0x00007ffd56460000 - 0x00007ffd56477000 	C:\WINDOWS\System32\cryptsp.dll
0x00007ffd4dc90000 - 0x00007ffd4dcaa000 	C:\Users\affe5\AppData\Local\JetBrains\Toolbox\apps\AndroidStudio\ch-0\192.5916306\jre\jre\bin\net.dll
0x00007ffd477f0000 - 0x00007ffd479c6000 	C:\WINDOWS\SYSTEM32\urlmon.dll
0x00007ffd47520000 - 0x00007ffd477c6000 	C:\WINDOWS\SYSTEM32\iertutil.dll
0x00007ffd54fb0000 - 0x00007ffd54fbc000 	C:\WINDOWS\SYSTEM32\CRYPTBASE.DLL
0x00007ffd54e30000 - 0x00007ffd54e97000 	C:\WINDOWS\system32\mswsock.dll
0x00007ffd4dc70000 - 0x00007ffd4dc83000 	C:\Users\affe5\AppData\Local\JetBrains\Toolbox\apps\AndroidStudio\ch-0\192.5916306\jre\jre\bin\nio.dll

VM Arguments:
java_command: org.jetbrains.kotlin.cli.jvm.K2JVMCompiler -Xadd-compiler-builtins -Xbuild-file=C:\Users\affe5\AppData\Local\Temp\kjps28031726105859510app_debug.script.xml -classpath C:\Users\affe5\OneDrive\Desktop\Schule\Syp\Breaknotifier\app\build\intermediates\compile_and_runtime_not_namespaced_r_class_jar\debug\R.jar;C:\Users\affe5\.gradle\caches\transforms-2\files-2.1\b4675f335ba272da5ac1faa2d8a8c1ca\jetified-kotlin-stdlib-jdk7-1.3.11.jar;C:\Users\affe5\.gradle\caches\transforms-2\files-2.1\2f2d2e5dc2e39a6f9fbe863a43533129\jetified-lifecycle-viewmodel-ktx-2.0.0-api.jar;C:\Users\affe5\.gradle\caches\transforms-2\files-2.1\78564cfa83676f132fb0574e6e891631\jetified-kotlin-stdlib-1.3.11.jar;C:\Users\affe5\.gradle\caches\transforms-2\files-2.1\55b1ecbbbf7d7332135f67f454db97d7\jetified-kotlin-stdlib-common-1.3.11.jar;C:\Users\affe5\.gradle\caches\transforms-2\files-2.1\c9ad5b5398e87c2b3f5e83bdcd6acae8\jetified-annotations-13.0.jar;C:\Users\affe5\.gradle\caches\transforms-2\files-2.1\d9d44f1a68a5e1ce33d5456aedc476a5\appcompat-1.0.0-api.jar;C:\Users\affe5\.gradle\caches\transforms-2\files-2.1\782ff692c8cb6d3921f6ed8317920ed6\fragment-1.0.0-api.jar;C:\Users\affe5\.gradle\caches\transforms-2\files-2.1\93648511a876f487eab520ae4cb50742\vectordrawable-animated-1.0.0-api.jar;C:\Users\affe5\.gradle\caches\transforms-2\files-2.1\164c311f7ee00b622a9b1f52ed60752f\legacy-support-core-ui-1.0.0-api.jar;C:\Users\affe5\.gradle\caches\transforms-2\files-2.1\7fca4769d12b013301c29bc0693dc1a2\legacy-support-core-utils-1.0.0-api.jar;C:\Users\affe5\.gradle\caches\transforms-2\files-2.1\fb3b38bed181f6a7c9062f9126f6a041\vectordrawable-1.0.0-api.jar;C:\Users\affe5\.gradle\caches\transforms-2\files-2.1\701a2da92825707f5eec855dd2e45fb7\loader-1.0.0-api.jar;C:\Users\affe5\.gradle\caches\transforms-2\files-2.1\fbc6030f86c307ab0ed96bf7811785b6\viewpager-1.0.0-api.jar;C:\Users\affe5\.gradle\caches\transforms-2\files-2.1\8742fcf698ada980fe3e136461a79799\coordinatorlayout-1.0.0-api.jar;C:\Users\affe5
java_class_path (initial): C:\Users\affe5\.gradle\caches\modules-2\files-2.1\org.jetbrains.kotlin\kotlin-compiler-embeddable\1.3.11\a8db6c14f8b8ed74aa11b8379f961587b639c571\kotlin-compiler-embeddable-1.3.11.jar;C:\Users\affe5\.gradle\caches\modules-2\files-2.1\org.jetbrains.kotlin\kotlin-reflect\1.3.11\aae7b33412715e9ed441934c4ffaad1bb80e9d36\kotlin-reflect-1.3.11.jar;C:\Users\affe5\.gradle\caches\modules-2\files-2.1\org.jetbrains.kotlin\kotlin-stdlib\1.3.11\4cbc5922a54376018307a731162ccaf3ef851a39\kotlin-stdlib-1.3.11.jar;C:\Users\affe5\.gradle\caches\modules-2\files-2.1\org.jetbrains.kotlin\kotlin-script-runtime\1.3.11\1ef3a816aeacb9cd051b3ed37e2abf88910f1503\kotlin-script-runtime-1.3.11.jar;C:\Users\affe5\.gradle\caches\modules-2\files-2.1\org.jetbrains.kotlin\kotlin-stdlib-common\1.3.11\d8b8e746e279f1c4f5e08bc14a96b82e6bb1de02\kotlin-stdlib-common-1.3.11.jar;C:\Users\affe5\.gradle\caches\modules-2\files-2.1\org.jetbrains\annotations\13.0\919f0dfe192fb4e063e7dacadee7f8bb9a2672a9\annotations-13.0.jar;C:\Users\affe5\AppData\Local\JetBrains\Toolbox\apps\AndroidStudio\ch-0\192.5916306\jre\lib\tools.jar
Launcher Type: SUN_STANDARD

Environment Variables:
JAVA_HOME=C:\Program Files\Java\jdk1.8.0_221
PATH=C:\ProgramData\DockerDesktop\version-bin;C:\Program Files\Docker\Docker\Resources\bin;D:\Program Files\AdoptOpenJDK\jdk-11.0.4.11-openj9\bin;D:\oraclexe\app\oracle\product\11.2.0\server\bin;C:\WINDOWS\system32;C:\WINDOWS;C:\WINDOWS\System32\Wbem;C:\WINDOWS\System32\WindowsPowerShell\v1.0\;C:\WINDOWS\System32\OpenSSH\;C:\Program Files\Intel\WiFi\bin\;C:\Program Files\Common Files\Intel\WirelessCommon\;D:\Program Files\nodejs\;D:\Program Files (x86)\Yarn\bin\;C:\Program Files\dotnet\;C:\Program Files\Microsoft SQL Server\130\Tools\Binn\;C:\OPT\apache-maven-3.6.2\bin;C:\Program Files\Microsoft SQL Server\Client SDK\ODBC\170\Tools\Binn\;D:\Program Files\Git\cmd;C:\Program Files\Git\cmd;C:\Users\affe5\AppData\Local\Microsoft\WindowsApps;C:\Users\affe5\AppData\Roaming\npm;C:\Users\affe5\AppData\Local\Yarn\bin;D:\Users\affe5\AppData\Local\Programs\Microsoft VS Code\bin;C:\Users\affe5\.dotnet\tools
USERNAME=affe5
OS=Windows_NT
PROCESSOR_IDENTIFIER=Intel64 Family 6 Model 142 Stepping 11, GenuineIntel



---------------  S Y S T E M  ---------------

OS: Windows 10.0 , 64 bit Build 18362 (10.0.18362.329)

CPU:total 8 (initial active 8) (4 cores per cpu, 2 threads per core) family 6 model 142 stepping 11, cmov, cx8, fxsr, mmx, sse, sse2, sse3, ssse3, sse4.1, sse4.2, popcnt, avx, avx2, aes, clmul, erms, 3dnowpref, lzcnt, ht, tsc, tscinvbit, bmi1, bmi2, adx

Memory: 4k page, physical 8230708k(350808k free), swap 8230708k(6036k free)

vm_info: OpenJDK 64-Bit Server VM (25.212-b04) for windows-amd64 JRE (1.8.0_212-release-1586-b04), built by "builder" with MS VC++ 10.0 (VS2010)

time: Thu Oct 17 10:32:31 2019
timezone: Mitteleuropäische Sommerzeit
elapsed time: 9 seconds (0d 0h 0m 9s)

