#
# There is insufficient memory for the Java Runtime Environment to continue.
# Native memory allocation (malloc) failed to allocate 1090016 bytes for Chunk::new
# Possible reasons:
#   The system is out of physical RAM or swap space
#   The process is running with CompressedOops enabled, and the Java Heap may be blocking the growth of the native heap
# Possible solutions:
#   Reduce memory load on the system
#   Increase physical memory or swap space
#   Check if swap backing store is full
#   Decrease Java heap size (-Xmx/-Xms)
#   Decrease number of Java threads
#   Decrease Java thread stack sizes (-Xss)
#   Set larger code cache with -XX:ReservedCodeCacheSize=
#   JVM is running with Unscaled Compressed Oops mode in which the Java heap is
#     placed in the first 4GB address space. The Java Heap base address is the
#     maximum limit for the native heap growth. Please use -XX:HeapBaseMinAddress
#     to set the Java Heap base and to place the Java Heap above 4GB virtual address.
# This output file may be truncated or incomplete.
#
#  Out of Memory Error (allocation.cpp:389), pid=12108, tid=0x0000000000001b54
#
# JRE version: OpenJDK Runtime Environment (8.0_212-b04) (build 1.8.0_212-release-1586-b04)
# Java VM: OpenJDK 64-Bit Server VM (25.212-b04 mixed mode windows-amd64 compressed oops)
# Failed to write core dump. Minidumps are not enabled by default on client versions of Windows
#

---------------  T H R E A D  ---------------

Current thread (0x0000000016e7d800):  JavaThread "C2 CompilerThread2" daemon [_thread_in_native, id=6996, stack(0x0000000019780000,0x0000000019880000)]

Stack: [0x0000000019780000,0x0000000019880000]
[error occurred during error reporting (printing stack bounds), id 0xc0000005]

Native frames: (J=compiled Java code, j=interpreted, Vv=VM code, C=native code)


Current CompileTask:
C2:  14425 4494       4       java.io.ObjectOutputStream::writeClassDesc (60 bytes)


---------------  P R O C E S S  ---------------

Java Threads: ( => current thread )
  0x000000001e089800 JavaThread "Cache worker for Build Output Cleanup Cache (C:\Users\affe5\OneDrive\Desktop\Schule\Syp\Breaknotifier\.gradle\buildOutputCleanup)" [_thread_blocked, id=7088, stack(0x0000000023ee0000,0x0000000023fe0000)]
  0x000000001e08e800 JavaThread "Build operations Thread 8" [_thread_blocked, id=10828, stack(0x0000000023be0000,0x0000000023ce0000)]
  0x000000001e082000 JavaThread "Build operations Thread 7" [_thread_blocked, id=556, stack(0x0000000023ae0000,0x0000000023be0000)]
  0x000000001e085000 JavaThread "Build operations Thread 6" [_thread_blocked, id=6348, stack(0x00000000239e0000,0x0000000023ae0000)]
  0x000000001e084000 JavaThread "Build operations Thread 5" [_thread_blocked, id=3000, stack(0x00000000238e0000,0x00000000239e0000)]
  0x000000001e082800 JavaThread "Build operations Thread 4" [_thread_blocked, id=10868, stack(0x00000000237e0000,0x00000000238e0000)]
  0x000000001e088000 JavaThread "Build operations Thread 3" [_thread_blocked, id=7076, stack(0x00000000236e0000,0x00000000237e0000)]
  0x000000001e087000 JavaThread "Build operations Thread 2" [_thread_blocked, id=1568, stack(0x00000000235e0000,0x00000000236e0000)]
  0x000000001e083800 JavaThread "Build operations" [_thread_blocked, id=4056, stack(0x00000000234e0000,0x00000000235e0000)]
  0x000000001e086800 JavaThread "Cache worker for execution history cache (C:\Users\affe5\.gradle\caches\5.6.1\executionHistory)" [_thread_blocked, id=1368, stack(0x0000000021db0000,0x0000000021eb0000)]
  0x000000001e085800 JavaThread "Cache worker for cache directory md-rule (C:\Users\affe5\.gradle\caches\5.6.1\md-rule)" [_thread_blocked, id=4092, stack(0x0000000020210000,0x0000000020310000)]
  0x000000001b018000 JavaThread "Cache worker for cache directory md-supplier (C:\Users\affe5\.gradle\caches\5.6.1\md-supplier)" [_thread_blocked, id=1276, stack(0x000000001ff70000,0x0000000020070000)]
  0x000000001b014000 JavaThread "Cache worker for file hash cache (C:\Users\affe5\OneDrive\Desktop\Schule\Syp\Breaknotifier\.gradle\5.6.1\fileHashes)" [_thread_blocked, id=3724, stack(0x0000000020110000,0x0000000020210000)]
  0x000000001b018800 JavaThread "Cache worker for journal cache (C:\Users\affe5\.gradle\caches\journal-1)" [_thread_blocked, id=12600, stack(0x000000001dad0000,0x000000001dbd0000)]
  0x000000001b015800 JavaThread "File lock request listener" [_thread_in_native, id=12760, stack(0x000000001d9d0000,0x000000001dad0000)]
  0x000000001b017000 JavaThread "Cache worker for file hash cache (C:\Users\affe5\.gradle\caches\5.6.1\fileHashes)" [_thread_blocked, id=12776, stack(0x000000001d8d0000,0x000000001d9d0000)]
  0x000000001ba30800 JavaThread "Thread-9" [_thread_blocked, id=12712, stack(0x000000001d5d0000,0x000000001d6d0000)]
  0x000000001ba2f800 JavaThread "Stdin handler" [_thread_blocked, id=8148, stack(0x000000001d4d0000,0x000000001d5d0000)]
  0x000000001ba2f000 JavaThread "Asynchronous log dispatcher for DefaultDaemonConnection: socket connection from /127.0.0.1:51176 to /127.0.0.1:51177" [_thread_blocked, id=7268, stack(0x000000001d2d0000,0x000000001d3d0000)]
  0x000000001b80f000 JavaThread "Daemon worker" [_thread_in_vm, id=8076, stack(0x000000001d1d0000,0x000000001d2d0000)]
  0x000000001b929800 JavaThread "Cancel handler" [_thread_blocked, id=12260, stack(0x000000001d0d0000,0x000000001d1d0000)]
  0x000000001b800000 JavaThread "Handler for socket connection from /127.0.0.1:51176 to /127.0.0.1:51177" [_thread_in_native, id=9048, stack(0x000000001cdd0000,0x000000001ced0000)]
  0x000000001b7fd800 JavaThread "Daemon" [_thread_blocked, id=1700, stack(0x000000001ccd0000,0x000000001cdd0000)]
  0x000000001b7d5000 JavaThread "Daemon periodic checks" [_thread_blocked, id=12148, stack(0x000000001cbd0000,0x000000001ccd0000)]
  0x000000001b7d4800 JavaThread "Incoming local TCP Connector on port 51176" [_thread_in_native, id=2724, stack(0x000000001c960000,0x000000001ca60000)]
  0x0000000018f08000 JavaThread "Daemon health stats" [_thread_blocked, id=1100, stack(0x000000001c320000,0x000000001c420000)]
  0x0000000018cc8000 JavaThread "Service Thread" daemon [_thread_blocked, id=9116, stack(0x0000000019980000,0x0000000019a80000)]
  0x0000000018c8d800 JavaThread "C1 CompilerThread3" daemon [_thread_blocked, id=2820, stack(0x0000000019880000,0x0000000019980000)]
=>0x0000000016e7d800 JavaThread "C2 CompilerThread2" daemon [_thread_in_native, id=6996, stack(0x0000000019780000,0x0000000019880000)]
  0x0000000018c83000 JavaThread "C2 CompilerThread1" daemon [_thread_in_native, id=2896, stack(0x0000000019680000,0x0000000019780000)]
  0x0000000018c81000 JavaThread "C2 CompilerThread0" daemon [_thread_in_native, id=4772, stack(0x0000000019580000,0x0000000019680000)]
  0x0000000018c7c800 JavaThread "Attach Listener" daemon [_thread_blocked, id=3312, stack(0x0000000019480000,0x0000000019580000)]
  0x0000000018c7b800 JavaThread "Signal Dispatcher" daemon [_thread_blocked, id=9432, stack(0x0000000019380000,0x0000000019480000)]
  0x0000000018c71000 JavaThread "Finalizer" daemon [_thread_blocked, id=6004, stack(0x0000000019150000,0x0000000019250000)]
  0x0000000016e6c800 JavaThread "Reference Handler" daemon [_thread_blocked, id=2884, stack(0x0000000019050000,0x0000000019150000)]
  0x0000000002eae000 JavaThread "main" [_thread_blocked, id=2692, stack(0x0000000002eb0000,0x0000000002fb0000)]

Other Threads:
  0x0000000016e68000 VMThread [stack: 0x0000000018b50000,0x0000000018c50000] [id=11288]
  0x0000000018cc8800 WatcherThread [stack: 0x0000000019a80000,0x0000000019b80000] [id=6720]

VM state:not at safepoint (normal execution)

VM Mutex/Monitor currently owned by a thread: None

heap address: 0x00000000a0000000, size: 1536 MB, Compressed Oops mode: 32-bit
Narrow klass base: 0x0000000000000000, Narrow klass shift: 3
Compressed class space size: 1073741824 Address: 0x0000000100000000

Heap:
 PSYoungGen      total 114176K, used 64180K [0x00000000e0000000, 0x00000000e7c80000, 0x0000000100000000)
  eden space 102400K, 51% used [0x00000000e0000000,0x00000000e3331628,0x00000000e6400000)
  from space 11776K, 99% used [0x00000000e6f80000,0x00000000e7afbd00,0x00000000e7b00000)
  to   space 11776K, 0% used [0x00000000e6400000,0x00000000e6400000,0x00000000e6f80000)
 ParOldGen       total 60416K, used 16827K [0x00000000a0000000, 0x00000000a3b00000, 0x00000000e0000000)
  object space 60416K, 27% used [0x00000000a0000000,0x00000000a106ede0,0x00000000a3b00000)
 Metaspace       used 48430K, capacity 49850K, committed 50176K, reserved 1095680K
  class space    used 6474K, capacity 6830K, committed 6912K, reserved 1048576K

Card table byte_map: [0x0000000012470000,0x0000000012780000] byte_map_base: 0x0000000011f70000

Marking Bits: (ParMarkBitMap*) 0x0000000056729f30
 Begin Bits: [0x0000000013180000, 0x0000000014980000)
 End Bits:   [0x0000000014980000, 0x0000000016180000)

Polling page: 0x0000000001250000

CodeCache: size=245760Kb used=14519Kb max_used=14519Kb free=231240Kb
 bounds [0x00000000030b0000, 0x0000000003ef0000, 0x00000000120b0000]
 total_blobs=5008 nmethods=4242 adapters=679
 compilation: enabled

Compilation events (10 events):
Event: 14.406 Thread 0x0000000018c8d800 nmethod 4562 0x0000000003edf510 code [0x0000000003edf660, 0x0000000003edf770]
Event: 14.406 Thread 0x0000000018c8d800 4563       3       org.codehaus.groovy.runtime.metaclass.MetaMethodIndex::addMethodToList (298 bytes)
Event: 14.408 Thread 0x0000000018c81000 nmethod 4548 0x0000000003ee3050 code [0x0000000003ee3200, 0x0000000003ee3e78]
Event: 14.408 Thread 0x0000000018c81000 4564       4       org.codehaus.groovy.runtime.metaclass.MetaMethodIndex::isMatchingMethod (65 bytes)
Event: 14.408 Thread 0x0000000018c8d800 nmethod 4563 0x0000000003edfa90 code [0x0000000003edfe60, 0x0000000003ee22c8]
Event: 14.408 Thread 0x0000000018c8d800 4565       3       java.util.ComparableTimSort::countRunAndMakeAscending (123 bytes)
Event: 14.409 Thread 0x0000000018c8d800 nmethod 4565 0x0000000003ee4b10 code [0x0000000003ee4d20, 0x0000000003ee5ac8]
Event: 14.413 Thread 0x0000000018c8d800 4566       3       org.codehaus.groovy.reflection.stdclasses.CachedSAMClass::isAssignableFrom (30 bytes)
Event: 14.414 Thread 0x0000000018c8d800 nmethod 4566 0x0000000003ee6010 code [0x0000000003ee61a0, 0x0000000003ee6678]
Event: 14.423 Thread 0x0000000018c8d800 4567       3       com.sun.beans.TypeResolver::prepare (237 bytes)

GC Heap History (10 events):
Event: 8.793 GC heap before
{Heap before GC invocations=8 (full 1):
 PSYoungGen      total 74752K, used 64512K [0x00000000e0000000, 0x00000000e5600000, 0x0000000100000000)
  eden space 64512K, 100% used [0x00000000e0000000,0x00000000e3f00000,0x00000000e3f00000)
  from space 10240K, 0% used [0x00000000e4a00000,0x00000000e4a00000,0x00000000e5400000)
  to   space 11264K, 0% used [0x00000000e3f00000,0x00000000e3f00000,0x00000000e4a00000)
 ParOldGen       total 60416K, used 10534K [0x00000000a0000000, 0x00000000a3b00000, 0x00000000e0000000)
  object space 60416K, 17% used [0x00000000a0000000,0x00000000a0a49ad0,0x00000000a3b00000)
 Metaspace       used 29183K, capacity 29858K, committed 30080K, reserved 1075200K
  class space    used 3946K, capacity 4152K, committed 4224K, reserved 1048576K
Event: 8.805 GC heap after
Heap after GC invocations=8 (full 1):
 PSYoungGen      total 75776K, used 8288K [0x00000000e0000000, 0x00000000e7b00000, 0x0000000100000000)
  eden space 64512K, 0% used [0x00000000e0000000,0x00000000e0000000,0x00000000e3f00000)
  from space 11264K, 73% used [0x00000000e3f00000,0x00000000e47182a8,0x00000000e4a00000)
  to   space 11776K, 0% used [0x00000000e6f80000,0x00000000e6f80000,0x00000000e7b00000)
 ParOldGen       total 60416K, used 10542K [0x00000000a0000000, 0x00000000a3b00000, 0x00000000e0000000)
  object space 60416K, 17% used [0x00000000a0000000,0x00000000a0a4bad0,0x00000000a3b00000)
 Metaspace       used 29183K, capacity 29858K, committed 30080K, reserved 1075200K
  class space    used 3946K, capacity 4152K, committed 4224K, reserved 1048576K
}
Event: 9.777 GC heap before
{Heap before GC invocations=9 (full 1):
 PSYoungGen      total 75776K, used 72800K [0x00000000e0000000, 0x00000000e7b00000, 0x0000000100000000)
  eden space 64512K, 100% used [0x00000000e0000000,0x00000000e3f00000,0x00000000e3f00000)
  from space 11264K, 73% used [0x00000000e3f00000,0x00000000e47182a8,0x00000000e4a00000)
  to   space 11776K, 0% used [0x00000000e6f80000,0x00000000e6f80000,0x00000000e7b00000)
 ParOldGen       total 60416K, used 10542K [0x00000000a0000000, 0x00000000a3b00000, 0x00000000e0000000)
  object space 60416K, 17% used [0x00000000a0000000,0x00000000a0a4bad0,0x00000000a3b00000)
 Metaspace       used 32121K, capacity 32870K, committed 33152K, reserved 1077248K
  class space    used 4418K, capacity 4644K, committed 4736K, reserved 1048576K
Event: 9.794 GC heap after
Heap after GC invocations=9 (full 1):
 PSYoungGen      total 114176K, used 8919K [0x00000000e0000000, 0x00000000e7c80000, 0x0000000100000000)
  eden space 102400K, 0% used [0x00000000e0000000,0x00000000e0000000,0x00000000e6400000)
  from space 11776K, 75% used [0x00000000e6f80000,0x00000000e7835e38,0x00000000e7b00000)
  to   space 11776K, 0% used [0x00000000e6400000,0x00000000e6400000,0x00000000e6f80000)
 ParOldGen       total 60416K, used 10550K [0x00000000a0000000, 0x00000000a3b00000, 0x00000000e0000000)
  object space 60416K, 17% used [0x00000000a0000000,0x00000000a0a4dad0,0x00000000a3b00000)
 Metaspace       used 32121K, capacity 32870K, committed 33152K, reserved 1077248K
  class space    used 4418K, capacity 4644K, committed 4736K, reserved 1048576K
}
Event: 10.724 GC heap before
{Heap before GC invocations=10 (full 1):
 PSYoungGen      total 114176K, used 60579K [0x00000000e0000000, 0x00000000e7c80000, 0x0000000100000000)
  eden space 102400K, 50% used [0x00000000e0000000,0x00000000e3273190,0x00000000e6400000)
  from space 11776K, 75% used [0x00000000e6f80000,0x00000000e7835e38,0x00000000e7b00000)
  to   space 11776K, 0% used [0x00000000e6400000,0x00000000e6400000,0x00000000e6f80000)
 ParOldGen       total 60416K, used 10550K [0x00000000a0000000, 0x00000000a3b00000, 0x00000000e0000000)
  object space 60416K, 17% used [0x00000000a0000000,0x00000000a0a4dad0,0x00000000a3b00000)
 Metaspace       used 34537K, capacity 35404K, committed 35456K, reserved 1079296K
  class space    used 4759K, capacity 4977K, committed 4992K, reserved 1048576K
Event: 10.751 GC heap after
Heap after GC invocations=10 (full 1):
 PSYoungGen      total 114176K, used 9589K [0x00000000e0000000, 0x00000000e7c80000, 0x0000000100000000)
  eden space 102400K, 0% used [0x00000000e0000000,0x00000000e0000000,0x00000000e6400000)
  from space 11776K, 81% used [0x00000000e6400000,0x00000000e6d5d710,0x00000000e6f80000)
  to   space 11776K, 0% used [0x00000000e6f80000,0x00000000e6f80000,0x00000000e7b00000)
 ParOldGen       total 60416K, used 10558K [0x00000000a0000000, 0x00000000a3b00000, 0x00000000e0000000)
  object space 60416K, 17% used [0x00000000a0000000,0x00000000a0a4fad0,0x00000000a3b00000)
 Metaspace       used 34537K, capacity 35404K, committed 35456K, reserved 1079296K
  class space    used 4759K, capacity 4977K, committed 4992K, reserved 1048576K
}
Event: 10.751 GC heap before
{Heap before GC invocations=11 (full 2):
 PSYoungGen      total 114176K, used 9589K [0x00000000e0000000, 0x00000000e7c80000, 0x0000000100000000)
  eden space 102400K, 0% used [0x00000000e0000000,0x00000000e0000000,0x00000000e6400000)
  from space 11776K, 81% used [0x00000000e6400000,0x00000000e6d5d710,0x00000000e6f80000)
  to   space 11776K, 0% used [0x00000000e6f80000,0x00000000e6f80000,0x00000000e7b00000)
 ParOldGen       total 60416K, used 10558K [0x00000000a0000000, 0x00000000a3b00000, 0x00000000e0000000)
  object space 60416K, 17% used [0x00000000a0000000,0x00000000a0a4fad0,0x00000000a3b00000)
 Metaspace       used 34537K, capacity 35404K, committed 35456K, reserved 1079296K
  class space    used 4759K, capacity 4977K, committed 4992K, reserved 1048576K
Event: 10.918 GC heap after
Heap after GC invocations=11 (full 2):
 PSYoungGen      total 114176K, used 0K [0x00000000e0000000, 0x00000000e7c80000, 0x0000000100000000)
  eden space 102400K, 0% used [0x00000000e0000000,0x00000000e0000000,0x00000000e6400000)
  from space 11776K, 0% used [0x00000000e6400000,0x00000000e6400000,0x00000000e6f80000)
  to   space 11776K, 0% used [0x00000000e6f80000,0x00000000e6f80000,0x00000000e7b00000)
 ParOldGen       total 60416K, used 16108K [0x00000000a0000000, 0x00000000a3b00000, 0x00000000e0000000)
  object space 60416K, 26% used [0x00000000a0000000,0x00000000a0fbb3a0,0x00000000a3b00000)
 Metaspace       used 34523K, capacity 35356K, committed 35456K, reserved 1079296K
  class space    used 4755K, capacity 4969K, committed 4992K, reserved 1048576K
}
Event: 13.278 GC heap before
{Heap before GC invocations=12 (full 2):
 PSYoungGen      total 114176K, used 102400K [0x00000000e0000000, 0x00000000e7c80000, 0x0000000100000000)
  eden space 102400K, 100% used [0x00000000e0000000,0x00000000e6400000,0x00000000e6400000)
  from space 11776K, 0% used [0x00000000e6400000,0x00000000e6400000,0x00000000e6f80000)
  to   space 11776K, 0% used [0x00000000e6f80000,0x00000000e6f80000,0x00000000e7b00000)
 ParOldGen       total 60416K, used 16108K [0x00000000a0000000, 0x00000000a3b00000, 0x00000000e0000000)
  object space 60416K, 26% used [0x00000000a0000000,0x00000000a0fbb3a0,0x00000000a3b00000)
 Metaspace       used 44014K, capacity 45228K, committed 45440K, reserved 1089536K
  class space    used 5952K, capacity 6218K, committed 6272K, reserved 1048576K
Event: 13.296 GC heap after
Heap after GC invocations=12 (full 2):
 PSYoungGen      total 114176K, used 11759K [0x00000000e0000000, 0x00000000e7c80000, 0x0000000100000000)
  eden space 102400K, 0% used [0x00000000e0000000,0x00000000e0000000,0x00000000e6400000)
  from space 11776K, 99% used [0x00000000e6f80000,0x00000000e7afbd00,0x00000000e7b00000)
  to   space 11776K, 0% used [0x00000000e6400000,0x00000000e6400000,0x00000000e6f80000)
 ParOldGen       total 60416K, used 16827K [0x00000000a0000000, 0x00000000a3b00000, 0x00000000e0000000)
  object space 60416K, 27% used [0x00000000a0000000,0x00000000a106ede0,0x00000000a3b00000)
 Metaspace       used 44014K, capacity 45228K, committed 45440K, reserved 1089536K
  class space    used 5952K, capacity 6218K, committed 6272K, reserved 1048576K
}

Deoptimization events (10 events):
Event: 13.770 Thread 0x000000001b80f000 Uncommon trap: reason=unstable_if action=reinterpret pc=0x00000000033bbed4 method=org.gradle.internal.reflect.PropertyAccessorType.of(Ljava/lang/reflect/Method;)Lorg/gradle/internal/reflect/PropertyAccessorType; @ 56
Event: 14.111 Thread 0x000000001b80f000 Uncommon trap: reason=speculate_class_check action=maybe_recompile pc=0x0000000003af29e8 method=com.google.common.collect.AbstractIndexedListIterator.next()Ljava/lang/Object; @ 27
Event: 14.111 Thread 0x000000001b80f000 Uncommon trap: reason=speculate_class_check action=maybe_recompile pc=0x0000000003af29e8 method=com.google.common.collect.AbstractIndexedListIterator.next()Ljava/lang/Object; @ 27
Event: 14.111 Thread 0x000000001b80f000 Uncommon trap: reason=speculate_class_check action=maybe_recompile pc=0x0000000003af29e8 method=com.google.common.collect.AbstractIndexedListIterator.next()Ljava/lang/Object; @ 27
Event: 14.111 Thread 0x000000001b80f000 Uncommon trap: reason=speculate_class_check action=maybe_recompile pc=0x0000000003af29e8 method=com.google.common.collect.AbstractIndexedListIterator.next()Ljava/lang/Object; @ 27
Event: 14.140 Thread 0x000000001b80f000 Uncommon trap: reason=unstable_if action=reinterpret pc=0x0000000003cd34f0 method=org.gradle.internal.instantiation.AbstractClassGenerator$InjectionAnnotationValidator.validateMethod(Ljava/lang/reflect/Method;Lorg/gradle/internal/reflect/PropertyAccessorT
Event: 14.218 Thread 0x000000001b80f000 Uncommon trap: reason=unstable_if action=reinterpret pc=0x0000000003c973dc method=java.util.concurrent.ConcurrentHashMap.putVal(Ljava/lang/Object;Ljava/lang/Object;Z)Ljava/lang/Object; @ 195
Event: 14.242 Thread 0x000000001b80f000 Uncommon trap: reason=unstable_if action=reinterpret pc=0x00000000038c4b24 method=java.lang.String.lastIndexOf([CII[CIII)I @ 17
Event: 14.243 Thread 0x000000001b80f000 Uncommon trap: reason=unstable_if action=reinterpret pc=0x0000000003c58d48 method=sun.net.www.protocol.jar.Handler.parseURL(Ljava/net/URL;Ljava/lang/String;II)V @ 94
Event: 14.405 Thread 0x000000001b80f000 Uncommon trap: reason=unstable_if action=reinterpret pc=0x000000000394b5bc method=org.codehaus.groovy.runtime.metaclass.MetaMethodIndex.addMethodToList(Ljava/lang/Object;Lgroovy/lang/MetaMethod;)Ljava/lang/Object; @ 226

Classes redefined (0 events):
No events

Internal exceptions (10 events):
Event: 14.380 Thread 0x000000001b80f000 Exception <a 'java/lang/ClassNotFoundException': com/android/build/gradle/internal/dsl/BaseFlavorCustomizer> (0x00000000e2b7a690) thrown at [D:\src\AOSP-openjdk-cygwin\jdk8u\hotspot\src\share\vm\classfile\systemDictionary.cpp, line 210]
Event: 14.382 Thread 0x000000001b80f000 Exception <a 'java/lang/ClassNotFoundException': com/android/build/gradle/internal/dsl/DefaultConfigCustomizer> (0x00000000e2bd90e8) thrown at [D:\src\AOSP-openjdk-cygwin\jdk8u\hotspot\src\share\vm\classfile\systemDictionary.cpp, line 210]
Event: 14.383 Thread 0x000000001b80f000 Exception <a 'java/lang/ClassNotFoundException': com/android/build/gradle/internal/dsl/DefaultConfig_DecoratedCustomizer> (0x00000000e2c0bd08) thrown at [D:\src\AOSP-openjdk-cygwin\jdk8u\hotspot\src\share\vm\classfile\systemDictionary.cpp, line 210]
Event: 14.396 Thread 0x000000001b80f000 Exception <a 'java/lang/ClassNotFoundException': org/gradle/api/internal/NamedDomainObjectContainerConfigureDelegateBeanInfo> (0x00000000e2d4b0c8) thrown at [D:\src\AOSP-openjdk-cygwin\jdk8u\hotspot\src\share\vm\classfile\systemDictionary.cpp, line 210]
Event: 14.398 Thread 0x000000001b80f000 Exception <a 'java/lang/ClassNotFoundException': org/gradle/api/internal/NamedDomainObjectContainerConfigureDelegateCustomizer> (0x00000000e2d947e0) thrown at [D:\src\AOSP-openjdk-cygwin\jdk8u\hotspot\src\share\vm\classfile\systemDictionary.cpp, line 210]
Event: 14.415 Thread 0x000000001b80f000 Exception <a 'java/lang/ClassNotFoundException': org/gradle/api/internal/FactoryNamedDomainObjectContainer_DecoratedBeanInfo> (0x00000000e2ffeb98) thrown at [D:\src\AOSP-openjdk-cygwin\jdk8u\hotspot\src\share\vm\classfile\systemDictionary.cpp, line 210]
Event: 14.417 Thread 0x000000001b80f000 Exception <a 'java/lang/ClassNotFoundException': org/gradle/api/internal/FactoryNamedDomainObjectContainerBeanInfo> (0x00000000e3040a80) thrown at [D:\src\AOSP-openjdk-cygwin\jdk8u\hotspot\src\share\vm\classfile\systemDictionary.cpp, line 210]
Event: 14.419 Thread 0x000000001b80f000 Exception <a 'java/lang/ClassNotFoundException': org/gradle/api/internal/AbstractNamedDomainObjectContainerBeanInfo> (0x00000000e3082960) thrown at [D:\src\AOSP-openjdk-cygwin\jdk8u\hotspot\src\share\vm\classfile\systemDictionary.cpp, line 210]
Event: 14.420 Thread 0x000000001b80f000 Exception <a 'java/lang/ClassNotFoundException': org/gradle/api/internal/DefaultNamedDomainObjectSetBeanInfo> (0x00000000e30c1c40) thrown at [D:\src\AOSP-openjdk-cygwin\jdk8u\hotspot\src\share\vm\classfile\systemDictionary.cpp, line 210]
Event: 14.422 Thread 0x000000001b80f000 Exception <a 'java/lang/ClassNotFoundException': org/gradle/api/internal/DefaultNamedDomainObjectSetCustomizer> (0x00000000e3101da8) thrown at [D:\src\AOSP-openjdk-cygwin\jdk8u\hotspot\src\share\vm\classfile\systemDictionary.cpp, line 210]

Events (10 events):
Event: 14.420 loading class org/gradle/api/internal/DefaultNamedDomainObjectSetCustomizer
Event: 14.420 loading class org/gradle/api/internal/DefaultNamedDomainObjectSetCustomizer done
Event: 14.421 loading class org/gradle/api/internal/DefaultNamedDomainObjectSetCustomizer
Event: 14.421 loading class org/gradle/api/internal/DefaultNamedDomainObjectSetCustomizer done
Event: 14.421 loading class org/gradle/api/internal/DefaultNamedDomainObjectSetCustomizer
Event: 14.421 loading class org/gradle/api/internal/DefaultNamedDomainObjectSetCustomizer done
Event: 14.422 loading class org/gradle/api/internal/DefaultNamedDomainObjectSetCustomizer
Event: 14.422 loading class org/gradle/api/internal/DefaultNamedDomainObjectSetCustomizer done
Event: 14.423 loading class org/gradle/api/internal/AbstractNamedDomainObjectContainerCustomizer
Event: 14.423 loading class org/gradle/api/internal/AbstractNamedDomainObjectContainerCustomizer done


Dynamic libraries:
0x00007ff6ccb20000 - 0x00007ff6ccb51000 	C:\Users\affe5\AppData\Local\JetBrains\Toolbox\apps\AndroidStudio\ch-0\192.5916306\jre\bin\java.exe
0x00007ffbd07c0000 - 0x00007ffbd09b0000 	C:\WINDOWS\SYSTEM32\ntdll.dll
0x00007ffbcfa10000 - 0x00007ffbcfac2000 	C:\WINDOWS\System32\KERNEL32.DLL
0x00007ffbcda90000 - 0x00007ffbcdd33000 	C:\WINDOWS\System32\KERNELBASE.dll
0x00007ffbcf8b0000 - 0x00007ffbcf953000 	C:\WINDOWS\System32\ADVAPI32.dll
0x00007ffbcf5e0000 - 0x00007ffbcf67e000 	C:\WINDOWS\System32\msvcrt.dll
0x00007ffbcfcc0000 - 0x00007ffbcfd57000 	C:\WINDOWS\System32\sechost.dll
0x00007ffbcfba0000 - 0x00007ffbcfcc0000 	C:\WINDOWS\System32\RPCRT4.dll
0x00007ffbcf300000 - 0x00007ffbcf494000 	C:\WINDOWS\System32\USER32.dll
0x00007ffbcdd40000 - 0x00007ffbcdd61000 	C:\WINDOWS\System32\win32u.dll
0x00007ffbcf5b0000 - 0x00007ffbcf5d6000 	C:\WINDOWS\System32\GDI32.dll
0x00007ffbcd7e0000 - 0x00007ffbcd974000 	C:\WINDOWS\System32\gdi32full.dll
0x00007ffbcd9f0000 - 0x00007ffbcda8e000 	C:\WINDOWS\System32\msvcp_win.dll
0x00007ffbcde20000 - 0x00007ffbcdf1a000 	C:\WINDOWS\System32\ucrtbase.dll
0x00007ffbbd5b0000 - 0x00007ffbbd835000 	C:\WINDOWS\WinSxS\amd64_microsoft.windows.common-controls_6595b64144ccf1df_6.0.18362.418_none_e6c6b287130d565d\COMCTL32.dll
0x00007ffbcfd60000 - 0x00007ffbd0096000 	C:\WINDOWS\System32\combase.dll
0x00007ffbce070000 - 0x00007ffbce0f0000 	C:\WINDOWS\System32\bcryptPrimitives.dll
0x00007ffbcf960000 - 0x00007ffbcf98e000 	C:\WINDOWS\System32\IMM32.DLL
0x0000000055da0000 - 0x0000000055e72000 	C:\Users\affe5\AppData\Local\JetBrains\Toolbox\apps\AndroidStudio\ch-0\192.5916306\jre\jre\bin\msvcr100.dll
0x0000000055f60000 - 0x00000000567a6000 	C:\Users\affe5\AppData\Local\JetBrains\Toolbox\apps\AndroidStudio\ch-0\192.5916306\jre\jre\bin\server\jvm.dll
0x00007ffbcf680000 - 0x00007ffbcf688000 	C:\WINDOWS\System32\PSAPI.DLL
0x00007ffbbe770000 - 0x00007ffbbe779000 	C:\WINDOWS\SYSTEM32\WSOCK32.dll
0x00007ffbc9470000 - 0x00007ffbc9494000 	C:\WINDOWS\SYSTEM32\WINMM.dll
0x00007ffbc0020000 - 0x00007ffbc002a000 	C:\WINDOWS\SYSTEM32\VERSION.dll
0x00007ffbcf990000 - 0x00007ffbcf9ff000 	C:\WINDOWS\System32\WS2_32.dll
0x00007ffbc83b0000 - 0x00007ffbc83dd000 	C:\WINDOWS\SYSTEM32\WINMMBASE.dll
0x00007ffbcd980000 - 0x00007ffbcd9ca000 	C:\WINDOWS\System32\cfgmgr32.dll
0x00007ffbabf10000 - 0x00007ffbabf1f000 	C:\Users\affe5\AppData\Local\JetBrains\Toolbox\apps\AndroidStudio\ch-0\192.5916306\jre\jre\bin\verify.dll
0x00007ffb9b630000 - 0x00007ffb9b659000 	C:\Users\affe5\AppData\Local\JetBrains\Toolbox\apps\AndroidStudio\ch-0\192.5916306\jre\jre\bin\java.dll
0x00007ffb9a250000 - 0x00007ffb9a266000 	C:\Users\affe5\AppData\Local\JetBrains\Toolbox\apps\AndroidStudio\ch-0\192.5916306\jre\jre\bin\zip.dll
0x00007ffbceae0000 - 0x00007ffbcf1c5000 	C:\WINDOWS\System32\SHELL32.dll
0x00007ffbcf500000 - 0x00007ffbcf5a9000 	C:\WINDOWS\System32\shcore.dll
0x00007ffbce0f0000 - 0x00007ffbce86f000 	C:\WINDOWS\System32\windows.storage.dll
0x00007ffbcd710000 - 0x00007ffbcd72f000 	C:\WINDOWS\System32\profapi.dll
0x00007ffbcd6c0000 - 0x00007ffbcd70a000 	C:\WINDOWS\System32\powrprof.dll
0x00007ffbcd690000 - 0x00007ffbcd6a0000 	C:\WINDOWS\System32\UMPDC.dll
0x00007ffbd0710000 - 0x00007ffbd0762000 	C:\WINDOWS\System32\shlwapi.dll
0x00007ffbcd6a0000 - 0x00007ffbcd6b1000 	C:\WINDOWS\System32\kernel.appcore.dll
0x00007ffbcd9d0000 - 0x00007ffbcd9e7000 	C:\WINDOWS\System32\cryptsp.dll
0x00007ffb9a230000 - 0x00007ffb9a24a000 	C:\Users\affe5\AppData\Local\JetBrains\Toolbox\apps\AndroidStudio\ch-0\192.5916306\jre\jre\bin\net.dll
0x00007ffbbf760000 - 0x00007ffbbf936000 	C:\WINDOWS\SYSTEM32\urlmon.dll
0x00007ffbbf4b0000 - 0x00007ffbbf756000 	C:\WINDOWS\SYSTEM32\iertutil.dll
0x00007ffbcd030000 - 0x00007ffbcd03c000 	C:\WINDOWS\SYSTEM32\CRYPTBASE.DLL
0x00007ffbcceb0000 - 0x00007ffbccf17000 	C:\WINDOWS\system32\mswsock.dll
0x00007ffb9a210000 - 0x00007ffb9a223000 	C:\Users\affe5\AppData\Local\JetBrains\Toolbox\apps\AndroidStudio\ch-0\192.5916306\jre\jre\bin\nio.dll
0x00007ffba7e10000 - 0x00007ffba7e36000 	C:\Users\affe5\.gradle\native\30\windows-amd64\native-platform.dll
0x00007ffb9a200000 - 0x00007ffb9a20d000 	C:\Users\affe5\AppData\Local\JetBrains\Toolbox\apps\AndroidStudio\ch-0\192.5916306\jre\jre\bin\management.dll
0x00007ffbcca30000 - 0x00007ffbcca63000 	C:\WINDOWS\system32\rsaenh.dll
0x00007ffbcd750000 - 0x00007ffbcd776000 	C:\WINDOWS\System32\bcrypt.dll
0x00007ffbcd5b0000 - 0x00007ffbcd5d5000 	C:\WINDOWS\SYSTEM32\USERENV.dll
0x00007ffbccbd0000 - 0x00007ffbccc0a000 	C:\WINDOWS\SYSTEM32\IPHLPAPI.DLL
0x00007ffbd0770000 - 0x00007ffbd0778000 	C:\WINDOWS\System32\NSI.dll
0x00007ffbc4140000 - 0x00007ffbc4156000 	C:\WINDOWS\SYSTEM32\dhcpcsvc6.DLL
0x00007ffbc4120000 - 0x00007ffbc413c000 	C:\WINDOWS\SYSTEM32\dhcpcsvc.DLL
0x00007ffbccc10000 - 0x00007ffbcccda000 	C:\WINDOWS\SYSTEM32\DNSAPI.dll

VM Arguments:
jvm_args: -Xmx1536m -Dfile.encoding=windows-1252 -Duser.country=AT -Duser.language=de -Duser.variant 
java_command: org.gradle.launcher.daemon.bootstrap.GradleDaemon 5.6.1
java_class_path (initial): C:\Users\affe5\.gradle\wrapper\dists\gradle-5.6.1-all\805usxkvhgx6e1wbo8o64g0tx\gradle-5.6.1\lib\gradle-launcher-5.6.1.jar
Launcher Type: SUN_STANDARD

Environment Variables:
JAVA_HOME=C:\Program Files\Java\jdk1.8.0_221
PATH=C:\ProgramData\DockerDesktop\version-bin;C:\Program Files\Docker\Docker\Resources\bin;D:\Program Files\AdoptOpenJDK\jdk-11.0.4.11-openj9\bin;D:\oraclexe\app\oracle\product\11.2.0\server\bin;C:\WINDOWS\system32;C:\WINDOWS;C:\WINDOWS\System32\Wbem;C:\WINDOWS\System32\WindowsPowerShell\v1.0\;C:\WINDOWS\System32\OpenSSH\;C:\Program Files\Intel\WiFi\bin\;C:\Program Files\Common Files\Intel\WirelessCommon\;D:\Program Files\nodejs\;D:\Program Files (x86)\Yarn\bin\;C:\Program Files\dotnet\;C:\Program Files\Microsoft SQL Server\130\Tools\Binn\;C:\OPT\apache-maven-3.6.2\bin;C:\Program Files\Microsoft SQL Server\Client SDK\ODBC\170\Tools\Binn\;D:\Program Files\Git\cmd;C:\Program Files\Git\cmd;C:\Users\affe5\AppData\Local\Microsoft\WindowsApps;C:\Users\affe5\AppData\Roaming\npm;C:\Users\affe5\AppData\Local\Yarn\bin;D:\Users\affe5\AppData\Local\Programs\Microsoft VS Code\bin;C:\Users\affe5\.dotnet\tools
USERNAME=affe5
OS=Windows_NT
PROCESSOR_IDENTIFIER=Intel64 Family 6 Model 142 Stepping 11, GenuineIntel



---------------  S Y S T E M  ---------------

OS: Windows 10.0 , 64 bit Build 18362 (10.0.18362.329)

CPU:total 8 (initial active 8) (4 cores per cpu, 2 threads per core) family 6 model 142 stepping 11, cmov, cx8, fxsr, mmx, sse, sse2, sse3, ssse3, sse4.1, sse4.2, popcnt, avx, avx2, aes, clmul, erms, 3dnowpref, lzcnt, ht, tsc, tscinvbit, bmi1, bmi2, adx

Memory: 4k page, physical 8230708k(447732k free), swap 8230708k(3280k free)

vm_info: OpenJDK 64-Bit Server VM (25.212-b04) for windows-amd64 JRE (1.8.0_212-release-1586-b04), built by "builder" with MS VC++ 10.0 (VS2010)

time: Thu Oct 17 11:16:57 2019
timezone: Mitteleuropäische Sommerzeit
elapsed time: 14 seconds (0d 0h 0m 14s)

