#
# There is insufficient memory for the Java Runtime Environment to continue.
# Native memory allocation (malloc) failed to allocate 1062416 bytes for Chunk::new
# Possible reasons:
#   The system is out of physical RAM or swap space
#   The process is running with CompressedOops enabled, and the Java Heap may be blocking the growth of the native heap
# Possible solutions:
#   Reduce memory load on the system
#   Increase physical memory or swap space
#   Check if swap backing store is full
#   Decrease Java heap size (-Xmx/-Xms)
#   Decrease number of Java threads
#   Decrease Java thread stack sizes (-Xss)
#   Set larger code cache with -XX:ReservedCodeCacheSize=
#   JVM is running with Unscaled Compressed Oops mode in which the Java heap is
#     placed in the first 4GB address space. The Java Heap base address is the
#     maximum limit for the native heap growth. Please use -XX:HeapBaseMinAddress
#     to set the Java Heap base and to place the Java Heap above 4GB virtual address.
# This output file may be truncated or incomplete.
#
#  Out of Memory Error (allocation.cpp:389), pid=14860, tid=0x0000000000003a84
#
# JRE version: OpenJDK Runtime Environment (8.0_212-b04) (build 1.8.0_212-release-1586-b04)
# Java VM: OpenJDK 64-Bit Server VM (25.212-b04 mixed mode windows-amd64 compressed oops)
# Failed to write core dump. Minidumps are not enabled by default on client versions of Windows
#

---------------  T H R E A D  ---------------

Current thread (0x000000001814e000):  JavaThread "C2 CompilerThread0" daemon [_thread_in_native, id=14980, stack(0x0000000018a50000,0x0000000018b50000)]

Stack: [0x0000000018a50000,0x0000000018b50000]
[error occurred during error reporting (printing stack bounds), id 0xc0000005]

Native frames: (J=compiled Java code, j=interpreted, Vv=VM code, C=native code)


Current CompileTask:
C2:  13612 3875   !   4       org.jetbrains.kotlin.metadata.ProtoBuf$Function::<init> (1112 bytes)


---------------  P R O C E S S  ---------------

Java Threads: ( => current thread )
  0x000000001b39f000 JavaThread "RMI RenewClean-[127.0.0.1:51175,org.jetbrains.kotlin.daemon.common.LoopbackNetworkInterface$ClientLoopbackSocketFactory@613b3225]" daemon [_thread_blocked, id=6520, stack(0x000000001f630000,0x000000001f730000)]
  0x000000001b3a2000 JavaThread "RMI TCP Connection(4)-127.0.0.1" daemon [_thread_in_native, id=11956, stack(0x000000001f530000,0x000000001f630000)]
  0x000000001cca2800 JavaThread "RMI TCP Connection(3)-127.0.0.1" daemon [_thread_in_native, id=10688, stack(0x000000001a090000,0x000000001a190000)]
  0x0000000019348800 JavaThread "RMI RenewClean-[127.0.0.1:51175,org.jetbrains.kotlin.daemon.common.LoopbackNetworkInterface$ClientLoopbackSocketFactory@7ff2d0fa]" daemon [_thread_blocked, id=2824, stack(0x000000001ab00000,0x000000001ac00000)]
  0x0000000019331000 JavaThread "RMI TCP Connection(2)-127.0.0.1" daemon [_thread_in_native, id=10536, stack(0x000000001a700000,0x000000001a800000)]
  0x0000000019287800 JavaThread "RMI Scheduler(0)" daemon [_thread_blocked, id=10852, stack(0x000000001a600000,0x000000001a700000)]
  0x0000000019288800 JavaThread "RMI TCP Connection(1)-127.0.0.1" daemon [_thread_in_native, id=4372, stack(0x000000001a500000,0x000000001a600000)]
  0x00000000023d2800 JavaThread "DestroyJavaVM" [_thread_blocked, id=2740, stack(0x0000000002260000,0x0000000002360000)]
  0x0000000019278000 JavaThread "GC Daemon" daemon [_thread_blocked, id=11436, stack(0x000000001a290000,0x000000001a390000)]
  0x000000001924e800 JavaThread "RMI Reaper" [_thread_blocked, id=13620, stack(0x000000001a190000,0x000000001a290000)]
  0x00000000191d5000 JavaThread "Timer-0" daemon [_thread_blocked, id=14756, stack(0x0000000019f90000,0x000000001a090000)]
  0x00000000191d3800 JavaThread "RMI TCP Accept-17831" daemon [_thread_in_native, id=8388, stack(0x0000000019e90000,0x0000000019f90000)]
  0x00000000181ae000 JavaThread "Service Thread" daemon [_thread_blocked, id=4692, stack(0x0000000018e50000,0x0000000018f50000)]
  0x0000000018162000 JavaThread "C1 CompilerThread3" daemon [_thread_blocked, id=6284, stack(0x0000000018d50000,0x0000000018e50000)]
  0x0000000018152800 JavaThread "C2 CompilerThread2" daemon [_thread_in_native, id=6956, stack(0x0000000018c50000,0x0000000018d50000)]
  0x0000000018150800 JavaThread "C2 CompilerThread1" daemon [_thread_in_native, id=12988, stack(0x0000000018b50000,0x0000000018c50000)]
=>0x000000001814e000 JavaThread "C2 CompilerThread0" daemon [_thread_in_native, id=14980, stack(0x0000000018a50000,0x0000000018b50000)]
  0x0000000018148800 JavaThread "Attach Listener" daemon [_thread_blocked, id=14688, stack(0x0000000018950000,0x0000000018a50000)]
  0x0000000018147800 JavaThread "Signal Dispatcher" daemon [_thread_blocked, id=9412, stack(0x0000000018850000,0x0000000018950000)]
  0x0000000018140800 JavaThread "Finalizer" daemon [_thread_blocked, id=2552, stack(0x0000000018620000,0x0000000018720000)]
  0x000000001634c000 JavaThread "Reference Handler" daemon [_thread_blocked, id=2660, stack(0x0000000018520000,0x0000000018620000)]

Other Threads:
  0x0000000016348800 VMThread [stack: 0x0000000018020000,0x0000000018120000] [id=7880]
  0x00000000181ae800 WatcherThread [stack: 0x0000000018f50000,0x0000000019050000] [id=7248]

VM state:not at safepoint (normal execution)

VM Mutex/Monitor currently owned by a thread: None

heap address: 0x00000000a0000000, size: 1536 MB, Compressed Oops mode: 32-bit
Narrow klass base: 0x0000000000000000, Narrow klass shift: 3
Compressed class space size: 1073741824 Address: 0x0000000100000000

Heap:
 PSYoungGen      total 70656K, used 49704K [0x00000000e0000000, 0x00000000e4a00000, 0x0000000100000000)
  eden space 65536K, 68% used [0x00000000e0000000,0x00000000e2b8a5a8,0x00000000e4000000)
  from space 5120K, 99% used [0x00000000e4500000,0x00000000e49ffae8,0x00000000e4a00000)
  to   space 5120K, 0% used [0x00000000e4000000,0x00000000e4000000,0x00000000e4500000)
 ParOldGen       total 60416K, used 23404K [0x00000000a0000000, 0x00000000a3b00000, 0x00000000e0000000)
  object space 60416K, 38% used [0x00000000a0000000,0x00000000a16db1f8,0x00000000a3b00000)
 Metaspace       used 40380K, capacity 41182K, committed 41384K, reserved 1089536K
  class space    used 4983K, capacity 5204K, committed 5296K, reserved 1048576K

Card table byte_map: [0x0000000011950000,0x0000000011c60000] byte_map_base: 0x0000000011450000

Marking Bits: (ParMarkBitMap*) 0x000000005ec59f30
 Begin Bits: [0x0000000012660000, 0x0000000013e60000)
 End Bits:   [0x0000000013e60000, 0x0000000015660000)

Polling page: 0x00000000001f0000

CodeCache: size=245760Kb used=11539Kb max_used=11539Kb free=234220Kb
 bounds [0x0000000002590000, 0x00000000030f0000, 0x0000000011590000]
 total_blobs=4052 nmethods=3568 adapters=395
 compilation: enabled

Compilation events (10 events):
Event: 13.607 Thread 0x0000000018162000 4013       1       kotlin.sequences.FilteringSequence::access$getSequence$p (5 bytes)
Event: 13.607 Thread 0x0000000018162000 nmethod 4013 0x00000000030c2e50 code [0x00000000030c2fa0, 0x00000000030c3090]
Event: 13.608 Thread 0x0000000018162000 4014       1       org.jetbrains.kotlin.com.intellij.openapi.util.Ref::get (5 bytes)
Event: 13.608 Thread 0x0000000018150800 nmethod 3993 0x00000000030dc6d0 code [0x00000000030dc8c0, 0x00000000030ddc98]
Event: 13.608 Thread 0x0000000018162000 nmethod 4014 0x00000000030dc410 code [0x00000000030dc560, 0x00000000030dc670]
Event: 13.608 Thread 0x0000000018150800 4006       4       org.jetbrains.kotlin.protobuf.SmallSortedMap$EntryIterator::hasNext (39 bytes)
Event: 13.608 Thread 0x0000000018162000 4015       1       kotlin.sequences.TransformingSequence::access$getTransformer$p (5 bytes)
Event: 13.608 Thread 0x0000000018162000 nmethod 4015 0x00000000030dc150 code [0x00000000030dc2a0, 0x00000000030dc390]
Event: 13.609 Thread 0x0000000018162000 4016       3       org.jetbrains.kotlin.cli.jvm.index.JvmDependenciesIndexImpl$Cache::get (55 bytes)
Event: 13.610 Thread 0x0000000018162000 nmethod 4016 0x00000000030db150 code [0x00000000030db340, 0x00000000030dbcc8]

GC Heap History (10 events):
Event: 5.389 GC heap before
{Heap before GC invocations=4 (full 1):
 PSYoungGen      total 70656K, used 5100K [0x00000000e0000000, 0x00000000e4a00000, 0x0000000100000000)
  eden space 65536K, 0% used [0x00000000e0000000,0x00000000e0000000,0x00000000e4000000)
  from space 5120K, 99% used [0x00000000e4000000,0x00000000e44fb3b8,0x00000000e4500000)
  to   space 5120K, 0% used [0x00000000e4500000,0x00000000e4500000,0x00000000e4a00000)
 ParOldGen       total 86016K, used 10754K [0x00000000a0000000, 0x00000000a5400000, 0x00000000e0000000)
  object space 86016K, 12% used [0x00000000a0000000,0x00000000a0a80b18,0x00000000a5400000)
 Metaspace       used 20787K, capacity 21168K, committed 21296K, reserved 1069056K
  class space    used 2476K, capacity 2586K, committed 2608K, reserved 1048576K
Event: 5.439 GC heap after
Heap after GC invocations=4 (full 1):
 PSYoungGen      total 70656K, used 0K [0x00000000e0000000, 0x00000000e4a00000, 0x0000000100000000)
  eden space 65536K, 0% used [0x00000000e0000000,0x00000000e0000000,0x00000000e4000000)
  from space 5120K, 0% used [0x00000000e4000000,0x00000000e4000000,0x00000000e4500000)
  to   space 5120K, 0% used [0x00000000e4500000,0x00000000e4500000,0x00000000e4a00000)
 ParOldGen       total 60416K, used 8932K [0x00000000a0000000, 0x00000000a3b00000, 0x00000000e0000000)
  object space 60416K, 14% used [0x00000000a0000000,0x00000000a08b93f0,0x00000000a3b00000)
 Metaspace       used 20787K, capacity 21168K, committed 21296K, reserved 1069056K
  class space    used 2476K, capacity 2586K, committed 2608K, reserved 1048576K
}
Event: 9.141 GC heap before
{Heap before GC invocations=5 (full 1):
 PSYoungGen      total 70656K, used 65536K [0x00000000e0000000, 0x00000000e4a00000, 0x0000000100000000)
  eden space 65536K, 100% used [0x00000000e0000000,0x00000000e4000000,0x00000000e4000000)
  from space 5120K, 0% used [0x00000000e4000000,0x00000000e4000000,0x00000000e4500000)
  to   space 5120K, 0% used [0x00000000e4500000,0x00000000e4500000,0x00000000e4a00000)
 ParOldGen       total 60416K, used 8932K [0x00000000a0000000, 0x00000000a3b00000, 0x00000000e0000000)
  object space 60416K, 14% used [0x00000000a0000000,0x00000000a08b93f0,0x00000000a3b00000)
 Metaspace       used 29360K, capacity 29885K, committed 30256K, reserved 1079296K
  class space    used 3691K, capacity 3837K, committed 3888K, reserved 1048576K
Event: 9.163 GC heap after
Heap after GC invocations=5 (full 1):
 PSYoungGen      total 70656K, used 5090K [0x00000000e0000000, 0x00000000e4a00000, 0x0000000100000000)
  eden space 65536K, 0% used [0x00000000e0000000,0x00000000e0000000,0x00000000e4000000)
  from space 5120K, 99% used [0x00000000e4500000,0x00000000e49f8918,0x00000000e4a00000)
  to   space 5120K, 0% used [0x00000000e4000000,0x00000000e4000000,0x00000000e4500000)
 ParOldGen       total 60416K, used 18313K [0x00000000a0000000, 0x00000000a3b00000, 0x00000000e0000000)
  object space 60416K, 30% used [0x00000000a0000000,0x00000000a11e27c8,0x00000000a3b00000)
 Metaspace       used 29360K, capacity 29885K, committed 30256K, reserved 1079296K
  class space    used 3691K, capacity 3837K, committed 3888K, reserved 1048576K
}
Event: 10.516 GC heap before
{Heap before GC invocations=6 (full 1):
 PSYoungGen      total 70656K, used 38880K [0x00000000e0000000, 0x00000000e4a00000, 0x0000000100000000)
  eden space 65536K, 51% used [0x00000000e0000000,0x00000000e20ffa38,0x00000000e4000000)
  from space 5120K, 99% used [0x00000000e4500000,0x00000000e49f8918,0x00000000e4a00000)
  to   space 5120K, 0% used [0x00000000e4000000,0x00000000e4000000,0x00000000e4500000)
 ParOldGen       total 60416K, used 18313K [0x00000000a0000000, 0x00000000a3b00000, 0x00000000e0000000)
  object space 60416K, 30% used [0x00000000a0000000,0x00000000a11e27c8,0x00000000a3b00000)
 Metaspace       used 34632K, capacity 35179K, committed 35496K, reserved 1083392K
  class space    used 4325K, capacity 4484K, committed 4528K, reserved 1048576K
Event: 10.534 GC heap after
Heap after GC invocations=6 (full 1):
 PSYoungGen      total 70656K, used 5119K [0x00000000e0000000, 0x00000000e4a00000, 0x0000000100000000)
  eden space 65536K, 0% used [0x00000000e0000000,0x00000000e0000000,0x00000000e4000000)
  from space 5120K, 99% used [0x00000000e4000000,0x00000000e44ffde8,0x00000000e4500000)
  to   space 5120K, 0% used [0x00000000e4500000,0x00000000e4500000,0x00000000e4a00000)
 ParOldGen       total 60416K, used 26722K [0x00000000a0000000, 0x00000000a3b00000, 0x00000000e0000000)
  object space 60416K, 44% used [0x00000000a0000000,0x00000000a1a18920,0x00000000a3b00000)
 Metaspace       used 34632K, capacity 35179K, committed 35496K, reserved 1083392K
  class space    used 4325K, capacity 4484K, committed 4528K, reserved 1048576K
}
Event: 10.534 GC heap before
{Heap before GC invocations=7 (full 2):
 PSYoungGen      total 70656K, used 5119K [0x00000000e0000000, 0x00000000e4a00000, 0x0000000100000000)
  eden space 65536K, 0% used [0x00000000e0000000,0x00000000e0000000,0x00000000e4000000)
  from space 5120K, 99% used [0x00000000e4000000,0x00000000e44ffde8,0x00000000e4500000)
  to   space 5120K, 0% used [0x00000000e4500000,0x00000000e4500000,0x00000000e4a00000)
 ParOldGen       total 60416K, used 26722K [0x00000000a0000000, 0x00000000a3b00000, 0x00000000e0000000)
  object space 60416K, 44% used [0x00000000a0000000,0x00000000a1a18920,0x00000000a3b00000)
 Metaspace       used 34632K, capacity 35179K, committed 35496K, reserved 1083392K
  class space    used 4325K, capacity 4484K, committed 4528K, reserved 1048576K
Event: 10.658 GC heap after
Heap after GC invocations=7 (full 2):
 PSYoungGen      total 70656K, used 0K [0x00000000e0000000, 0x00000000e4a00000, 0x0000000100000000)
  eden space 65536K, 0% used [0x00000000e0000000,0x00000000e0000000,0x00000000e4000000)
  from space 5120K, 0% used [0x00000000e4000000,0x00000000e4000000,0x00000000e4500000)
  to   space 5120K, 0% used [0x00000000e4500000,0x00000000e4500000,0x00000000e4a00000)
 ParOldGen       total 60416K, used 20836K [0x00000000a0000000, 0x00000000a3b00000, 0x00000000e0000000)
  object space 60416K, 34% used [0x00000000a0000000,0x00000000a1459320,0x00000000a3b00000)
 Metaspace       used 34632K, capacity 35179K, committed 35496K, reserved 1083392K
  class space    used 4325K, capacity 4484K, committed 4528K, reserved 1048576K
}
Event: 12.739 GC heap before
{Heap before GC invocations=8 (full 2):
 PSYoungGen      total 70656K, used 65536K [0x00000000e0000000, 0x00000000e4a00000, 0x0000000100000000)
  eden space 65536K, 100% used [0x00000000e0000000,0x00000000e4000000,0x00000000e4000000)
  from space 5120K, 0% used [0x00000000e4000000,0x00000000e4000000,0x00000000e4500000)
  to   space 5120K, 0% used [0x00000000e4500000,0x00000000e4500000,0x00000000e4a00000)
 ParOldGen       total 60416K, used 20836K [0x00000000a0000000, 0x00000000a3b00000, 0x00000000e0000000)
  object space 60416K, 34% used [0x00000000a0000000,0x00000000a1459320,0x00000000a3b00000)
 Metaspace       used 36515K, capacity 37270K, committed 37544K, reserved 1085440K
  class space    used 4501K, capacity 4724K, committed 4784K, reserved 1048576K
Event: 12.745 GC heap after
Heap after GC invocations=8 (full 2):
 PSYoungGen      total 70656K, used 5118K [0x00000000e0000000, 0x00000000e4a00000, 0x0000000100000000)
  eden space 65536K, 0% used [0x00000000e0000000,0x00000000e0000000,0x00000000e4000000)
  from space 5120K, 99% used [0x00000000e4500000,0x00000000e49ffae8,0x00000000e4a00000)
  to   space 5120K, 0% used [0x00000000e4000000,0x00000000e4000000,0x00000000e4500000)
 ParOldGen       total 60416K, used 23404K [0x00000000a0000000, 0x00000000a3b00000, 0x00000000e0000000)
  object space 60416K, 38% used [0x00000000a0000000,0x00000000a16db1f8,0x00000000a3b00000)
 Metaspace       used 36515K, capacity 37270K, committed 37544K, reserved 1085440K
  class space    used 4501K, capacity 4724K, committed 4784K, reserved 1048576K
}

Deoptimization events (10 events):
Event: 13.058 Thread 0x000000001b3a2000 Uncommon trap: reason=class_check action=maybe_recompile pc=0x0000000002b96378 method=java.util.AbstractList.hashCode()I @ 3
Event: 13.083 Thread 0x000000001b3a2000 Uncommon trap: reason=bimorphic action=maybe_recompile pc=0x0000000002c31938 method=org.jetbrains.kotlin.protobuf.CodedInputStream.tryRefillBuffer(I)Z @ 177
Event: 13.084 Thread 0x000000001b3a2000 Uncommon trap: reason=bimorphic action=maybe_recompile pc=0x0000000002c31938 method=org.jetbrains.kotlin.protobuf.CodedInputStream.tryRefillBuffer(I)Z @ 177
Event: 13.085 Thread 0x000000001b3a2000 Uncommon trap: reason=bimorphic action=maybe_recompile pc=0x0000000002c31938 method=org.jetbrains.kotlin.protobuf.CodedInputStream.tryRefillBuffer(I)Z @ 177
Event: 13.087 Thread 0x000000001b3a2000 Uncommon trap: reason=bimorphic action=maybe_recompile pc=0x0000000002c31938 method=org.jetbrains.kotlin.protobuf.CodedInputStream.tryRefillBuffer(I)Z @ 177
Event: 13.090 Thread 0x000000001b3a2000 Uncommon trap: reason=bimorphic action=maybe_recompile pc=0x0000000002c2dcac method=org.jetbrains.kotlin.protobuf.CodedInputStream.tryRefillBuffer(I)Z @ 177
Event: 13.298 Thread 0x000000001b3a2000 Uncommon trap: reason=unstable_if action=reinterpret pc=0x00000000026af778 method=org.jetbrains.kotlin.gnu.trove.TObjectHash.insertionIndex(Ljava/lang/Object;)I @ 80
Event: 13.468 Thread 0x000000001b3a2000 Uncommon trap: reason=unstable_if action=reinterpret pc=0x0000000002a47774 method=java.lang.String.regionMatches(ILjava/lang/String;II)Z @ 84
Event: 13.481 Thread 0x000000001b3a2000 Uncommon trap: reason=unstable_if action=reinterpret pc=0x0000000002e2e7a0 method=java.text.StringCharacterIterator.current()C @ 19
Event: 13.513 Thread 0x000000001b3a2000 Uncommon trap: reason=class_check action=maybe_recompile pc=0x0000000002ce3548 method=java.lang.AbstractStringBuilder.append(Ljava/lang/CharSequence;)Ljava/lang/AbstractStringBuilder; @ 37

Classes redefined (0 events):
No events

Internal exceptions (10 events):
Event: 10.677 Thread 0x0000000019331000 Implicit null exception at 0x0000000002d78b95 to 0x0000000002d78cf5
Event: 10.688 Thread 0x0000000019331000 Implicit null exception at 0x0000000002dc9710 to 0x0000000002dc97d9
Event: 10.762 Thread 0x0000000019331000 Implicit null exception at 0x0000000002e20c54 to 0x0000000002e20e2c
Event: 11.321 Thread 0x000000001bd11000 Exception <a 'java/lang/InterruptedException'> (0x00000000e0937cf0) thrown at [D:\src\AOSP-openjdk-cygwin\jdk8u\hotspot\src\share\vm\runtime\objectMonitor.cpp, line 1680]
Event: 12.294 Thread 0x000000001b39f000 Exception <a 'java/lang/InterruptedException'> (0x00000000e25c7f70) thrown at [D:\src\AOSP-openjdk-cygwin\jdk8u\hotspot\src\share\vm\runtime\objectMonitor.cpp, line 1680]
Event: 12.881 Thread 0x000000001b3a2000 Exception <a 'java/lang/NoSuchMethodError': java.lang.Object.lambda$static$0(I)[Lorg/jetbrains/kotlin/psi/KtExpression;> (0x00000000e05e3870) thrown at [D:\src\AOSP-openjdk-cygwin\jdk8u\hotspot\src\share\vm\interpreter\linkResolver.cpp, line 620]
Event: 12.966 Thread 0x000000001b3a2000 Exception <a 'java/lang/NoSuchMethodError': java.lang.Object.lambda$static$0(I)[Lorg/jetbrains/kotlin/psi/KtDeclaration;> (0x00000000e0868b38) thrown at [D:\src\AOSP-openjdk-cygwin\jdk8u\hotspot\src\share\vm\interpreter\linkResolver.cpp, line 620]
Event: 12.970 Thread 0x000000001b3a2000 Exception <a 'java/lang/NoSuchMethodError': java.lang.Object.lambda$static$0(I)[Lorg/jetbrains/kotlin/com/intellij/psi/PsiElement;> (0x00000000e0872160) thrown at [D:\src\AOSP-openjdk-cygwin\jdk8u\hotspot\src\share\vm\interpreter\linkResolver.cpp, line 62
Event: 13.223 Thread 0x000000001b3a2000 Exception <a 'java/lang/NoSuchMethodError': java.lang.Object.lambda$static$0(I)[Lorg/jetbrains/kotlin/psi/KtTypeElement;> (0x00000000e120e258) thrown at [D:\src\AOSP-openjdk-cygwin\jdk8u\hotspot\src\share\vm\interpreter\linkResolver.cpp, line 620]
Event: 13.522 Thread 0x000000001b3a2000 Exception <a 'java/lang/NoSuchMethodError': java.lang.Object.lambda$static$0(I)[Lorg/jetbrains/kotlin/com/intellij/psi/PsiClass;> (0x00000000e28521d0) thrown at [D:\src\AOSP-openjdk-cygwin\jdk8u\hotspot\src\share\vm\interpreter\linkResolver.cpp, line 620]

Events (10 events):
Event: 13.584 loading class org/jetbrains/kotlin/resolve/DeprecationResolver$getOwnDeprecations$1
Event: 13.584 loading class org/jetbrains/kotlin/resolve/DeprecationResolver$getOwnDeprecations$1 done
Event: 13.585 loading class org/jetbrains/kotlin/resolve/DeprecationUtilKt
Event: 13.585 loading class org/jetbrains/kotlin/resolve/DeprecationUtilKt done
Event: 13.586 loading class org/jetbrains/kotlin/resolve/DeprecationResolver$getDeprecationByVersionRequirement$1
Event: 13.586 loading class org/jetbrains/kotlin/resolve/DeprecationResolver$getDeprecationByVersionRequirement$1 done
Event: 13.586 Thread 0x000000001b3a2000 DEOPT PACKING pc=0x00000000027ef3b3 sp=0x000000001f626940
Event: 13.586 Thread 0x000000001b3a2000 DEOPT UNPACKING pc=0x00000000025d75d0 sp=0x000000001f6266a0 mode 0
Event: 13.587 loading class org/jetbrains/kotlin/resolve/DeprecationResolver$deprecationsByConstituentTypes$$inlined$also$lambda$1
Event: 13.587 loading class org/jetbrains/kotlin/resolve/DeprecationResolver$deprecationsByConstituentTypes$$inlined$also$lambda$1 done


Dynamic libraries:
0x00007ff6c9070000 - 0x00007ff6c90a1000 	C:\Users\affe5\AppData\Local\JetBrains\Toolbox\apps\AndroidStudio\ch-1\192.5916306\jre\jre\bin\java.exe
0x00007ff9e83c0000 - 0x00007ff9e85b0000 	C:\WINDOWS\SYSTEM32\ntdll.dll
0x00007ff9e7550000 - 0x00007ff9e7602000 	C:\WINDOWS\System32\KERNEL32.DLL
0x00007ff9e5520000 - 0x00007ff9e57c3000 	C:\WINDOWS\System32\KERNELBASE.dll
0x00007ff9e7c80000 - 0x00007ff9e7d23000 	C:\WINDOWS\System32\ADVAPI32.dll
0x00007ff9e79c0000 - 0x00007ff9e7a5e000 	C:\WINDOWS\System32\msvcrt.dll
0x00007ff9e7620000 - 0x00007ff9e76b7000 	C:\WINDOWS\System32\sechost.dll
0x00007ff9e7ae0000 - 0x00007ff9e7c00000 	C:\WINDOWS\System32\RPCRT4.dll
0x00007ff9e6d90000 - 0x00007ff9e6f24000 	C:\WINDOWS\System32\USER32.dll
0x00007ff9e6390000 - 0x00007ff9e63b1000 	C:\WINDOWS\System32\win32u.dll
0x00007ff9e7d60000 - 0x00007ff9e7d86000 	C:\WINDOWS\System32\GDI32.dll
0x00007ff9e5350000 - 0x00007ff9e54e4000 	C:\WINDOWS\System32\gdi32full.dll
0x00007ff9e61f0000 - 0x00007ff9e628e000 	C:\WINDOWS\System32\msvcp_win.dll
0x00007ff9e6290000 - 0x00007ff9e638a000 	C:\WINDOWS\System32\ucrtbase.dll
0x00007ff9cdb30000 - 0x00007ff9cddb5000 	C:\WINDOWS\WinSxS\amd64_microsoft.windows.common-controls_6595b64144ccf1df_6.0.18362.418_none_e6c6b287130d565d\COMCTL32.dll
0x00007ff9e8040000 - 0x00007ff9e8376000 	C:\WINDOWS\System32\combase.dll
0x00007ff9e5820000 - 0x00007ff9e58a0000 	C:\WINDOWS\System32\bcryptPrimitives.dll
0x00007ff9e7d30000 - 0x00007ff9e7d5e000 	C:\WINDOWS\System32\IMM32.DLL
0x000000005e2d0000 - 0x000000005e3a2000 	C:\Users\affe5\AppData\Local\JetBrains\Toolbox\apps\AndroidStudio\ch-1\192.5916306\jre\jre\bin\msvcr100.dll
0x000000005e490000 - 0x000000005ecd6000 	C:\Users\affe5\AppData\Local\JetBrains\Toolbox\apps\AndroidStudio\ch-1\192.5916306\jre\jre\bin\server\jvm.dll
0x00007ff9e7800000 - 0x00007ff9e7808000 	C:\WINDOWS\System32\PSAPI.DLL
0x00007ff9cfc00000 - 0x00007ff9cfc09000 	C:\WINDOWS\SYSTEM32\WSOCK32.dll
0x00007ff9db600000 - 0x00007ff9db624000 	C:\WINDOWS\SYSTEM32\WINMM.dll
0x00007ff9de2d0000 - 0x00007ff9de2da000 	C:\WINDOWS\SYSTEM32\VERSION.dll
0x00007ff9e7950000 - 0x00007ff9e79bf000 	C:\WINDOWS\System32\WS2_32.dll
0x00007ff9db5d0000 - 0x00007ff9db5fd000 	C:\WINDOWS\SYSTEM32\winmmbase.dll
0x00007ff9e57d0000 - 0x00007ff9e581a000 	C:\WINDOWS\System32\cfgmgr32.dll
0x00007ff9df250000 - 0x00007ff9df25f000 	C:\Users\affe5\AppData\Local\JetBrains\Toolbox\apps\AndroidStudio\ch-1\192.5916306\jre\jre\bin\verify.dll
0x00007ff9de000000 - 0x00007ff9de029000 	C:\Users\affe5\AppData\Local\JetBrains\Toolbox\apps\AndroidStudio\ch-1\192.5916306\jre\jre\bin\java.dll
0x00007ff9df230000 - 0x00007ff9df246000 	C:\Users\affe5\AppData\Local\JetBrains\Toolbox\apps\AndroidStudio\ch-1\192.5916306\jre\jre\bin\zip.dll
0x00007ff9e6480000 - 0x00007ff9e6b65000 	C:\WINDOWS\System32\SHELL32.dll
0x00007ff9e7d90000 - 0x00007ff9e7e39000 	C:\WINDOWS\System32\shcore.dll
0x00007ff9e5a10000 - 0x00007ff9e618f000 	C:\WINDOWS\System32\windows.storage.dll
0x00007ff9e52e0000 - 0x00007ff9e52ff000 	C:\WINDOWS\System32\profapi.dll
0x00007ff9e5300000 - 0x00007ff9e534a000 	C:\WINDOWS\System32\powrprof.dll
0x00007ff9e5290000 - 0x00007ff9e52a0000 	C:\WINDOWS\System32\UMPDC.dll
0x00007ff9e6d30000 - 0x00007ff9e6d82000 	C:\WINDOWS\System32\shlwapi.dll
0x00007ff9e52a0000 - 0x00007ff9e52b1000 	C:\WINDOWS\System32\kernel.appcore.dll
0x00007ff9e58a0000 - 0x00007ff9e58b7000 	C:\WINDOWS\System32\cryptsp.dll
0x00007ff9ddff0000 - 0x00007ff9ddffd000 	C:\Users\affe5\AppData\Local\JetBrains\Toolbox\apps\AndroidStudio\ch-1\192.5916306\jre\jre\bin\management.dll
0x00007ff9c6c70000 - 0x00007ff9c6c8a000 	C:\Users\affe5\AppData\Local\JetBrains\Toolbox\apps\AndroidStudio\ch-1\192.5916306\jre\jre\bin\net.dll
0x00007ff9d4b00000 - 0x00007ff9d4cd6000 	C:\WINDOWS\SYSTEM32\urlmon.dll
0x00007ff9d4840000 - 0x00007ff9d4ae6000 	C:\WINDOWS\SYSTEM32\iertutil.dll
0x00007ff9e4c30000 - 0x00007ff9e4c3c000 	C:\WINDOWS\SYSTEM32\CRYPTBASE.DLL
0x00007ff9e4ab0000 - 0x00007ff9e4b17000 	C:\WINDOWS\system32\mswsock.dll
0x00007ff9c1870000 - 0x00007ff9c1883000 	C:\Users\affe5\AppData\Local\JetBrains\Toolbox\apps\AndroidStudio\ch-1\192.5916306\jre\jre\bin\nio.dll
0x00007ff9e4630000 - 0x00007ff9e4663000 	C:\WINDOWS\system32\rsaenh.dll
0x00007ff9e54f0000 - 0x00007ff9e5516000 	C:\WINDOWS\System32\bcrypt.dll
0x00007ff9e51b0000 - 0x00007ff9e51d5000 	C:\WINDOWS\SYSTEM32\USERENV.dll
0x00007ff9e47d0000 - 0x00007ff9e480a000 	C:\WINDOWS\SYSTEM32\IPHLPAPI.DLL
0x00007ff9e7610000 - 0x00007ff9e7618000 	C:\WINDOWS\System32\NSI.dll
0x00007ff9dc8b0000 - 0x00007ff9dc8c6000 	C:\WINDOWS\SYSTEM32\dhcpcsvc6.DLL
0x00007ff9dc890000 - 0x00007ff9dc8ac000 	C:\WINDOWS\SYSTEM32\dhcpcsvc.DLL
0x00007ff9e4810000 - 0x00007ff9e48da000 	C:\WINDOWS\SYSTEM32\DNSAPI.dll

VM Arguments:
jvm_args: -Djava.awt.headless=true -Djava.rmi.server.hostname=127.0.0.1 -Xmx1536m -Dkotlin.environment.keepalive 
java_command: org.jetbrains.kotlin.daemon.KotlinCompileDaemon --daemon-runFilesPath C:\Users\affe5\AppData\Local\kotlin\daemon --daemon-autoshutdownIdleSeconds=7200 --daemon-compilerClasspath C:\Users\affe5\.gradle\caches\modules-2\files-2.1\org.jetbrains.kotlin\kotlin-compiler-embeddable\1.3.11\a8db6c14f8b8ed74aa11b8379f961587b639c571\kotlin-compiler-embeddable-1.3.11.jar;C:\Users\affe5\.gradle\caches\modules-2\files-2.1\org.jetbrains.kotlin\kotlin-reflect\1.3.11\aae7b33412715e9ed441934c4ffaad1bb80e9d36\kotlin-reflect-1.3.11.jar;C:\Users\affe5\.gradle\caches\modules-2\files-2.1\org.jetbrains.kotlin\kotlin-stdlib\1.3.11\4cbc5922a54376018307a731162ccaf3ef851a39\kotlin-stdlib-1.3.11.jar;C:\Users\affe5\.gradle\caches\modules-2\files-2.1\org.jetbrains.kotlin\kotlin-script-runtime\1.3.11\1ef3a816aeacb9cd051b3ed37e2abf88910f1503\kotlin-script-runtime-1.3.11.jar;C:\Users\affe5\.gradle\caches\modules-2\files-2.1\org.jetbrains.kotlin\kotlin-stdlib-common\1.3.11\d8b8e746e279f1c4f5e08bc14a96b82e6bb1de02\kotlin-stdlib-common-1.3.11.jar;C:\Users\affe5\.gradle\caches\modules-2\files-2.1\org.jetbrains\annotations\13.0\919f0dfe192fb4e063e7dacadee7f8bb9a2672a9\annotations-13.0.jar;C:\Users\affe5\AppData\Local\JetBrains\Toolbox\apps\AndroidStudio\ch-1\192.5916306\jre\lib\tools.jar
java_class_path (initial): C:\Users\affe5\.gradle\caches\modules-2\files-2.1\org.jetbrains.kotlin\kotlin-compiler-embeddable\1.3.11\a8db6c14f8b8ed74aa11b8379f961587b639c571\kotlin-compiler-embeddable-1.3.11.jar;C:\Users\affe5\.gradle\caches\modules-2\files-2.1\org.jetbrains.kotlin\kotlin-reflect\1.3.11\aae7b33412715e9ed441934c4ffaad1bb80e9d36\kotlin-reflect-1.3.11.jar;C:\Users\affe5\.gradle\caches\modules-2\files-2.1\org.jetbrains.kotlin\kotlin-stdlib\1.3.11\4cbc5922a54376018307a731162ccaf3ef851a39\kotlin-stdlib-1.3.11.jar;C:\Users\affe5\.gradle\caches\modules-2\files-2.1\org.jetbrains.kotlin\kotlin-script-runtime\1.3.11\1ef3a816aeacb9cd051b3ed37e2abf88910f1503\kotlin-script-runtime-1.3.11.jar;C:\Users\affe5\.gradle\caches\modules-2\files-2.1\org.jetbrains.kotlin\kotlin-stdlib-common\1.3.11\d8b8e746e279f1c4f5e08bc14a96b82e6bb1de02\kotlin-stdlib-common-1.3.11.jar;C:\Users\affe5\.gradle\caches\modules-2\files-2.1\org.jetbrains\annotations\13.0\919f0dfe192fb4e063e7dacadee7f8bb9a2672a9\annotations-13.0.jar;C:\Users\affe5\AppData\Local\JetBrains\Toolbox\apps\AndroidStudio\ch-1\192.5916306\jre\lib\tools.jar
Launcher Type: SUN_STANDARD

Environment Variables:
JAVA_HOME=C:\Program Files\Java\jdk1.8.0_221
PATH=C:\ProgramData\DockerDesktop\version-bin;C:\Program Files\Docker\Docker\Resources\bin;D:\Program Files\AdoptOpenJDK\jdk-11.0.4.11-openj9\bin;D:\oraclexe\app\oracle\product\11.2.0\server\bin;C:\WINDOWS\system32;C:\WINDOWS;C:\WINDOWS\System32\Wbem;C:\WINDOWS\System32\WindowsPowerShell\v1.0\;C:\WINDOWS\System32\OpenSSH\;C:\Program Files\Intel\WiFi\bin\;C:\Program Files\Common Files\Intel\WirelessCommon\;D:\Program Files\nodejs\;D:\Program Files (x86)\Yarn\bin\;C:\Program Files\dotnet\;C:\Program Files\Microsoft SQL Server\130\Tools\Binn\;C:\OPT\apache-maven-3.6.2\bin;C:\Program Files\Microsoft SQL Server\Client SDK\ODBC\170\Tools\Binn\;D:\Program Files\Git\cmd;C:\Program Files\Git\cmd;C:\Users\affe5\AppData\Local\Microsoft\WindowsApps;C:\Users\affe5\AppData\Roaming\npm;C:\Users\affe5\AppData\Local\Yarn\bin;D:\Users\affe5\AppData\Local\Programs\Microsoft VS Code\bin;C:\Users\affe5\.dotnet\tools
USERNAME=affe5
OS=Windows_NT
PROCESSOR_IDENTIFIER=Intel64 Family 6 Model 142 Stepping 11, GenuineIntel



---------------  S Y S T E M  ---------------

OS: Windows 10.0 , 64 bit Build 18362 (10.0.18362.329)

CPU:total 8 (initial active 8) (4 cores per cpu, 2 threads per core) family 6 model 142 stepping 11, cmov, cx8, fxsr, mmx, sse, sse2, sse3, ssse3, sse4.1, sse4.2, popcnt, avx, avx2, aes, clmul, erms, 3dnowpref, lzcnt, ht, tsc, tscinvbit, bmi1, bmi2, adx

Memory: 4k page, physical 8230708k(341980k free), swap 8230708k(6168k free)

vm_info: OpenJDK 64-Bit Server VM (25.212-b04) for windows-amd64 JRE (1.8.0_212-release-1586-b04), built by "builder" with MS VC++ 10.0 (VS2010)

time: Thu Oct 17 10:07:56 2019
timezone: Mitteleuropäische Sommerzeit
elapsed time: 13 seconds (0d 0h 0m 13s)

