#
# There is insufficient memory for the Java Runtime Environment to continue.
# Native memory allocation (malloc) failed to allocate 1048576 bytes for AllocateHeap
# Possible reasons:
#   The system is out of physical RAM or swap space
#   The process is running with CompressedOops enabled, and the Java Heap may be blocking the growth of the native heap
# Possible solutions:
#   Reduce memory load on the system
#   Increase physical memory or swap space
#   Check if swap backing store is full
#   Decrease Java heap size (-Xmx/-Xms)
#   Decrease number of Java threads
#   Decrease Java thread stack sizes (-Xss)
#   Set larger code cache with -XX:ReservedCodeCacheSize=
#   JVM is running with Unscaled Compressed Oops mode in which the Java heap is
#     placed in the first 4GB address space. The Java Heap base address is the
#     maximum limit for the native heap growth. Please use -XX:HeapBaseMinAddress
#     to set the Java Heap base and to place the Java Heap above 4GB virtual address.
# This output file may be truncated or incomplete.
#
#  Out of Memory Error (memory/allocation.inline.hpp:61), pid=10496, tid=0x0000000000002fc8
#
# JRE version:  (8.0_212-b04) (build )
# Java VM: OpenJDK 64-Bit Server VM (25.212-b04 mixed mode windows-amd64 compressed oops)
# Failed to write core dump. Minidumps are not enabled by default on client versions of Windows
#

---------------  T H R E A D  ---------------

Current thread (0x0000000002c96000):  JavaThread "Unknown thread" [_thread_in_vm, id=12232, stack(0x0000000002b70000,0x0000000002c70000)]

Stack: [0x0000000002b70000,0x0000000002c70000]
[error occurred during error reporting (printing stack bounds), id 0xc0000005]

Native frames: (J=compiled Java code, j=interpreted, Vv=VM code, C=native code)


---------------  P R O C E S S  ---------------

Java Threads: ( => current thread )

Other Threads:

=>0x0000000002c96000 (exited) JavaThread "Unknown thread" [_thread_in_vm, id=12232, stack(0x0000000002b70000,0x0000000002c70000)]

VM state:not at safepoint (normal execution)

VM Mutex/Monitor currently owned by a thread: None

heap address: 0x0000000082600000, size: 2010 MB, Compressed Oops mode: 32-bit
Narrow klass base: 0x0000000000000000, Narrow klass shift: 3
Compressed class space size: 1073741824 Address: 0x0000000100000000

Heap:
 PSYoungGen      total 37888K, used 655K [0x00000000d6200000, 0x00000000d8c00000, 0x0000000100000000)
  eden space 32768K, 2% used [0x00000000d6200000,0x00000000d62a3d80,0x00000000d8200000)
  from space 5120K, 0% used [0x00000000d8700000,0x00000000d8700000,0x00000000d8c00000)
  to   space 5120K, 0% used [0x00000000d8200000,0x00000000d8200000,0x00000000d8700000)
 ParOldGen       total 86016K, used 0K [0x0000000082600000, 0x0000000087a00000, 0x00000000d6200000)
  object space 86016K, 0% used [0x0000000082600000,0x0000000082600000,0x0000000087a00000)
 Metaspace       used 778K, capacity 4480K, committed 4480K, reserved 1056768K
  class space    used 74K, capacity 384K, committed 384K, reserved 1048576K

Card table byte_map: [0x0000000012150000,0x0000000012540000] byte_map_base: 0x0000000011d3d000

Marking Bits: (ParMarkBitMap*) 0x0000000060ad9f30
 Begin Bits: [0x0000000012fe0000, 0x0000000014f48000)
 End Bits:   [0x0000000014f48000, 0x0000000016eb0000)

Polling page: 0x0000000000d70000

CodeCache: size=245760Kb used=328Kb max_used=328Kb free=245431Kb
 bounds [0x0000000002d90000, 0x0000000003000000, 0x0000000011d90000]
 total_blobs=57 nmethods=0 adapters=38
 compilation: enabled

Compilation events (0 events):
No events

GC Heap History (0 events):
No events

Deoptimization events (0 events):
No events

Classes redefined (0 events):
No events

Internal exceptions (0 events):
No events

Events (10 events):
Event: 0.084 loading class java/lang/Short
Event: 0.085 loading class java/lang/Short done
Event: 0.085 loading class java/lang/Integer
Event: 0.085 loading class java/lang/Integer done
Event: 0.085 loading class java/lang/Long
Event: 0.086 loading class java/lang/Long done
Event: 0.089 loading class java/lang/NullPointerException
Event: 0.089 loading class java/lang/NullPointerException done
Event: 0.089 loading class java/lang/ArithmeticException
Event: 0.089 loading class java/lang/ArithmeticException done


Dynamic libraries:
0x00007ff7e96a0000 - 0x00007ff7e96d1000 	C:\Users\affe5\AppData\Local\JetBrains\Toolbox\apps\AndroidStudio\ch-0\192.5916306\jre\jre\bin\java.exe
0x00007ffd58740000 - 0x00007ffd58930000 	C:\WINDOWS\SYSTEM32\ntdll.dll
0x00007ffd58640000 - 0x00007ffd586f2000 	C:\WINDOWS\System32\KERNEL32.DLL
0x00007ffd55730000 - 0x00007ffd559d3000 	C:\WINDOWS\System32\KERNELBASE.dll
0x00007ffd568f0000 - 0x00007ffd56993000 	C:\WINDOWS\System32\ADVAPI32.dll
0x00007ffd57490000 - 0x00007ffd5752e000 	C:\WINDOWS\System32\msvcrt.dll
0x00007ffd567f0000 - 0x00007ffd56887000 	C:\WINDOWS\System32\sechost.dll
0x00007ffd579a0000 - 0x00007ffd57ac0000 	C:\WINDOWS\System32\RPCRT4.dll
0x00007ffd581f0000 - 0x00007ffd58384000 	C:\WINDOWS\System32\USER32.dll
0x00007ffd55c00000 - 0x00007ffd55c21000 	C:\WINDOWS\System32\win32u.dll
0x00007ffd57f80000 - 0x00007ffd57fa6000 	C:\WINDOWS\System32\GDI32.dll
0x00007ffd56600000 - 0x00007ffd56794000 	C:\WINDOWS\System32\gdi32full.dll
0x00007ffd559e0000 - 0x00007ffd55a7e000 	C:\WINDOWS\System32\msvcp_win.dll
0x00007ffd55a80000 - 0x00007ffd55b7a000 	C:\WINDOWS\System32\ucrtbase.dll
0x00007ffd44520000 - 0x00007ffd447a5000 	C:\WINDOWS\WinSxS\amd64_microsoft.windows.common-controls_6595b64144ccf1df_6.0.18362.418_none_e6c6b287130d565d\COMCTL32.dll
0x00007ffd57c40000 - 0x00007ffd57f76000 	C:\WINDOWS\System32\combase.dll
0x00007ffd55b80000 - 0x00007ffd55c00000 	C:\WINDOWS\System32\bcryptPrimitives.dll
0x00007ffd58610000 - 0x00007ffd5863e000 	C:\WINDOWS\System32\IMM32.DLL
0x0000000060150000 - 0x0000000060222000 	C:\Users\affe5\AppData\Local\JetBrains\Toolbox\apps\AndroidStudio\ch-0\192.5916306\jre\jre\bin\msvcr100.dll
0x0000000060310000 - 0x0000000060b56000 	C:\Users\affe5\AppData\Local\JetBrains\Toolbox\apps\AndroidStudio\ch-0\192.5916306\jre\jre\bin\server\jvm.dll
0x00007ffd58550000 - 0x00007ffd58558000 	C:\WINDOWS\System32\PSAPI.DLL
0x00007ffd3dd00000 - 0x00007ffd3dd09000 	C:\WINDOWS\SYSTEM32\WSOCK32.dll
0x00007ffd51490000 - 0x00007ffd514b4000 	C:\WINDOWS\SYSTEM32\WINMM.dll
0x00007ffd4e690000 - 0x00007ffd4e69a000 	C:\WINDOWS\SYSTEM32\VERSION.dll
0x00007ffd58020000 - 0x00007ffd5808f000 	C:\WINDOWS\System32\WS2_32.dll
0x00007ffd51170000 - 0x00007ffd5119d000 	C:\WINDOWS\SYSTEM32\WINMMBASE.dll
0x00007ffd567a0000 - 0x00007ffd567ea000 	C:\WINDOWS\System32\cfgmgr32.dll
0x00007ffd51900000 - 0x00007ffd5190f000 	C:\Users\affe5\AppData\Local\JetBrains\Toolbox\apps\AndroidStudio\ch-0\192.5916306\jre\jre\bin\verify.dll
0x00007ffd32790000 - 0x00007ffd327b9000 	C:\Users\affe5\AppData\Local\JetBrains\Toolbox\apps\AndroidStudio\ch-0\192.5916306\jre\jre\bin\java.dll
0x00007ffd311c0000 - 0x00007ffd311d6000 	C:\Users\affe5\AppData\Local\JetBrains\Toolbox\apps\AndroidStudio\ch-0\192.5916306\jre\jre\bin\zip.dll

VM Arguments:
java_command: org.jetbrains.kotlin.cli.jvm.K2JVMCompiler -Xadd-compiler-builtins -Xbuild-file=C:\Users\affe5\AppData\Local\Temp\kjps3040737873361318083app_debug.script.xml -classpath C:\Users\affe5\OneDrive\Desktop\Schule\Syp\Breaknotifier\app\build\intermediates\compile_and_runtime_not_namespaced_r_class_jar\debug\R.jar;C:\Users\affe5\.gradle\caches\transforms-2\files-2.1\b4675f335ba272da5ac1faa2d8a8c1ca\jetified-kotlin-stdlib-jdk7-1.3.11.jar;C:\Users\affe5\.gradle\caches\transforms-2\files-2.1\2f2d2e5dc2e39a6f9fbe863a43533129\jetified-lifecycle-viewmodel-ktx-2.0.0-api.jar;C:\Users\affe5\.gradle\caches\transforms-2\files-2.1\78564cfa83676f132fb0574e6e891631\jetified-kotlin-stdlib-1.3.11.jar;C:\Users\affe5\.gradle\caches\transforms-2\files-2.1\55b1ecbbbf7d7332135f67f454db97d7\jetified-kotlin-stdlib-common-1.3.11.jar;C:\Users\affe5\.gradle\caches\transforms-2\files-2.1\c9ad5b5398e87c2b3f5e83bdcd6acae8\jetified-annotations-13.0.jar;C:\Users\affe5\.gradle\caches\transforms-2\files-2.1\d9d44f1a68a5e1ce33d5456aedc476a5\appcompat-1.0.0-api.jar;C:\Users\affe5\.gradle\caches\transforms-2\files-2.1\782ff692c8cb6d3921f6ed8317920ed6\fragment-1.0.0-api.jar;C:\Users\affe5\.gradle\caches\transforms-2\files-2.1\93648511a876f487eab520ae4cb50742\vectordrawable-animated-1.0.0-api.jar;C:\Users\affe5\.gradle\caches\transforms-2\files-2.1\164c311f7ee00b622a9b1f52ed60752f\legacy-support-core-ui-1.0.0-api.jar;C:\Users\affe5\.gradle\caches\transforms-2\files-2.1\7fca4769d12b013301c29bc0693dc1a2\legacy-support-core-utils-1.0.0-api.jar;C:\Users\affe5\.gradle\caches\transforms-2\files-2.1\fb3b38bed181f6a7c9062f9126f6a041\vectordrawable-1.0.0-api.jar;C:\Users\affe5\.gradle\caches\transforms-2\files-2.1\701a2da92825707f5eec855dd2e45fb7\loader-1.0.0-api.jar;C:\Users\affe5\.gradle\caches\transforms-2\files-2.1\fbc6030f86c307ab0ed96bf7811785b6\viewpager-1.0.0-api.jar;C:\Users\affe5\.gradle\caches\transforms-2\files-2.1\8742fcf698ada980fe3e136461a79799\coordinatorlayout-1.0.0-api.jar;C:\Users\aff
java_class_path (initial): C:\Users\affe5\.gradle\caches\modules-2\files-2.1\org.jetbrains.kotlin\kotlin-compiler-embeddable\1.3.11\a8db6c14f8b8ed74aa11b8379f961587b639c571\kotlin-compiler-embeddable-1.3.11.jar;C:\Users\affe5\.gradle\caches\modules-2\files-2.1\org.jetbrains.kotlin\kotlin-reflect\1.3.11\aae7b33412715e9ed441934c4ffaad1bb80e9d36\kotlin-reflect-1.3.11.jar;C:\Users\affe5\.gradle\caches\modules-2\files-2.1\org.jetbrains.kotlin\kotlin-stdlib\1.3.11\4cbc5922a54376018307a731162ccaf3ef851a39\kotlin-stdlib-1.3.11.jar;C:\Users\affe5\.gradle\caches\modules-2\files-2.1\org.jetbrains.kotlin\kotlin-script-runtime\1.3.11\1ef3a816aeacb9cd051b3ed37e2abf88910f1503\kotlin-script-runtime-1.3.11.jar;C:\Users\affe5\.gradle\caches\modules-2\files-2.1\org.jetbrains.kotlin\kotlin-stdlib-common\1.3.11\d8b8e746e279f1c4f5e08bc14a96b82e6bb1de02\kotlin-stdlib-common-1.3.11.jar;C:\Users\affe5\.gradle\caches\modules-2\files-2.1\org.jetbrains\annotations\13.0\919f0dfe192fb4e063e7dacadee7f8bb9a2672a9\annotations-13.0.jar;C:\Users\affe5\AppData\Local\JetBrains\Toolbox\apps\AndroidStudio\ch-0\192.5916306\jre\lib\tools.jar
Launcher Type: SUN_STANDARD

Environment Variables:
JAVA_HOME=C:\Program Files\Java\jdk1.8.0_221
PATH=C:\ProgramData\DockerDesktop\version-bin;C:\Program Files\Docker\Docker\Resources\bin;D:\Program Files\AdoptOpenJDK\jdk-11.0.4.11-openj9\bin;D:\oraclexe\app\oracle\product\11.2.0\server\bin;C:\WINDOWS\system32;C:\WINDOWS;C:\WINDOWS\System32\Wbem;C:\WINDOWS\System32\WindowsPowerShell\v1.0\;C:\WINDOWS\System32\OpenSSH\;C:\Program Files\Intel\WiFi\bin\;C:\Program Files\Common Files\Intel\WirelessCommon\;D:\Program Files\nodejs\;D:\Program Files (x86)\Yarn\bin\;C:\Program Files\dotnet\;C:\Program Files\Microsoft SQL Server\130\Tools\Binn\;C:\OPT\apache-maven-3.6.2\bin;C:\Program Files\Microsoft SQL Server\Client SDK\ODBC\170\Tools\Binn\;D:\Program Files\Git\cmd;C:\Program Files\Git\cmd;C:\Users\affe5\AppData\Local\Microsoft\WindowsApps;C:\Users\affe5\AppData\Roaming\npm;C:\Users\affe5\AppData\Local\Yarn\bin;D:\Users\affe5\AppData\Local\Programs\Microsoft VS Code\bin;C:\Users\affe5\.dotnet\tools
USERNAME=affe5
OS=Windows_NT
PROCESSOR_IDENTIFIER=Intel64 Family 6 Model 142 Stepping 11, GenuineIntel



---------------  S Y S T E M  ---------------

OS: Windows 10.0 , 64 bit Build 18362 (10.0.18362.329)

CPU:total 8 (initial active 8) (4 cores per cpu, 2 threads per core) family 6 model 142 stepping 11, cmov, cx8, fxsr, mmx, sse, sse2, sse3, ssse3, sse4.1, sse4.2, popcnt, avx, avx2, aes, clmul, erms, 3dnowpref, lzcnt, ht, tsc, tscinvbit, bmi1, bmi2, adx

Memory: 4k page, physical 8230708k(939736k free), swap 8230708k(5484k free)

vm_info: OpenJDK 64-Bit Server VM (25.212-b04) for windows-amd64 JRE (1.8.0_212-release-1586-b04), built by "builder" with MS VC++ 10.0 (VS2010)

time: Thu Oct 17 10:44:05 2019
timezone: Mitteleuropäische Sommerzeit
elapsed time: 0 seconds (0d 0h 0m 0s)

