#
# There is insufficient memory for the Java Runtime Environment to continue.
# Native memory allocation (malloc) failed to allocate 2107536 bytes for Chunk::new
# Possible reasons:
#   The system is out of physical RAM or swap space
#   The process is running with CompressedOops enabled, and the Java Heap may be blocking the growth of the native heap
# Possible solutions:
#   Reduce memory load on the system
#   Increase physical memory or swap space
#   Check if swap backing store is full
#   Decrease Java heap size (-Xmx/-Xms)
#   Decrease number of Java threads
#   Decrease Java thread stack sizes (-Xss)
#   Set larger code cache with -XX:ReservedCodeCacheSize=
#   JVM is running with Unscaled Compressed Oops mode in which the Java heap is
#     placed in the first 4GB address space. The Java Heap base address is the
#     maximum limit for the native heap growth. Please use -XX:HeapBaseMinAddress
#     to set the Java Heap base and to place the Java Heap above 4GB virtual address.
# This output file may be truncated or incomplete.
#
#  Out of Memory Error (allocation.cpp:389), pid=11652, tid=0x0000000000004748
#
# JRE version: OpenJDK Runtime Environment (8.0_212-b04) (build 1.8.0_212-release-1586-b04)
# Java VM: OpenJDK 64-Bit Server VM (25.212-b04 mixed mode windows-amd64 compressed oops)
# Failed to write core dump. Minidumps are not enabled by default on client versions of Windows
#

---------------  T H R E A D  ---------------

Current thread (0x0000000018c26800):  JavaThread "C2 CompilerThread0" daemon [_thread_in_native, id=18248, stack(0x0000000019530000,0x0000000019630000)]

Stack: [0x0000000019530000,0x0000000019630000]
[error occurred during error reporting (printing stack bounds), id 0xc0000005]

Native frames: (J=compiled Java code, j=interpreted, Vv=VM code, C=native code)


Current CompileTask:
C2:   4328 1483   !   4       java.net.URLClassLoader$1::run (63 bytes)


---------------  P R O C E S S  ---------------

Java Threads: ( => current thread )
  0x0000000019d81000 JavaThread "Cache worker for file hash cache (C:\Users\affe5\OneDrive\Desktop\Schule\Syp\Breaknotifier\.gradle\5.6.1\fileHashes)" [_thread_blocked, id=9536, stack(0x00000000200c0000,0x00000000201c0000)]
  0x0000000019d7f800 JavaThread "Cache worker for journal cache (C:\Users\affe5\.gradle\caches\journal-1)" [_thread_blocked, id=10060, stack(0x000000001da80000,0x000000001db80000)]
  0x0000000019d7f000 JavaThread "File lock request listener" [_thread_in_native, id=1956, stack(0x000000001d980000,0x000000001da80000)]
  0x0000000019d82000 JavaThread "Cache worker for file hash cache (C:\Users\affe5\.gradle\caches\5.6.1\fileHashes)" [_thread_blocked, id=17684, stack(0x000000001d880000,0x000000001d980000)]
  0x000000001b4b9800 JavaThread "Thread-9" [_thread_blocked, id=7204, stack(0x000000001d580000,0x000000001d680000)]
  0x000000001b4c5800 JavaThread "Stdin handler" [_thread_blocked, id=9932, stack(0x000000001d480000,0x000000001d580000)]
  0x000000001b4b7000 JavaThread "Asynchronous log dispatcher for DefaultDaemonConnection: socket connection from /127.0.0.1:50486 to /127.0.0.1:50487" [_thread_blocked, id=18124, stack(0x000000001d280000,0x000000001d380000)]
  0x000000001b4b2000 JavaThread "Daemon worker" [_thread_in_Java, id=11208, stack(0x000000001d180000,0x000000001d280000)]
  0x000000001b420800 JavaThread "Cancel handler" [_thread_blocked, id=18360, stack(0x000000001d080000,0x000000001d180000)]
  0x000000001b3e5800 JavaThread "Handler for socket connection from /127.0.0.1:50486 to /127.0.0.1:50487" [_thread_in_native, id=18816, stack(0x000000001cd80000,0x000000001ce80000)]
  0x000000001b4a8000 JavaThread "Daemon" [_thread_blocked, id=12752, stack(0x000000001cc80000,0x000000001cd80000)]
  0x000000001b4af000 JavaThread "Daemon periodic checks" [_thread_blocked, id=11664, stack(0x000000001cb80000,0x000000001cc80000)]
  0x000000001b4ac000 JavaThread "Incoming local TCP Connector on port 50486" [_thread_in_native, id=18936, stack(0x000000001c910000,0x000000001ca10000)]
  0x0000000019b3c800 JavaThread "Daemon health stats" [_thread_blocked, id=16608, stack(0x000000001c2d0000,0x000000001c3d0000)]
  0x0000000018cc9800 JavaThread "Service Thread" daemon [_thread_blocked, id=15236, stack(0x0000000019930000,0x0000000019a30000)]
  0x0000000018c3c000 JavaThread "C1 CompilerThread3" daemon [_thread_blocked, id=3400, stack(0x0000000019830000,0x0000000019930000)]
  0x0000000018c2c800 JavaThread "C2 CompilerThread2" daemon [_thread_in_native, id=5820, stack(0x0000000019730000,0x0000000019830000)]
  0x0000000018c28000 JavaThread "C2 CompilerThread1" daemon [_thread_in_native, id=14480, stack(0x0000000019630000,0x0000000019730000)]
=>0x0000000018c26800 JavaThread "C2 CompilerThread0" daemon [_thread_in_native, id=18248, stack(0x0000000019530000,0x0000000019630000)]
  0x0000000018c34800 JavaThread "Attach Listener" daemon [_thread_blocked, id=4140, stack(0x0000000019430000,0x0000000019530000)]
  0x0000000018c33000 JavaThread "Signal Dispatcher" daemon [_thread_blocked, id=2628, stack(0x0000000019330000,0x0000000019430000)]
  0x0000000018c21000 JavaThread "Finalizer" daemon [_thread_blocked, id=3488, stack(0x0000000019100000,0x0000000019200000)]
  0x0000000018c20800 JavaThread "Reference Handler" daemon [_thread_blocked, id=12700, stack(0x0000000019000000,0x0000000019100000)]
  0x0000000002e4e000 JavaThread "main" [_thread_blocked, id=6836, stack(0x0000000002e50000,0x0000000002f50000)]

Other Threads:
  0x0000000016e08000 VMThread [stack: 0x0000000018b00000,0x0000000018c00000] [id=2300]
  0x0000000018c77800 WatcherThread [stack: 0x0000000019a30000,0x0000000019b30000] [id=12140]

VM state:not at safepoint (normal execution)

VM Mutex/Monitor currently owned by a thread: None

heap address: 0x00000000a0000000, size: 1536 MB, Compressed Oops mode: 32-bit
Narrow klass base: 0x0000000000000000, Narrow klass shift: 3
Compressed class space size: 1073741824 Address: 0x0000000100000000

Heap:
 PSYoungGen      total 37888K, used 6048K [0x00000000e0000000, 0x00000000e2a00000, 0x0000000100000000)
  eden space 32768K, 2% used [0x00000000e0000000,0x00000000e00e8028,0x00000000e2000000)
  from space 5120K, 100% used [0x00000000e2000000,0x00000000e2500000,0x00000000e2500000)
  to   space 5120K, 0% used [0x00000000e2500000,0x00000000e2500000,0x00000000e2a00000)
 ParOldGen       total 86016K, used 7373K [0x00000000a0000000, 0x00000000a5400000, 0x00000000e0000000)
  object space 86016K, 8% used [0x00000000a0000000,0x00000000a07334c0,0x00000000a5400000)
 Metaspace       used 17631K, capacity 18090K, committed 18432K, reserved 1064960K
  class space    used 2533K, capacity 2695K, committed 2816K, reserved 1048576K

Card table byte_map: [0x0000000012410000,0x0000000012720000] byte_map_base: 0x0000000011f10000

Marking Bits: (ParMarkBitMap*) 0x0000000061fc9f30
 Begin Bits: [0x0000000013120000, 0x0000000014920000)
 End Bits:   [0x0000000014920000, 0x0000000016120000)

Polling page: 0x0000000000be0000

CodeCache: size=245760Kb used=5465Kb max_used=5465Kb free=240294Kb
 bounds [0x0000000003050000, 0x00000000035b0000, 0x0000000012050000]
 total_blobs=2020 nmethods=1618 adapters=315
 compilation: enabled

Compilation events (10 events):
Event: 4.323 Thread 0x0000000018c3c000 nmethod 1612 0x000000000359e890 code [0x000000000359eb00, 0x000000000359fdb8]
Event: 4.323 Thread 0x0000000018c3c000 1614       3       java.util.TreeMap::put (247 bytes)
Event: 4.325 Thread 0x0000000018c3c000 nmethod 1614 0x00000000035a3910 code [0x00000000035a3b80, 0x00000000035a4d58]
Event: 4.325 Thread 0x0000000018c3c000 1613       3       java.lang.String::compareTo (9 bytes)
Event: 4.325 Thread 0x0000000018c3c000 nmethod 1613 0x000000000359e390 code [0x000000000359e500, 0x000000000359e7e8]
Event: 4.325 Thread 0x0000000018c3c000 1615       3       java.lang.Integer::valueOf (32 bytes)
Event: 4.326 Thread 0x0000000018c3c000 nmethod 1615 0x000000000359dd10 code [0x000000000359de80, 0x000000000359e1d0]
Event: 4.326 Thread 0x0000000018c3c000 1616       1       java.util.TreeMap::access$100 (5 bytes)
Event: 4.326 Thread 0x0000000018c3c000 nmethod 1616 0x000000000359da50 code [0x000000000359dba0, 0x000000000359dc90]
Event: 4.326 Thread 0x0000000018c3c000 1617       3       org.gradle.internal.reflect.PropertyAccessorType::of (95 bytes)

GC Heap History (10 events):
Event: 1.090 GC heap before
{Heap before GC invocations=1 (full 0):
 PSYoungGen      total 37888K, used 32768K [0x00000000e0000000, 0x00000000e2a00000, 0x0000000100000000)
  eden space 32768K, 100% used [0x00000000e0000000,0x00000000e2000000,0x00000000e2000000)
  from space 5120K, 0% used [0x00000000e2500000,0x00000000e2500000,0x00000000e2a00000)
  to   space 5120K, 0% used [0x00000000e2000000,0x00000000e2000000,0x00000000e2500000)
 ParOldGen       total 86016K, used 0K [0x00000000a0000000, 0x00000000a5400000, 0x00000000e0000000)
  object space 86016K, 0% used [0x00000000a0000000,0x00000000a0000000,0x00000000a5400000)
 Metaspace       used 7022K, capacity 7308K, committed 7424K, reserved 1056768K
  class space    used 855K, capacity 912K, committed 1024K, reserved 1048576K
Event: 1.097 GC heap after
Heap after GC invocations=1 (full 0):
 PSYoungGen      total 37888K, used 4458K [0x00000000e0000000, 0x00000000e2a00000, 0x0000000100000000)
  eden space 32768K, 0% used [0x00000000e0000000,0x00000000e0000000,0x00000000e2000000)
  from space 5120K, 87% used [0x00000000e2000000,0x00000000e245a9c8,0x00000000e2500000)
  to   space 5120K, 0% used [0x00000000e2500000,0x00000000e2500000,0x00000000e2a00000)
 ParOldGen       total 86016K, used 8K [0x00000000a0000000, 0x00000000a5400000, 0x00000000e0000000)
  object space 86016K, 0% used [0x00000000a0000000,0x00000000a0002000,0x00000000a5400000)
 Metaspace       used 7022K, capacity 7308K, committed 7424K, reserved 1056768K
  class space    used 855K, capacity 912K, committed 1024K, reserved 1048576K
}
Event: 1.461 GC heap before
{Heap before GC invocations=2 (full 0):
 PSYoungGen      total 37888K, used 37226K [0x00000000e0000000, 0x00000000e2a00000, 0x0000000100000000)
  eden space 32768K, 100% used [0x00000000e0000000,0x00000000e2000000,0x00000000e2000000)
  from space 5120K, 87% used [0x00000000e2000000,0x00000000e245a9c8,0x00000000e2500000)
  to   space 5120K, 0% used [0x00000000e2500000,0x00000000e2500000,0x00000000e2a00000)
 ParOldGen       total 86016K, used 8K [0x00000000a0000000, 0x00000000a5400000, 0x00000000e0000000)
  object space 86016K, 0% used [0x00000000a0000000,0x00000000a0002000,0x00000000a5400000)
 Metaspace       used 7344K, capacity 7622K, committed 7936K, reserved 1056768K
  class space    used 902K, capacity 953K, committed 1024K, reserved 1048576K
Event: 1.465 GC heap after
Heap after GC invocations=2 (full 0):
 PSYoungGen      total 37888K, used 3469K [0x00000000e0000000, 0x00000000e2a00000, 0x0000000100000000)
  eden space 32768K, 0% used [0x00000000e0000000,0x00000000e0000000,0x00000000e2000000)
  from space 5120K, 67% used [0x00000000e2500000,0x00000000e28636d0,0x00000000e2a00000)
  to   space 5120K, 0% used [0x00000000e2000000,0x00000000e2000000,0x00000000e2500000)
 ParOldGen       total 86016K, used 16K [0x00000000a0000000, 0x00000000a5400000, 0x00000000e0000000)
  object space 86016K, 0% used [0x00000000a0000000,0x00000000a0004000,0x00000000a5400000)
 Metaspace       used 7344K, capacity 7622K, committed 7936K, reserved 1056768K
  class space    used 902K, capacity 953K, committed 1024K, reserved 1048576K
}
Event: 3.358 GC heap before
{Heap before GC invocations=3 (full 0):
 PSYoungGen      total 37888K, used 36237K [0x00000000e0000000, 0x00000000e2a00000, 0x0000000100000000)
  eden space 32768K, 100% used [0x00000000e0000000,0x00000000e2000000,0x00000000e2000000)
  from space 5120K, 67% used [0x00000000e2500000,0x00000000e28636d0,0x00000000e2a00000)
  to   space 5120K, 0% used [0x00000000e2000000,0x00000000e2000000,0x00000000e2500000)
 ParOldGen       total 86016K, used 16K [0x00000000a0000000, 0x00000000a5400000, 0x00000000e0000000)
  object space 86016K, 0% used [0x00000000a0000000,0x00000000a0004000,0x00000000a5400000)
 Metaspace       used 12347K, capacity 12822K, committed 13184K, reserved 1060864K
  class space    used 1655K, capacity 1807K, committed 1920K, reserved 1048576K
Event: 3.365 GC heap after
Heap after GC invocations=3 (full 0):
 PSYoungGen      total 37888K, used 5104K [0x00000000e0000000, 0x00000000e2a00000, 0x0000000100000000)
  eden space 32768K, 0% used [0x00000000e0000000,0x00000000e0000000,0x00000000e2000000)
  from space 5120K, 99% used [0x00000000e2000000,0x00000000e24fc010,0x00000000e2500000)
  to   space 5120K, 0% used [0x00000000e2500000,0x00000000e2500000,0x00000000e2a00000)
 ParOldGen       total 86016K, used 1466K [0x00000000a0000000, 0x00000000a5400000, 0x00000000e0000000)
  object space 86016K, 1% used [0x00000000a0000000,0x00000000a016eb40,0x00000000a5400000)
 Metaspace       used 12347K, capacity 12822K, committed 13184K, reserved 1060864K
  class space    used 1655K, capacity 1807K, committed 1920K, reserved 1048576K
}
Event: 3.775 GC heap before
{Heap before GC invocations=4 (full 0):
 PSYoungGen      total 37888K, used 37872K [0x00000000e0000000, 0x00000000e2a00000, 0x0000000100000000)
  eden space 32768K, 100% used [0x00000000e0000000,0x00000000e2000000,0x00000000e2000000)
  from space 5120K, 99% used [0x00000000e2000000,0x00000000e24fc010,0x00000000e2500000)
  to   space 5120K, 0% used [0x00000000e2500000,0x00000000e2500000,0x00000000e2a00000)
 ParOldGen       total 86016K, used 1466K [0x00000000a0000000, 0x00000000a5400000, 0x00000000e0000000)
  object space 86016K, 1% used [0x00000000a0000000,0x00000000a016eb40,0x00000000a5400000)
 Metaspace       used 14691K, capacity 15102K, committed 15232K, reserved 1062912K
  class space    used 2054K, capacity 2163K, committed 2176K, reserved 1048576K
Event: 3.782 GC heap after
Heap after GC invocations=4 (full 0):
 PSYoungGen      total 37888K, used 5104K [0x00000000e0000000, 0x00000000e2a00000, 0x0000000100000000)
  eden space 32768K, 0% used [0x00000000e0000000,0x00000000e0000000,0x00000000e2000000)
  from space 5120K, 99% used [0x00000000e2500000,0x00000000e29fc030,0x00000000e2a00000)
  to   space 5120K, 0% used [0x00000000e2000000,0x00000000e2000000,0x00000000e2500000)
 ParOldGen       total 86016K, used 4012K [0x00000000a0000000, 0x00000000a5400000, 0x00000000e0000000)
  object space 86016K, 4% used [0x00000000a0000000,0x00000000a03eb0c8,0x00000000a5400000)
 Metaspace       used 14691K, capacity 15102K, committed 15232K, reserved 1062912K
  class space    used 2054K, capacity 2163K, committed 2176K, reserved 1048576K
}
Event: 4.301 GC heap before
{Heap before GC invocations=5 (full 0):
 PSYoungGen      total 37888K, used 37872K [0x00000000e0000000, 0x00000000e2a00000, 0x0000000100000000)
  eden space 32768K, 100% used [0x00000000e0000000,0x00000000e2000000,0x00000000e2000000)
  from space 5120K, 99% used [0x00000000e2500000,0x00000000e29fc030,0x00000000e2a00000)
  to   space 5120K, 0% used [0x00000000e2000000,0x00000000e2000000,0x00000000e2500000)
 ParOldGen       total 86016K, used 4012K [0x00000000a0000000, 0x00000000a5400000, 0x00000000e0000000)
  object space 86016K, 4% used [0x00000000a0000000,0x00000000a03eb0c8,0x00000000a5400000)
 Metaspace       used 17502K, capacity 17930K, committed 18048K, reserved 1064960K
  class space    used 2519K, capacity 2663K, committed 2688K, reserved 1048576K
Event: 4.313 GC heap after
Heap after GC invocations=5 (full 0):
 PSYoungGen      total 37888K, used 5120K [0x00000000e0000000, 0x00000000e2a00000, 0x0000000100000000)
  eden space 32768K, 0% used [0x00000000e0000000,0x00000000e0000000,0x00000000e2000000)
  from space 5120K, 100% used [0x00000000e2000000,0x00000000e2500000,0x00000000e2500000)
  to   space 5120K, 0% used [0x00000000e2500000,0x00000000e2500000,0x00000000e2a00000)
 ParOldGen       total 86016K, used 7373K [0x00000000a0000000, 0x00000000a5400000, 0x00000000e0000000)
  object space 86016K, 8% used [0x00000000a0000000,0x00000000a07334c0,0x00000000a5400000)
 Metaspace       used 17502K, capacity 17930K, committed 18048K, reserved 1064960K
  class space    used 2519K, capacity 2663K, committed 2688K, reserved 1048576K
}

Deoptimization events (10 events):
Event: 3.269 Thread 0x000000001b4b2000 Uncommon trap: reason=bimorphic action=maybe_recompile pc=0x0000000003294f74 method=java.util.HashMap.putVal(ILjava/lang/Object;Ljava/lang/Object;ZZ)Ljava/lang/Object; @ 253
Event: 3.270 Thread 0x000000001b4b2000 Uncommon trap: reason=bimorphic action=maybe_recompile pc=0x0000000003294f74 method=java.util.HashMap.putVal(ILjava/lang/Object;Ljava/lang/Object;ZZ)Ljava/lang/Object; @ 253
Event: 3.270 Thread 0x000000001b4b2000 Uncommon trap: reason=bimorphic action=maybe_recompile pc=0x0000000003294f74 method=java.util.HashMap.putVal(ILjava/lang/Object;Ljava/lang/Object;ZZ)Ljava/lang/Object; @ 253
Event: 3.270 Thread 0x000000001b4b2000 Uncommon trap: reason=bimorphic action=maybe_recompile pc=0x0000000003293b2c method=java.util.HashMap.putVal(ILjava/lang/Object;Ljava/lang/Object;ZZ)Ljava/lang/Object; @ 253
Event: 3.584 Thread 0x000000001b4b2000 Uncommon trap: reason=class_check action=maybe_recompile pc=0x000000000331d6d8 method=java.util.regex.Matcher.match(II)Z @ 86
Event: 3.601 Thread 0x000000001b4b2000 Uncommon trap: reason=class_check action=maybe_recompile pc=0x000000000331d6d8 method=java.util.regex.Matcher.match(II)Z @ 86
Event: 3.601 Thread 0x000000001b4b2000 Uncommon trap: reason=class_check action=maybe_recompile pc=0x000000000331d6d8 method=java.util.regex.Matcher.match(II)Z @ 86
Event: 3.601 Thread 0x000000001b4b2000 Uncommon trap: reason=class_check action=maybe_recompile pc=0x00000000031b755c method=java.util.regex.Matcher.match(II)Z @ 86
Event: 3.928 Thread 0x000000001b4b2000 Uncommon trap: reason=unstable_if action=reinterpret pc=0x00000000034cc274 method=java.lang.String.lastIndexOf([CII[CIII)I @ 66
Event: 4.059 Thread 0x000000001b4b2000 Uncommon trap: reason=unstable_if action=reinterpret pc=0x00000000034c912c method=java.util.HashMap.putVal(ILjava/lang/Object;Ljava/lang/Object;ZZ)Ljava/lang/Object; @ 236

Classes redefined (0 events):
No events

Internal exceptions (10 events):
Event: 3.196 Thread 0x000000001b3e5800 Exception <a 'java/lang/NoSuchMethodError': <clinit>> (0x00000000e18b1d60) thrown at [D:\src\AOSP-openjdk-cygwin\jdk8u\hotspot\src\share\vm\prims\jni.cpp, line 1614]
Event: 3.200 Thread 0x000000001b3e5800 Exception <a 'java/lang/NoSuchMethodError': <clinit>> (0x00000000e18c9d30) thrown at [D:\src\AOSP-openjdk-cygwin\jdk8u\hotspot\src\share\vm\prims\jni.cpp, line 1614]
Event: 3.202 Thread 0x000000001b3e5800 Exception <a 'java/lang/NoSuchMethodError': <clinit>> (0x00000000e18d29c0) thrown at [D:\src\AOSP-openjdk-cygwin\jdk8u\hotspot\src\share\vm\prims\jni.cpp, line 1614]
Event: 3.206 Thread 0x000000001b3e5800 Exception <a 'java/lang/NoSuchMethodError': <clinit>> (0x00000000e18e9008) thrown at [D:\src\AOSP-openjdk-cygwin\jdk8u\hotspot\src\share\vm\prims\jni.cpp, line 1614]
Event: 3.225 Thread 0x000000001b3e5800 Exception <a 'java/lang/NoSuchMethodError': <clinit>> (0x00000000e19539a0) thrown at [D:\src\AOSP-openjdk-cygwin\jdk8u\hotspot\src\share\vm\prims\jni.cpp, line 1614]
Event: 3.234 Thread 0x000000001b3e5800 Exception <a 'java/lang/NoSuchMethodError': <clinit>> (0x00000000e19804d8) thrown at [D:\src\AOSP-openjdk-cygwin\jdk8u\hotspot\src\share\vm\prims\jni.cpp, line 1614]
Event: 3.239 Thread 0x000000001b3e5800 Exception <a 'java/lang/NoSuchMethodError': <clinit>> (0x00000000e199dc90) thrown at [D:\src\AOSP-openjdk-cygwin\jdk8u\hotspot\src\share\vm\prims\jni.cpp, line 1614]
Event: 3.888 Thread 0x000000001b4b2000 Exception <a 'java/lang/NoSuchMethodError': java.lang.Object.lambda$and$0(Ljava/util/function/Predicate;Ljava/lang/Object;)Z> (0x00000000e0883608) thrown at [D:\src\AOSP-openjdk-cygwin\jdk8u\hotspot\src\share\vm\interpreter\linkResolver.cpp, line 620]
Event: 3.897 Thread 0x000000001b4b2000 Exception <a 'java/lang/IncompatibleClassChangeError': Found class java.lang.Object, but interface was expected> (0x00000000e08998f8) thrown at [D:\src\AOSP-openjdk-cygwin\jdk8u\hotspot\src\share\vm\interpreter\linkResolver.cpp, line 653]
Event: 3.901 Thread 0x000000001b4b2000 Exception <a 'java/lang/NoSuchMethodError': java.lang.Object.lambda$or$2(Ljava/util/function/Predicate;Ljava/lang/Object;)Z> (0x00000000e089e808) thrown at [D:\src\AOSP-openjdk-cygwin\jdk8u\hotspot\src\share\vm\interpreter\linkResolver.cpp, line 620]

Events (10 events):
Event: 4.322 loading class org/gradle/configuration/ConfigurationTargetIdentifier
Event: 4.322 loading class org/gradle/configuration/ConfigurationTargetIdentifier done
Event: 4.323 loading class org/gradle/api/plugins/PluginContainer
Event: 4.323 loading class org/gradle/api/plugins/PluginContainer done
Event: 4.323 loading class org/gradle/api/plugins/PluginCollection
Event: 4.323 loading class org/gradle/api/plugins/PluginCollection done
Event: 4.323 loading class org/gradle/api/DomainObjectSet
Event: 4.323 loading class org/gradle/api/DomainObjectSet done
Event: 4.323 loading class org/gradle/api/DomainObjectCollection
Event: 4.323 loading class org/gradle/api/DomainObjectCollection done


Dynamic libraries:
0x00007ff7b6ba0000 - 0x00007ff7b6bd1000 	C:\Users\affe5\AppData\Local\JetBrains\Toolbox\apps\AndroidStudio\ch-1\192.5916306\jre\bin\java.exe
0x00007ffd54720000 - 0x00007ffd54910000 	C:\WINDOWS\SYSTEM32\ntdll.dll
0x00007ffd53110000 - 0x00007ffd531c2000 	C:\WINDOWS\System32\KERNEL32.DLL
0x00007ffd521c0000 - 0x00007ffd52463000 	C:\WINDOWS\System32\KERNELBASE.dll
0x00007ffd538e0000 - 0x00007ffd53983000 	C:\WINDOWS\System32\ADVAPI32.dll
0x00007ffd53710000 - 0x00007ffd537ae000 	C:\WINDOWS\System32\msvcrt.dll
0x00007ffd53990000 - 0x00007ffd53a27000 	C:\WINDOWS\System32\sechost.dll
0x00007ffd53580000 - 0x00007ffd536a0000 	C:\WINDOWS\System32\RPCRT4.dll
0x00007ffd53380000 - 0x00007ffd53514000 	C:\WINDOWS\System32\USER32.dll
0x00007ffd516b0000 - 0x00007ffd516d1000 	C:\WINDOWS\System32\win32u.dll
0x00007ffd53fb0000 - 0x00007ffd53fd6000 	C:\WINDOWS\System32\GDI32.dll
0x00007ffd52470000 - 0x00007ffd52604000 	C:\WINDOWS\System32\gdi32full.dll
0x00007ffd516e0000 - 0x00007ffd5177e000 	C:\WINDOWS\System32\msvcp_win.dll
0x00007ffd520c0000 - 0x00007ffd521ba000 	C:\WINDOWS\System32\ucrtbase.dll
0x00007ffd37fa0000 - 0x00007ffd38225000 	C:\WINDOWS\WinSxS\amd64_microsoft.windows.common-controls_6595b64144ccf1df_6.0.18362.418_none_e6c6b287130d565d\COMCTL32.dll
0x00007ffd527d0000 - 0x00007ffd52b06000 	C:\WINDOWS\System32\combase.dll
0x00007ffd52010000 - 0x00007ffd52090000 	C:\WINDOWS\System32\bcryptPrimitives.dll
0x00007ffd52b10000 - 0x00007ffd52b3e000 	C:\WINDOWS\System32\IMM32.DLL
0x0000000062410000 - 0x00000000624e2000 	C:\Users\affe5\AppData\Local\JetBrains\Toolbox\apps\AndroidStudio\ch-1\192.5916306\jre\jre\bin\msvcr100.dll
0x0000000061800000 - 0x0000000062046000 	C:\Users\affe5\AppData\Local\JetBrains\Toolbox\apps\AndroidStudio\ch-1\192.5916306\jre\jre\bin\server\jvm.dll
0x00007ffd53d70000 - 0x00007ffd53d78000 	C:\WINDOWS\System32\PSAPI.DLL
0x00007ffd4a450000 - 0x00007ffd4a45a000 	C:\WINDOWS\SYSTEM32\VERSION.dll
0x00007ffd37720000 - 0x00007ffd37729000 	C:\WINDOWS\SYSTEM32\WSOCK32.dll
0x00007ffd4da10000 - 0x00007ffd4da34000 	C:\WINDOWS\SYSTEM32\WINMM.dll
0x00007ffd4d6b0000 - 0x00007ffd4d6dd000 	C:\WINDOWS\SYSTEM32\WINMMBASE.dll
0x00007ffd52780000 - 0x00007ffd527ca000 	C:\WINDOWS\System32\cfgmgr32.dll
0x00007ffd53c50000 - 0x00007ffd53cbf000 	C:\WINDOWS\System32\WS2_32.dll
0x00007ffd4db00000 - 0x00007ffd4db0f000 	C:\Users\affe5\AppData\Local\JetBrains\Toolbox\apps\AndroidStudio\ch-1\192.5916306\jre\jre\bin\verify.dll
0x00007ffd4b840000 - 0x00007ffd4b869000 	C:\Users\affe5\AppData\Local\JetBrains\Toolbox\apps\AndroidStudio\ch-1\192.5916306\jre\jre\bin\java.dll
0x00007ffd4baf0000 - 0x00007ffd4bb06000 	C:\Users\affe5\AppData\Local\JetBrains\Toolbox\apps\AndroidStudio\ch-1\192.5916306\jre\jre\bin\zip.dll
0x00007ffd53fe0000 - 0x00007ffd546c5000 	C:\WINDOWS\System32\SHELL32.dll
0x00007ffd53cc0000 - 0x00007ffd53d69000 	C:\WINDOWS\System32\shcore.dll
0x00007ffd51780000 - 0x00007ffd51eff000 	C:\WINDOWS\System32\windows.storage.dll
0x00007ffd51670000 - 0x00007ffd5168f000 	C:\WINDOWS\System32\profapi.dll
0x00007ffd51620000 - 0x00007ffd5166a000 	C:\WINDOWS\System32\powrprof.dll
0x00007ffd515f0000 - 0x00007ffd51600000 	C:\WINDOWS\System32\UMPDC.dll
0x00007ffd53af0000 - 0x00007ffd53b42000 	C:\WINDOWS\System32\shlwapi.dll
0x00007ffd51600000 - 0x00007ffd51611000 	C:\WINDOWS\System32\kernel.appcore.dll
0x00007ffd52760000 - 0x00007ffd52777000 	C:\WINDOWS\System32\cryptsp.dll
0x00007ffd4b5b0000 - 0x00007ffd4b5ca000 	C:\Users\affe5\AppData\Local\JetBrains\Toolbox\apps\AndroidStudio\ch-1\192.5916306\jre\jre\bin\net.dll
0x00007ffd42350000 - 0x00007ffd42526000 	C:\WINDOWS\SYSTEM32\urlmon.dll
0x00007ffd420a0000 - 0x00007ffd42346000 	C:\WINDOWS\SYSTEM32\iertutil.dll
0x00007ffd50f90000 - 0x00007ffd50f9c000 	C:\WINDOWS\SYSTEM32\CRYPTBASE.DLL
0x00007ffd50e10000 - 0x00007ffd50e77000 	C:\WINDOWS\system32\mswsock.dll
0x00007ffd4b590000 - 0x00007ffd4b5a3000 	C:\Users\affe5\AppData\Local\JetBrains\Toolbox\apps\AndroidStudio\ch-1\192.5916306\jre\jre\bin\nio.dll
0x00007ffd324e0000 - 0x00007ffd32506000 	C:\Users\affe5\.gradle\native\30\windows-amd64\native-platform.dll
0x00007ffd4cf50000 - 0x00007ffd4cf5d000 	C:\Users\affe5\AppData\Local\JetBrains\Toolbox\apps\AndroidStudio\ch-1\192.5916306\jre\jre\bin\management.dll
0x00007ffd50990000 - 0x00007ffd509c3000 	C:\WINDOWS\system32\rsaenh.dll
0x00007ffd52090000 - 0x00007ffd520b6000 	C:\WINDOWS\System32\bcrypt.dll
0x00007ffd51510000 - 0x00007ffd51535000 	C:\WINDOWS\SYSTEM32\USERENV.dll
0x00007ffd50b30000 - 0x00007ffd50b6a000 	C:\WINDOWS\SYSTEM32\IPHLPAPI.DLL
0x00007ffd546d0000 - 0x00007ffd546d8000 	C:\WINDOWS\System32\NSI.dll
0x00007ffd42c00000 - 0x00007ffd42c16000 	C:\WINDOWS\SYSTEM32\dhcpcsvc6.DLL
0x00007ffd42be0000 - 0x00007ffd42bfc000 	C:\WINDOWS\SYSTEM32\dhcpcsvc.DLL
0x00007ffd50b70000 - 0x00007ffd50c3a000 	C:\WINDOWS\SYSTEM32\DNSAPI.dll

VM Arguments:
jvm_args: -Xmx1536m -Dfile.encoding=windows-1252 -Duser.country=AT -Duser.language=de -Duser.variant 
java_command: org.gradle.launcher.daemon.bootstrap.GradleDaemon 5.6.1
java_class_path (initial): C:\Users\affe5\.gradle\wrapper\dists\gradle-5.6.1-all\805usxkvhgx6e1wbo8o64g0tx\gradle-5.6.1\lib\gradle-launcher-5.6.1.jar
Launcher Type: SUN_STANDARD

Environment Variables:
JAVA_HOME=C:\Program Files\Java\jdk1.8.0_221
PATH=C:\ProgramData\DockerDesktop\version-bin;C:\Program Files\Docker\Docker\Resources\bin;D:\Program Files\AdoptOpenJDK\jdk-11.0.4.11-openj9\bin;D:\oraclexe\app\oracle\product\11.2.0\server\bin;C:\WINDOWS\system32;C:\WINDOWS;C:\WINDOWS\System32\Wbem;C:\WINDOWS\System32\WindowsPowerShell\v1.0\;C:\WINDOWS\System32\OpenSSH\;C:\Program Files\Intel\WiFi\bin\;C:\Program Files\Common Files\Intel\WirelessCommon\;D:\Program Files\nodejs\;D:\Program Files (x86)\Yarn\bin\;C:\Program Files\dotnet\;C:\Program Files\Microsoft SQL Server\130\Tools\Binn\;C:\OPT\apache-maven-3.6.2\bin;C:\Program Files\Microsoft SQL Server\Client SDK\ODBC\170\Tools\Binn\;D:\Program Files\Git\cmd;C:\Users\affe5\AppData\Local\Microsoft\WindowsApps;C:\Users\affe5\AppData\Roaming\npm;C:\Users\affe5\AppData\Local\Yarn\bin;D:\Users\affe5\AppData\Local\Programs\Microsoft VS Code\bin;C:\Users\affe5\.dotnet\tools
USERNAME=affe5
OS=Windows_NT
PROCESSOR_IDENTIFIER=Intel64 Family 6 Model 142 Stepping 11, GenuineIntel



---------------  S Y S T E M  ---------------

OS: Windows 10.0 , 64 bit Build 18362 (10.0.18362.329)

CPU:total 8 (initial active 8) (4 cores per cpu, 2 threads per core) family 6 model 142 stepping 11, cmov, cx8, fxsr, mmx, sse, sse2, sse3, ssse3, sse4.1, sse4.2, popcnt, avx, avx2, aes, clmul, erms, 3dnowpref, lzcnt, ht, tsc, tscinvbit, bmi1, bmi2, adx

Memory: 4k page, physical 8230708k(852444k free), swap 8230708k(5964k free)

vm_info: OpenJDK 64-Bit Server VM (25.212-b04) for windows-amd64 JRE (1.8.0_212-release-1586-b04), built by "builder" with MS VC++ 10.0 (VS2010)

time: Thu Oct 17 09:26:58 2019
timezone: Mitteleuropäische Sommerzeit
elapsed time: 4 seconds (0d 0h 0m 4s)

